#
# There is insufficient memory for the Java Runtime Environment to continue.
# Native memory allocation (mmap) failed to map 202375168 bytes for G1 virtual space
# Possible reasons:
#   The system is out of physical RAM or swap space
#   The process is running with CompressedOops enabled, and the Java Heap may be blocking the growth of the native heap
# Possible solutions:
#   Reduce memory load on the system
#   Increase physical memory or swap space
#   Check if swap backing store is full
#   Decrease Java heap size (-Xmx/-Xms)
#   Decrease number of Java threads
#   Decrease Java thread stack sizes (-Xss)
#   Set larger code cache with -XX:ReservedCodeCacheSize=
#   JVM is running with Unscaled Compressed Oops mode in which the Java heap is
#     placed in the first 4GB address space. The Java Heap base address is the
#     maximum limit for the native heap growth. Please use -XX:HeapBaseMinAddress
#     to set the Java Heap base and to place the Java Heap above 4GB virtual address.
# This output file may be truncated or incomplete.
#
#  Out of Memory Error (os_windows.cpp:3559), pid=3880, tid=4516
#
# JRE version: OpenJDK Runtime Environment Temurin-17.0.7+7 (17.0.7+7) (build 17.0.7+7)
# Java VM: OpenJDK 64-Bit Server VM Temurin-17.0.7+7 (17.0.7+7, mixed mode, tiered, compressed oops, compressed class ptrs, g1 gc, windows-amd64)
# No core dump will be written. Minidumps are not enabled by default on client versions of Windows
#

---------------  S U M M A R Y ------------

Command Line: -Dgroovy.home=C:\Users\Admin/.groovy -Djava.system.class.loader=groovy.lang.GroovyClassLoader -Xmx2048m -Dfile.encoding=UTF-8 -XX:+ShowCodeDetailsInExceptionMessages org.codehaus.groovy.tools.GroovyStarter --classpath C:\Users\Admin\Katalon Studio\Lab02\bin\keyword;C:\Users\Admin\Katalon Studio\Lab02\Keywords;C:\Users\Admin\Katalon Studio\Lab02\bin\listener;C:\Users\Admin\Katalon Studio\Lab02\Test Listeners;C:\Users\Admin\Katalon Studio\Lab02\bin\lib;C:\Users\Admin\Katalon Studio\Lab02\Libs;C:\Users\Admin\Katalon Studio\Lab02\bin\groovy;C:\Users\Admin\Katalon Studio\Lab02\Include\scripts\groovy;C:\Users\Admin\.katalon\packages\Katalon_Studio_Windows_64-9.3.1\Katalon_Studio_Windows_64-9.3.1\plugins\com.kms.katalon.core_1.0.0.202402280646.jar;C:\Users\Admin\.katalon\packages\Katalon_Studio_Windows_64-9.3.1\Katalon_Studio_Windows_64-9.3.1\configuration\resources\lib\aalto-xml-1.0.0.jar;C:\Users\Admin\.katalon\packages\Katalon_Studio_Windows_64-9.3.1\Katalon_Studio_Windows_64-9.3.1\configuration\resources\lib\aspectjweaver-1.9.1.jar;C:\Users\Admin\.katalon\packages\Katalon_Studio_Windows_64-9.3.1\Katalon_Studio_Windows_64-9.3.1\configuration\resources\lib\bcpkix-jdk15on-1.64.jar;C:\Users\Admin\.katalon\packages\Katalon_Studio_Windows_64-9.3.1\Katalon_Studio_Windows_64-9.3.1\configuration\resources\lib\bcprov-jdk15on-1.64.jar;C:\Users\Admin\.katalon\packages\Katalon_Studio_Windows_64-9.3.1\Katalon_Studio_Windows_64-9.3.1\configuration\resources\lib\browsermob-core-2.1.5.jar;C:\Users\Admin\.katalon\packages\Katalon_Studio_Windows_64-9.3.1\Katalon_Studio_Windows_64-9.3.1\configuration\resources\lib\cglib-3.2.10.jar;C:\Users\Admin\.katalon\packages\Katalon_Studio_Windows_64-9.3.1\Katalon_Studio_Windows_64-9.3.1\configuration\resources\lib\commons-codec-1.10.jar;C:\Users\Admin\.katalon\packages\Katalon_Studio_Windows_64-9.3.1\Katalon_Studio_Windows_64-9.3.1\configuration\resources\lib\commons-collections4-4.1.jar;C:\Users\Admin\.katalon\packages\Katalon_Studio_Windows_64-9.3.1\Katalon_Studio_Windows_64-9.3.1\configuration\resources\lib\commons-validator-1.6.jar;C:\Users\Admin\.katalon\packages\Katalon_Studio_Windows_64-9.3.1\Katalon_Studio_Windows_64-9.3.1\configuration\resources\lib\curvesapi-1.04.jar;C:\Users\Admin\.katalon\packages\Katalon_Studio_Windows_64-9.3.1\Katalon_Studio_Windows_64-9.3.1\configuration\resources\lib\dnsjava-2.1.8.jar;C:\Users\Admin\.katalon\packages\Katalon_Studio_Windows_64-9.3.1\Katalon_Studio_Windows_64-9.3.1\configuration\resources\lib\groovy-ant-3.0.17.jar;C:\Users\Admin\.katalon\packages\Katalon_Studio_Windows_64-9.3.1\Katalon_Studio_Windows_64-9.3.1\configuration\resources\lib\groovy-astbuilder-3.0.17.jar;C:\Users\Admin\.katalon\packages\Katalon_Studio_Windows_64-9.3.1\Katalon_Studio_Windows_64-9.3.1\configuration\resources\lib\groovy-cli-picocli-3.0.17.jar;C:\Users\Admin\.katalon\packages\Katalon_Studio_Windows_64-9.3.1\Katalon_Studio_Windows_64-9.3.1\configuration\resources\lib\groovy-console-3.0.17.jar;C:\Users\Admin\.katalon\packages\Katalon_Studio_Windows_64-9.3.1\Katalon_Studio_Windows_64-9.3.1\configuration\resources\lib\groovy-datetime-3.0.17.jar;C:\Users\Admin\.katalon\packages\Katalon_Studio_Windows_64-9.3.1\Katalon_Studio_Windows_64-9.3.1\configuration\resources\lib\groovy-dateutil-3.0.17.jar;C:\Users\Admin\.katalon\packages\Katalon_Studio_Windows_64-9.3.1\Katalon_Studio_Windows_64-9.3.1\configuration\resources\lib\groovy-docgenerator-3.0.17.jar;C:\Users\Admin\.katalon\packages\Katalon_Studio_Windows_64-9.3.1\Katalon_Studio_Windows_64-9.3.1\configuration\resources\lib\groovy-groovydoc-3.0.17.jar;C:\Users\Admin\.katalon\packages\Katalon_Studio_Windows_64-9.3.1\Katalon_Studio_Windows_64-9.3.1\configuration\resources\lib\groovy-groovysh-3.0.17.jar;C:\Users\Admin\.katalon\packages\Katalon_Studio_Windows_64-9.3.1\Katalon_Studio_Windows_64-9.3.1\configuration\resources\lib\groovy-jmx-3.0.17.jar;C:\Users\Admin\.katalon\packages\Katalon_Studio_Windows_64-9.3.1\Katalon_Studio_Windows_64-9.3.1\configuration\resources\lib\groovy-json-3.0.17.jar;C:\Users\Admin\.katalon\packages\Katalon_Studio_Windows_64-9.3.1\Katalon_Studio_Windows_64-9.3.1\configuration\resources\lib\groovy-jsr223-3.0.17.jar;C:\Users\Admin\.katalon\packages\Katalon_Studio_Windows_64-9.3.1\Katalon_Studio_Windows_64-9.3.1\configuration\resources\lib\groovy-macro-3.0.17.jar;C:\Users\Admin\.katalon\packages\Katalon_Studio_Windows_64-9.3.1\Katalon_Studio_Windows_64-9.3.1\configuration\resources\lib\groovy-nio-3.0.17.jar;C:\Users\Admin\.katalon\packages\Katalon_Studio_Windows_64-9.3.1\Katalon_Studio_Windows_64-9.3.1\configuration\resources\lib\groovy-servlet-3.0.17.jar;C:\Users\Admin\.katalon\packages\Katalon_Studio_Windows_64-9.3.1\Katalon_Studio_Windows_64-9.3.1\configuration\resources\lib\groovy-sql-3.0.17.jar;C:\Users\Admin\.katalon\packages\Katalon_Studio_Windows_64-9.3.1\Katalon_Studio_Windows_64-9.3.1\configuration\resources\lib\groovy-swing-3.0.17.jar;C:\Users\Admin\.katalon\packages\Katalon_Studio_Windows_64-9.3.1\Katalon_Studio_Windows_64-9.3.1\configuration\resources\lib\groovy-templates-3.0.17.jar;C:\Users\Admin\.katalon\packages\Katalon_Studio_Windows_64-9.3.1\Katalon_Studio_Windows_64-9.3.1\configuration\resources\lib\groovy-test-3.0.17.jar;C:\Users\Admin\.katalon\packages\Katalon_Studio_Windows_64-9.3.1\Katalon_Studio_Windows_64-9.3.1\configuration\resources\lib\groovy-test-junit5-3.0.17.jar;C:\Users\Admin\.katalon\packages\Katalon_Studio_Windows_64-9.3.1\Katalon_Studio_Windows_64-9.3.1\configuration\resources\lib\groovy-testng-3.0.17.jar;C:\Users\Admin\.katalon\packages\Katalon_Studio_Windows_64-9.3.1\Katalon_Studio_Windows_64-9.3.1\configuration\resources\lib\groovy-xml-3.0.17.jar;C:\Users\Admin\.katalon\packages\Katalon_Studio_Windows_64-9.3.1\Katalon_Studio_Windows_64-9.3.1\configuration\resources\lib\java-client-7.0.0.jar;C:\Users\Admin\.katalon\packages\Katalon_Studio_Windows_64-9.3.1\Katalon_Studio_Windows_64-9.3.1\configuration\resources\lib\javax.servlet-api_3.1.0.jar;C:\Users\Admin\.katalon\packages\Katalon_Studio_Windows_64-9.3.1\Katalon_Studio_Windows_64-9.3.1\configuration\resources\lib\jna-5.12.1.jar;C:\Users\Admin\.katalon\packages\Katalon_Studio_Windows_64-9.3.1\Katalon_Studio_Windows_64-9.3.1\configuration\resources\lib\jna-platform-5.12.1.jar;C:\Users\Admin\.katalon\packages\Katalon_Studio_Windows_64-9.3.1\Katalon_Studio_Windows_64-9.3.1\configuration\resources\lib\jzlib-1.1.3.jar;C:\Users\Admin\.katalon\packages\Katalon_Studio_Windows_64-9.3.1\Katalon_Studio_Windows_64-9.3.1\configuration\resources\lib\kat-server.jar;C:\Users\Admin\.katalon\packages\Katalon_Studio_Windows_64-9.3.1\Katalon_Studio_Windows_64-9.3.1\configuration\resources\lib\littleproxy-1.1.0-beta-bmp-17.jar;C:\Users\Admin\.katalon\packages\Katalon_Studio_Windows_64-9.3.1\Katalon_Studio_Windows_64-9.3.1\configuration\resources\lib\log4j-1.2-api-2.17.1.jar;C:\Users\Admin\.katalon\packages\Katalon_Studio_Windows_64-9.3.1\Katalon_Studio_Windows_64-9.3.1\configuration\resources\lib\log4j-api-2.17.1.jar;C:\Users\Admin\.katalon\packages\Katalon_Studio_Windows_64-9.3.1\Katalon_Studio_Windows_64-9.3.1\configuration\resources\lib\log4j-core-2.17.1.jar;C:\Users\Admin\.katalon\packages\Katalon_Studio_Windows_64-9.3.1\Katalon_Studio_Windows_64-9.3.1\configuration\resources\lib\mitm-2.1.5.jar;C:\Users\Admin\.katalon\packages\Katalon_Studio_Windows_64-9.3.1\Katalon_Studio_Windows_64-9.3.1\configuration\resources\lib\netty-all-4.1.70.Final.jar;C:\Users\Admin\.katalon\packages\Katalon_Studio_Windows_64-9.3.1\Katalon_Studio_Windows_64-9.3.1\configuration\resources\lib\poi-3.17.jar;C:\Users\Admin\.katalon\packages\Katalon_Studio_Windows_64-9.3.1\Katalon_Studio_Windows_64-9.3.1\configuration\resources\lib\poi-ooxml-3.17.jar;C:\Users\Admin\.katalon\packages\Katalon_Studio_Windows_64-9.3.1\Katalon_Studio_Windows_64-9.3.1\configuration\resources\lib\poi-ooxml-schemas-3.17.jar;C:\Users\Admin\.katalon\packages\Katalon_Studio_Windows_64-9.3.1\Katalon_Studio_Windows_64-9.3.1\configuration\resources\lib\proxy-vole-1.0.4-SNAPSHOT-jar-with-dependencies.jar;C:\Users\Admin\.katalon\packages\Katalon_Studio_Windows_64-9.3.1\Katalon_Studio_Windows_64-9.3.1\configuration\resources\lib\repackaged-sikuli-api-1.0.2-standalone.jar;C:\Users\Admin\.katalon\packages\Katalon_Studio_Windows_64-9.3.1\Katalon_Studio_Windows_64-9.3.1\configuration\resources\lib\selenium-leg-rc-3.141.59.jar;C:\Users\Admin\.katalon\packages\Katalon_Studio_Windows_64-9.3.1\Katalon_Studio_Windows_64-9.3.1\configuration\resources\lib\selenium-server-standalone-3.141.59.jar;C:\Users\Admin\.katalon\packages\Katalon_Studio_Windows_64-9.3.1\Katalon_Studio_Windows_64-9.3.1\configuration\resources\lib\selenium-shutterbug-1.1.jar;C:\Users\Admin\.katalon\packages\Katalon_Studio_Windows_64-9.3.1\Katalon_Studio_Windows_64-9.3.1\configuration\resources\lib\slf4j-api-1.7.25.jar;C:\Users\Admin\.katalon\packages\Katalon_Studio_Windows_64-9.3.1\Katalon_Studio_Windows_64-9.3.1\configuration\resources\lib\soap-builder-1.0.0.jar;C:\Users\Admin\.katalon\packages\Katalon_Studio_Windows_64-9.3.1\Katalon_Studio_Windows_64-9.3.1\configuration\resources\lib\soap-common-1.0.0.jar;C:\Users\Admin\.katalon\packages\Katalon_Studio_Windows_64-9.3.1\Katalon_Studio_Windows_64-9.3.1\configuration\resources\lib\soap-legacy-1.0.0.jar;C:\Users\Admin\.katalon\packages\Katalon_Studio_Windows_64-9.3.1\Katalon_Studio_Windows_64-9.3.1\configuration\resources\lib\spring-context-5.3.19.jar;C:\Users\Admin\.katalon\packages\Katalon_Studio_Windows_64-9.3.1\Katalon_Studio_Windows_64-9.3.1\configuration\resources\lib\stax2-api-4.0.0.jar;C:\Users\Admin\.katalon\packages\Katalon_Studio_Windows_64-9.3.1\Katalon_Studio_Windows_64-9.3.1\configuration\resources\lib\su.jar;C:\Users\Admin\.katalon\packages\Katalon_Studio_Windows_64-9.3.1\Katalon_Studio_Windows_64-9.3.1\configuration\resources\lib\testng-7.8.0.jar;C:\Users\Admin\.katalon\packages\Katalon_Studio_Windows_64-9.3.1\Katalon_Studio_Windows_64-9.3.1\configuration\resources\lib\wadl.jar;C:\Users\Admin\.katalon\packages\Katalon_Studio_Windows_64-9.3.1\Katalon_Studio_Windows_64-9.3.1\configuration\resources\lib\xmlbeans-3.1.0.jar;C:\Users\Admin\.katalon\packages\Katalon_Studio_Windows_64-9.3.1\Katalon_Studio_Windows_64-9.3.1\plugins\net.sf.supercsv.super-csv_2.1.0.jar;C:\Users\Admin\.katalon\packages\Katalon_Studio_Windows_64-9.3.1\Katalon_Studio_Windows_64-9.3.1\plugins\org.apache.commons.io_2.4.0.jar;C:\Users\Admin\.katalon\packages\Katalon_Studio_Windows_64-9.3.1\Katalon_Studio_Windows_64-9.3.1\plugins\org.apache.commons.lang_2.6.0.jar;C:\Users\Admin\.katalon\packages\Katalon_Studio_Windows_64-9.3.1\Katalon_Studio_Windows_64-9.3.1\plugins\com.google.gson_2.10.1.v20230109-0753.jar;C:\Users\Admin\.katalon\packages\Katalon_Studio_Windows_64-9.3.1\Katalon_Studio_Windows_64-9.3.1\plugins\org.jsoup_1.14.3.jar;C:\Users\Admin\.katalon\packages\Katalon_Studio_Windows_64-9.3.1\Katalon_Studio_Windows_64-9.3.1\plugins\org.apache.commons.dbutils_1.6.0.jar;C:\Users\Admin\.katalon\packages\Katalon_Studio_Windows_64-9.3.1\Katalon_Studio_Windows_64-9.3.1\plugins\com.oracle.jdbc.ojdbc7_12.1.0.2.jar;C:\Users\Admin\.katalon\packages\Katalon_Studio_Windows_64-9.3.1\Katalon_Studio_Windows_64-9.3.1\plugins\org.postgresql.jdbc_42.4.1.jar;c:\Users\Admin\.katalon\packages\Katalon_Studio_Windows_64-9.3.1\Katalon_Studio_Windows_64-9.3.1\plugins\org.eclipse.osgi_3.18.300.v20230220-1352.jar;C:\Users\Admin\.katalon\packages\Katalon_Studio_Windows_64-9.3.1\Katalon_Studio_Windows_64-9.3.1\plugins\com.kms.katalon.constant_1.0.0.202402280646.jar;C:\Users\Admin\.katalon\packages\Katalon_Studio_Windows_64-9.3.1\Katalon_Studio_Windows_64-9.3.1\plugins\org.eclipse.persistence.eclipselink_2.7.11.jar;C:\Users\Admin\.katalon\packages\Katalon_Studio_Windows_64-9.3.1\Katalon_Studio_Windows_64-9.3.1\plugins\com.kms.katalon.selenium-standalone_1.0.0.202402280646.jar;C:\Users\Admin\.katalon\packages\Katalon_Studio_Windows_64-9.3.1\Katalon_Studio_Windows_64-9.3.1\plugins\atu.testrecorder.screen-recorder_2.1.0.jar;C:\Users\Admin\.katalon\packages\Katalon_Studio_Windows_64-9.3.1\Katalon_Studio_Windows_64-9.3.1\plugins\com.google.guava_23.0.0.jar;C:\Users\Admin\.katalon\packages\Katalon_Studio_Windows_64-9.3.1\Katalon_Studio_Windows_64-9.3.1\plugins\com.kms.katalon.util_1.0.0.202402280646.jar;C:\Users\Admin\.katalon\packages\Katalon_Studio_Windows_64-9.3.1\Katalon_Studio_Windows_64-9.3.1\plugins\org.apache.httpcomponents.httpclient_4.5.14.v20221207-1049.jar;C:\Users\Admin\.katalon\packages\Katalon_Studio_Windows_64-9.3.1\Katalon_Studio_Windows_64-9.3.1\plugins\org.apache.httpcomponents.httpcore_4.4.16.v20221207-1049.jar;C:\Users\Admin\.katalon\packages\Katalon_Studio_Windows_64-9.3.1\Katalon_Studio_Windows_64-9.3.1\plugins\org.apache.httpcomponents.httpmime_4.5.1.jar;C:\Users\Admin\.katalon\packages\Katalon_Studio_Windows_64-9.3.1\Katalon_Studio_Windows_64-9.3.1\plugins\org.apache.commons.lang3_3.7.0.jar;C:\Users\Admin\.katalon\packages\Katalon_Studio_Windows_64-9.3.1\Katalon_Studio_Windows_64-9.3.1\plugins\org.greenrobot.eventbus_3.1.1.jar;C:\Users\Admin\.katalon\packages\Katalon_Studio_Windows_64-9.3.1\Katalon_Studio_Windows_64-9.3.1\plugins\org.assertj.core_3.10.0.jar;C:\Users\Admin\.katalon\packages\Katalon_Studio_Windows_64-9.3.1\Katalon_Studio_Windows_64-9.3.1\plugins\org.junit_4.13.2.v20211018-1956.jar;C:\Users\Admin\.katalon\packages\Katalon_Studio_Windows_64-9.3.1\Katalon_Studio_Windows_64-9.3.1\plugins\com.fasterxml.jackson.core.jackson-databind_2.14.0.jar;C:\Users\Admin\.katalon\packages\Katalon_Studio_Windows_64-9.3.1\Katalon_Studio_Windows_64-9.3.1\plugins\com.fasterxml.jackson.core.jackson-core_2.14.0.jar;C:\Users\Admin\.katalon\packages\Katalon_Studio_Windows_64-9.3.1\Katalon_Studio_Windows_64-9.3.1\plugins\com.fasterxml.jackson.core.jackson-annotations_2.14.0.jar;C:\Users\Admin\.katalon\packages\Katalon_Studio_Windows_64-9.3.1\Katalon_Studio_Windows_64-9.3.1\plugins\ch.qos.logback.classic_1.2.3.jar;C:\Users\Admin\.katalon\packages\Katalon_Studio_Windows_64-9.3.1\Katalon_Studio_Windows_64-9.3.1\plugins\ch.qos.logback.core_1.2.3.jar;C:\Users\Admin\.katalon\packages\Katalon_Studio_Windows_64-9.3.1\Katalon_Studio_Windows_64-9.3.1\plugins\slf4j.api_1.7.36.jar;C:\Users\Admin\.katalon\packages\Katalon_Studio_Windows_64-9.3.1\Katalon_Studio_Windows_64-9.3.1\plugins\org.fusesource.jansi_1.17.1.jar;C:\Users\Admin\.katalon\packages\Katalon_Studio_Windows_64-9.3.1\Katalon_Studio_Windows_64-9.3.1\plugins\com.kms.katalon.netlightbody_1.0.0.202402280646.jar;C:\Users\Admin\.katalon\packages\Katalon_Studio_Windows_64-9.3.1\Katalon_Studio_Windows_64-9.3.1\plugins\com.kms.katalon.poi_1.0.0.202402280646.jar;C:\Users\Admin\.katalon\packages\Katalon_Studio_Windows_64-9.3.1\Katalon_Studio_Windows_64-9.3.1\plugins\org.apache.commons.commons-text_1.10.0.jar;C:\Users\Admin\.katalon\packages\Katalon_Studio_Windows_64-9.3.1\Katalon_Studio_Windows_64-9.3.1\plugins\com.kms.katalon.proxyvole_1.0.0.202402280646.jar;C:\Users\Admin\.katalon\packages\Katalon_Studio_Windows_64-9.3.1\Katalon_Studio_Windows_64-9.3.1\plugins\com.microsoft.sqlserver.mssql-jdbc_6.2.2.jre8.jar;C:\Users\Admin\.katalon\packages\Katalon_Studio_Windows_64-9.3.1\Katalon_Studio_Windows_64-9.3.1\plugins\com.github.kklisura.cdt.java-client_2.1.0.jar;C:\Users\Admin\.katalon\packages\Katalon_Studio_Windows_64-9.3.1\Katalon_Studio_Windows_64-9.3.1\plugins\javax.websocket-api_1.1.0.jar;C:\Users\Admin\.katalon\packages\Katalon_Studio_Windows_64-9.3.1\Katalon_Studio_Windows_64-9.3.1\plugins\org.glassfish.tyrus.container-grizzly-client_1.13.1.jar;C:\Users\Admin\.katalon\packages\Katalon_Studio_Windows_64-9.3.1\Katalon_Studio_Windows_64-9.3.1\plugins\org.glassfish.grizzly.http-server_2.3.25.jar;C:\Users\Admin\.katalon\packages\Katalon_Studio_Windows_64-9.3.1\Katalon_Studio_Windows_64-9.3.1\plugins\org.glassfish.grizzly.framework_2.3.25.jar;C:\Users\Admin\.katalon\packages\Katalon_Studio_Windows_64-9.3.1\Katalon_Studio_Windows_64-9.3.1\plugins\org.glassfish.grizzly.http_2.3.25.jar;C:\Users\Admin\.katalon\packages\Katalon_Studio_Windows_64-9.3.1\Katalon_Studio_Windows_64-9.3.1\plugins\org.glassfish.tyrus.client_1.13.1.jar;C:\Users\Admin\.katalon\packages\Katalon_Studio_Windows_64-9.3.1\Katalon_Studio_Windows_64-9.3.1\plugins\org.glassfish.tyrus.core_1.13.1.jar;C:\Users\Admin\.katalon\packages\Katalon_Studio_Windows_64-9.3.1\Katalon_Studio_Windows_64-9.3.1\plugins\org.glassfish.tyrus.spi_1.13.1.jar;C:\Users\Admin\.katalon\packages\Katalon_Studio_Windows_64-9.3.1\Katalon_Studio_Windows_64-9.3.1\plugins\javassist_3.28.0.GA.jar;C:\Users\Admin\.katalon\packages\Katalon_Studio_Windows_64-9.3.1\Katalon_Studio_Windows_64-9.3.1\plugins\com.graphql-java_16.2.0.jar;C:\Users\Admin\.katalon\packages\Katalon_Studio_Windows_64-9.3.1\Katalon_Studio_Windows_64-9.3.1\plugins\org.glassfish.jaxb.runtime_2.3.6.jar;C:\Users\Admin\.katalon\packages\Katalon_Studio_Windows_64-9.3.1\Katalon_Studio_Windows_64-9.3.1\plugins\org.glassfish.jaxb.txw2_2.3.6.jar;C:\Users\Admin\.katalon\packages\Katalon_Studio_Windows_64-9.3.1\Katalon_Studio_Windows_64-9.3.1\plugins\org.dom4j_1.6.1.v201312101416.jar;C:\Users\Admin\.katalon\packages\Katalon_Studio_Windows_64-9.3.1\Katalon_Studio_Windows_64-9.3.1\plugins\com.kms.katalon.groovy-extended_1.0.0.202402280646.jar;C:\Users\Admin\.katalon\packages\Katalon_Studio_Windows_64-9.3.1\Katalon_Studio_Windows_64-9.3.1\plugins\com.sun.activation.javax.activation_1.2.0.jar;C:\Users\Admin\.katalon\packages\Katalon_Studio_Windows_64-9.3.1\Katalon_Studio_Windows_64-9.3.1\plugins\jakarta.xml.bind-api_2.3.3.jar;C:\Users\Admin\.katalon\packages\Katalon_Studio_Windows_64-9.3.1\Katalon_Studio_Windows_64-9.3.1\plugins\com.sun.xml.bind.jaxb-impl_2.3.6.jar;C:\Users\Admin\.katalon\packages\Katalon_Studio_Windows_64-9.3.1\Katalon_Studio_Windows_64-9.3.1\plugins\org.apache.commons.logging_1.2.0.v20180409-1502.jar;C:\Users\Admin\.katalon\packages\Katalon_Studio_Windows_64-9.3.1\Katalon_Studio_Windows_64-9.3.1\plugins\org.hamcrest.core_1.3.0.v20180420-1519.jar;C:\Users\Admin\.katalon\packages\Katalon_Studio_Windows_64-9.3.1\Katalon_Studio_Windows_64-9.3.1\plugins\org.beanshell.bsh_2.0.0.0b4.jar;C:\Users\Admin\.katalon\packages\Katalon_Studio_Windows_64-9.3.1\Katalon_Studio_Windows_64-9.3.1\plugins\org.apache.ant.launcher_1.9.6.jar;C:\Users\Admin\.katalon\packages\Katalon_Studio_Windows_64-9.3.1\Katalon_Studio_Windows_64-9.3.1\plugins\com.kms.katalon.core.appium_1.0.0.202402280646.jar;C:\Users\Admin\.katalon\packages\Katalon_Studio_Windows_64-9.3.1\Katalon_Studio_Windows_64-9.3.1\plugins\com.kms.katalon.logging_1.0.0.202402280646.jar;C:\Users\Admin\.katalon\packages\Katalon_Studio_Windows_64-9.3.1\Katalon_Studio_Windows_64-9.3.1\plugins\org.eclipse.equinox.common_3.17.100.v20230202-1341.jar;C:\Users\Admin\.katalon\packages\Katalon_Studio_Windows_64-9.3.1\Katalon_Studio_Windows_64-9.3.1\plugins\com.kms.katalon.core.webui_1.0.0.202402280646.jar;C:\Users\Admin\.katalon\packages\Katalon_Studio_Windows_64-9.3.1\Katalon_Studio_Windows_64-9.3.1\plugins\org.json_20140107.0.0.jar;C:\Users\Admin\.katalon\packages\Katalon_Studio_Windows_64-9.3.1\Katalon_Studio_Windows_64-9.3.1\plugins\org.eclipse.e4.core.contexts_1.11.0.v20220716-0839.jar;C:\Users\Admin\.katalon\packages\Katalon_Studio_Windows_64-9.3.1\Katalon_Studio_Windows_64-9.3.1\plugins\org.eclipse.e4.core.services_2.3.400.v20220915-1347.jar;C:\Users\Admin\.katalon\packages\Katalon_Studio_Windows_64-9.3.1\Katalon_Studio_Windows_64-9.3.1\plugins\com.kms.katalon.core.mobile_1.0.0.202402280646.jar;C:\Users\Admin\.katalon\packages\Katalon_Studio_Windows_64-9.3.1\Katalon_Studio_Windows_64-9.3.1\plugins\org.apache.commons.commons-validator_1.7.0.jar;C:\Users\Admin\.katalon\packages\Katalon_Studio_Windows_64-9.3.1\Katalon_Studio_Windows_64-9.3.1\plugins\com.kms.katalon.core.cucumber_1.0.0.202402280646.jar;C:\Users\Admin\.katalon\packages\Katalon_Studio_Windows_64-9.3.1\Katalon_Studio_Windows_64-9.3.1\plugins\io.cucumber.core_3.0.2.jar;C:\Users\Admin\.katalon\packages\Katalon_Studio_Windows_64-9.3.1\Katalon_Studio_Windows_64-9.3.1\plugins\io.cucumber.datatable_1.0.3.jar;C:\Users\Admin\.katalon\packages\Katalon_Studio_Windows_64-9.3.1\Katalon_Studio_Windows_64-9.3.1\plugins\io.cucumber.datatable-dependencies_1.0.3.jar;C:\Users\Admin\.katalon\packages\Katalon_Studio_Windows_64-9.3.1\Katalon_Studio_Windows_64-9.3.1\plugins\io.cucumber.expressions_5.0.19.jar;C:\Users\Admin\.katalon\packages\Katalon_Studio_Windows_64-9.3.1\Katalon_Studio_Windows_64-9.3.1\plugins\io.cucumber.gherkin_5.0.0.jar;C:\Users\Admin\.katalon\packages\Katalon_Studio_Windows_64-9.3.1\Katalon_Studio_Windows_64-9.3.1\plugins\io.cucumber.html_0.2.7.jar;C:\Users\Admin\.katalon\packages\Katalon_Studio_Windows_64-9.3.1\Katalon_Studio_Windows_64-9.3.1\plugins\io.cucumber.java_3.0.2.jar;C:\Users\Admin\.katalon\packages\Katalon_Studio_Windows_64-9.3.1\Katalon_Studio_Windows_64-9.3.1\plugins\io.cucumber.tag-expressions_1.1.1.jar;C:\Users\Admin\.katalon\packages\Katalon_Studio_Windows_64-9.3.1\Katalon_Studio_Windows_64-9.3.1\plugins\io.cucumber.junit_3.0.2.jar;C:\Users\Admin\.katalon\packages\Katalon_Studio_Windows_64-9.3.1\Katalon_Studio_Windows_64-9.3.1\plugins\com.kms.katalon.core.webservice_1.0.0.202402280646.jar;C:\Users\Admin\.katalon\packages\Katalon_Studio_Windows_64-9.3.1\Katalon_Studio_Windows_64-9.3.1\plugins\wsdl4j_1.6.2.jar;C:\Users\Admin\.katalon\packages\Katalon_Studio_Windows_64-9.3.1\Katalon_Studio_Windows_64-9.3.1\plugins\com.google.oauth-client.google-oauth-client_1.22.0.jar;C:\Users\Admin\.katalon\packages\Katalon_Studio_Windows_64-9.3.1\Katalon_Studio_Windows_64-9.3.1\plugins\com.google.http-client.google-http-client_1.22.0.jar;C:\Users\Admin\.katalon\packages\Katalon_Studio_Windows_64-9.3.1\Katalon_Studio_Windows_64-9.3.1\plugins\ca.juliusdavies.not-yet-commons-ssl_0.3.11.jar;C:\Users\Admin\.katalon\packages\Katalon_Studio_Windows_64-9.3.1\Katalon_Studio_Windows_64-9.3.1\plugins\com.kms.katalon.preferences_1.0.0.202402280646.jar;C:\Users\Admin\.katalon\packages\Katalon_Studio_Windows_64-9.3.1\Katalon_Studio_Windows_64-9.3.1\plugins\org.apache.xmlbeans_3.1.0.jar;C:\Users\Admin\.katalon\packages\Katalon_Studio_Windows_64-9.3.1\Katalon_Studio_Windows_64-9.3.1\plugins\com.kms.katalon.entity_1.0.0.202402280646.jar;C:\Users\Admin\.katalon\packages\Katalon_Studio_Windows_64-9.3.1\Katalon_Studio_Windows_64-9.3.1\plugins\org.antlr.antlr4-runtime_4.8.0.jar;C:\Users\Admin\.katalon\packages\Katalon_Studio_Windows_64-9.3.1\Katalon_Studio_Windows_64-9.3.1\plugins\com.networknt.json-schema-validator_1.0.66.jar;C:\Users\Admin\.katalon\packages\Katalon_Studio_Windows_64-9.3.1\Katalon_Studio_Windows_64-9.3.1\plugins\jakarta.xml.ws-api_2.3.3.jar;C:\Users\Admin\.katalon\packages\Katalon_Studio_Windows_64-9.3.1\Katalon_Studio_Windows_64-9.3.1\plugins\javax.xml.soap-api_1.4.0.jar;C:\Users\Admin\.katalon\packages\Katalon_Studio_Windows_64-9.3.1\Katalon_Studio_Windows_64-9.3.1\plugins\com.kms.katalon.core.windows_1.0.0.202402280646.jar;C:\Users\Admin\.katalon\packages\Katalon_Studio_Windows_64-9.3.1\Katalon_Studio_Windows_64-9.3.1\plugins\com.kms.katalon.core.testng_1.0.0.202402280646.jar;C:\Users\Admin\.katalon\packages\Katalon_Studio_Windows_64-9.3.1\Katalon_Studio_Windows_64-9.3.1\configuration\org.eclipse.osgi\27\0\.cp\resources\basic-report\katalon-studio-report-plugin.jar;C:\Users\Admin\.katalon\packages\Katalon_Studio_Windows_64-9.3.1\Katalon_Studio_Windows_64-9.3.1\plugins\org.codehaus.groovy_3.0.17.v202303311542-e2303\lib\groovy-3.0.17-indy.jar;C:\Users\Admin\.katalon\packages\Katalon_Studio_Windows_64-9.3.1\Katalon_Studio_Windows_64-9.3.1\plugins\org.codehaus.groovy_3.0.17.v202303311542-e2303\lib\ivy-2.5.1.jar --main groovy.ui.GroovyMain --encoding UTF-8 --indy C:\Users\Admin\Katalon Studio\Lab02\Libs\TempTestSuite1711382570800.groovy

Host: 11th Gen Intel(R) Core(TM) i5-11400H @ 2.70GHz, 12 cores, 7G,  Windows 11 , 64 bit Build 22621 (10.0.22621.3235)
Time: Mon Mar 25 23:06:14 2024 SE Asia Standard Time elapsed time: 200.458798 seconds (0d 0h 3m 20s)

---------------  T H R E A D  ---------------

Current thread (0x000001ea9f6ae350):  VMThread "VM Thread" [stack: 0x000000a62b600000,0x000000a62b700000] [id=4516]

Stack: [0x000000a62b600000,0x000000a62b700000]
Native frames: (J=compiled Java code, j=interpreted, Vv=VM code, C=native code)
V  [jvm.dll+0x67754a]
V  [jvm.dll+0x834304]
V  [jvm.dll+0x835aae]
V  [jvm.dll+0x836113]
V  [jvm.dll+0x24696f]
V  [jvm.dll+0x6743f9]
V  [jvm.dll+0x668c8a]
V  [jvm.dll+0x3061bb]
V  [jvm.dll+0x30d6a6]
V  [jvm.dll+0x35cece]
V  [jvm.dll+0x35d0ff]
V  [jvm.dll+0x2dd048]
V  [jvm.dll+0x2db20c]
V  [jvm.dll+0x2da7dc]
V  [jvm.dll+0x31e6db]
V  [jvm.dll+0x83a5bb]
V  [jvm.dll+0x83b2f4]
V  [jvm.dll+0x83b80c]
V  [jvm.dll+0x83bbe4]
V  [jvm.dll+0x83bcb0]
V  [jvm.dll+0x7e4e7a]
V  [jvm.dll+0x676395]
C  [ucrtbase.dll+0x29363]
C  [KERNEL32.DLL+0x1257d]
C  [ntdll.dll+0x5aa58]

VM_Operation (0x000000a62b0f99f0): G1CollectForAllocation, mode: safepoint, requested by thread 0x000001ea839fe020


---------------  P R O C E S S  ---------------

Threads class SMR info:
_java_thread_list=0x000001eaa5cf3c00, length=24, elements={
0x000001ea839fe020, 0x000001ea9f6ae950, 0x000001eaa4040940, 0x000001eaa407bd50,
0x000001eaa407c610, 0x000001eaa4095440, 0x000001eaa4097d10, 0x000001eaa4099640,
0x000001eaa40ab570, 0x000001eaa40b4850, 0x000001eaa41ea1c0, 0x000001eaa45fe950,
0x000001eaa5165fe0, 0x000001eaa7670380, 0x000001eaa7670850, 0x000001eaa7670d20,
0x000001eaa76716c0, 0x000001eaa6dc4100, 0x000001eaa6dc4aa0, 0x000001eaa6dc7ac0,
0x000001eaa6dc8e00, 0x000001eaa6dc8460, 0x000001eaa6dc8930, 0x000001eaa6dc3c30
}

Java Threads: ( => current thread )
  0x000001ea839fe020 JavaThread "Forwarding executeAsyncScript on session 45aa91be4760a98dfe527b412909f624 to remote" [_thread_blocked, id=16272, stack(0x000000a62b000000,0x000000a62b100000)]
  0x000001ea9f6ae950 JavaThread "Reference Handler" daemon [_thread_blocked, id=11240, stack(0x000000a62b700000,0x000000a62b800000)]
  0x000001eaa4040940 JavaThread "Finalizer" daemon [_thread_blocked, id=2744, stack(0x000000a62b800000,0x000000a62b900000)]
  0x000001eaa407bd50 JavaThread "Signal Dispatcher" daemon [_thread_blocked, id=6380, stack(0x000000a62b900000,0x000000a62ba00000)]
  0x000001eaa407c610 JavaThread "Attach Listener" daemon [_thread_blocked, id=19272, stack(0x000000a62ba00000,0x000000a62bb00000)]
  0x000001eaa4095440 JavaThread "Service Thread" daemon [_thread_blocked, id=16880, stack(0x000000a62bb00000,0x000000a62bc00000)]
  0x000001eaa4097d10 JavaThread "Monitor Deflation Thread" daemon [_thread_blocked, id=2060, stack(0x000000a62bc00000,0x000000a62bd00000)]
  0x000001eaa4099640 JavaThread "C2 CompilerThread0" daemon [_thread_blocked, id=20384, stack(0x000000a62bd00000,0x000000a62be00000)]
  0x000001eaa40ab570 JavaThread "C1 CompilerThread0" daemon [_thread_blocked, id=13936, stack(0x000000a62be00000,0x000000a62bf00000)]
  0x000001eaa40b4850 JavaThread "Sweeper thread" daemon [_thread_blocked, id=8544, stack(0x000000a62bf00000,0x000000a62c000000)]
  0x000001eaa41ea1c0 JavaThread "Common-Cleaner" daemon [_thread_blocked, id=12292, stack(0x000000a62c000000,0x000000a62c100000)]
  0x000001eaa45fe950 JavaThread "Notification Thread" daemon [_thread_blocked, id=13004, stack(0x000000a62c200000,0x000000a62c300000)]
  0x000001eaa5165fe0 JavaThread "UrlChecker-2" daemon [_thread_blocked, id=14676, stack(0x000000a62d100000,0x000000a62d200000)]
  0x000001eaa7670380 JavaThread "ForkJoinPool.commonPool-worker-1" daemon [_thread_blocked, id=4184, stack(0x000000a62d600000,0x000000a62d700000)]
  0x000001eaa7670850 JavaThread "ForkJoinPool.commonPool-worker-2" daemon [_thread_blocked, id=15832, stack(0x000000a62d700000,0x000000a62d800000)]
  0x000001eaa7670d20 JavaThread "OkHttp ConnectionPool" daemon [_thread_blocked, id=16260, stack(0x000000a62d800000,0x000000a62d900000)]
  0x000001eaa76716c0 JavaThread "Okio Watchdog" daemon [_thread_blocked, id=11228, stack(0x000000a62d900000,0x000000a62da00000)]
  0x000001eaa6dc4100 JavaThread "ForkJoinPool.commonPool-worker-3" daemon [_thread_blocked, id=5908, stack(0x000000a62d300000,0x000000a62d400000)]
  0x000001eaa6dc4aa0 JavaThread "ForkJoinPool.commonPool-worker-4" daemon [_thread_blocked, id=14520, stack(0x000000a62d500000,0x000000a62d600000)]
  0x000001eaa6dc7ac0 JavaThread "ForkJoinPool.commonPool-worker-5" daemon [_thread_blocked, id=1684, stack(0x000000a62c600000,0x000000a62c700000)]
  0x000001eaa6dc8e00 JavaThread "Keep-Alive-Timer" daemon [_thread_blocked, id=13336, stack(0x000000a62c100000,0x000000a62c200000)]
  0x000001eaa6dc8460 JavaThread "Exec Default Executor" daemon [_thread_in_native, id=15732, stack(0x000000a62ad00000,0x000000a62ae00000)]
  0x000001eaa6dc8930 JavaThread "Exec Stream Pumper" daemon [_thread_in_native, id=16036, stack(0x000000a62ae00000,0x000000a62af00000)]
  0x000001eaa6dc3c30 JavaThread "Exec Stream Pumper" daemon [_thread_in_native, id=1864, stack(0x000000a62af00000,0x000000a62b000000)]

Other Threads:
=>0x000001ea9f6ae350 VMThread "VM Thread" [stack: 0x000000a62b600000,0x000000a62b700000] [id=4516]
  0x000001ea83a7ab70 WatcherThread [stack: 0x000000a62c300000,0x000000a62c400000] [id=17488]
  0x000001ea83a5d1d0 GCTaskThread "GC Thread#0" [stack: 0x000000a62b100000,0x000000a62b200000] [id=19508]
  0x000001eaa51c8780 GCTaskThread "GC Thread#1" [stack: 0x000000a62c400000,0x000000a62c500000] [id=14640]
  0x000001eaa4f995f0 GCTaskThread "GC Thread#2" [stack: 0x000000a62c500000,0x000000a62c600000] [id=13784]
  0x000001eaa68cadc0 GCTaskThread "GC Thread#3" [stack: 0x000000a62c700000,0x000000a62c800000] [id=18512]
  0x000001eaa68cb070 GCTaskThread "GC Thread#4" [stack: 0x000000a62c800000,0x000000a62c900000] [id=17044]
  0x000001eaa5ece3b0 GCTaskThread "GC Thread#5" [stack: 0x000000a62c900000,0x000000a62ca00000] [id=14280]
  0x000001eaa55aed50 GCTaskThread "GC Thread#6" [stack: 0x000000a62ca00000,0x000000a62cb00000] [id=6884]
  0x000001eaa6818240 GCTaskThread "GC Thread#7" [stack: 0x000000a62cb00000,0x000000a62cc00000] [id=14636]
  0x000001eaa6af3ed0 GCTaskThread "GC Thread#8" [stack: 0x000000a62cc00000,0x000000a62cd00000] [id=14016]
  0x000001eaa76780f0 GCTaskThread "GC Thread#9" [stack: 0x000000a62cd00000,0x000000a62ce00000] [id=2100]
  0x000001ea83a6e7c0 ConcurrentGCThread "G1 Main Marker" [stack: 0x000000a62b200000,0x000000a62b300000] [id=13768]
  0x000001ea83a6f0e0 ConcurrentGCThread "G1 Conc#0" [stack: 0x000000a62b300000,0x000000a62b400000] [id=15436]
  0x000001eaa7678bb0 ConcurrentGCThread "G1 Conc#1" [stack: 0x000000a62ce00000,0x000000a62cf00000] [id=11000]
  0x000001eaa7679110 ConcurrentGCThread "G1 Conc#2" [stack: 0x000000a62cf00000,0x000000a62d000000] [id=12544]
  0x000001ea9f52ffe0 ConcurrentGCThread "G1 Refine#0" [stack: 0x000000a62b400000,0x000000a62b500000] [id=16416]
  0x000001ea9f5306b0 ConcurrentGCThread "G1 Service" [stack: 0x000000a62b500000,0x000000a62b600000] [id=18036]

Threads with active compile tasks:

VM state: at safepoint (normal execution)

VM Mutex/Monitor currently owned by a thread:  ([mutex/lock_event])
[0x000001ea839f8a10] Threads_lock - owner thread: 0x000001ea9f6ae350
[0x000001ea839f9f70] Heap_lock - owner thread: 0x000001ea839fe020

Heap address: 0x0000000080000000, size: 2048 MB, Compressed Oops mode: 32-bit

CDS archive(s) not mapped
Compressed class space mapped at: 0x0000000100000000-0x0000000140000000, reserved size: 1073741824
Narrow klass base: 0x0000000000000000, Narrow klass shift: 3, Narrow klass range: 0x140000000

GC Precious Log:
 CPUs: 12 total, 12 available
 Memory: 7893M
 Large Page Support: Disabled
 NUMA Support: Disabled
 Compressed Oops: Enabled (32-bit)
 Heap Region Size: 1M
 Heap Min Capacity: 8M
 Heap Initial Capacity: 124M
 Heap Max Capacity: 2G
 Pre-touch: Disabled
 Parallel Workers: 10
 Concurrent Workers: 3
 Concurrent Refinement Workers: 10
 Periodic GC: Disabled

Heap:
 garbage-first heap   total 126976K, used 56001K [0x0000000080000000, 0x0000000100000000)
  region size 1024K, 1 young (1024K), 1 survivors (1024K)
 Metaspace       used 49808K, committed 51136K, reserved 1114112K
  class space    used 5212K, committed 5824K, reserved 1048576K

Heap Regions: E=young(eden), S=young(survivor), O=old, HS=humongous(starts), HC=humongous(continues), CS=collection set, F=free, OA=open archive, CA=closed archive, TAMS=top-at-mark-start (previous, next)
|   0|0x0000000080000000, 0x0000000080100000, 0x0000000080100000|100%|HS|  |TAMS 0x0000000080100000, 0x0000000080100000| Complete 
|   1|0x0000000080100000, 0x0000000080200000, 0x0000000080200000|100%|HS|  |TAMS 0x0000000080200000, 0x0000000080200000| Complete 
|   2|0x0000000080200000, 0x0000000080300000, 0x0000000080300000|100%|HS|  |TAMS 0x0000000080300000, 0x0000000080300000| Complete 
|   3|0x0000000080300000, 0x0000000080400000, 0x0000000080400000|100%|HC|  |TAMS 0x0000000080400000, 0x0000000080400000| Complete 
|   4|0x0000000080400000, 0x0000000080500000, 0x0000000080500000|100%| O|  |TAMS 0x0000000080500000, 0x0000000080500000| Untracked 
|   5|0x0000000080500000, 0x0000000080600000, 0x0000000080600000|100%| O|  |TAMS 0x0000000080600000, 0x0000000080600000| Untracked 
|   6|0x0000000080600000, 0x0000000080700000, 0x0000000080700000|100%| O|  |TAMS 0x0000000080700000, 0x0000000080700000| Untracked 
|   7|0x0000000080700000, 0x0000000080800000, 0x0000000080800000|100%| O|  |TAMS 0x0000000080800000, 0x0000000080800000| Untracked 
|   8|0x0000000080800000, 0x0000000080900000, 0x0000000080900000|100%| O|  |TAMS 0x0000000080900000, 0x0000000080900000| Untracked 
|   9|0x0000000080900000, 0x0000000080a00000, 0x0000000080a00000|100%| O|  |TAMS 0x0000000080a00000, 0x0000000080a00000| Untracked 
|  10|0x0000000080a00000, 0x0000000080b00000, 0x0000000080b00000|100%| O|  |TAMS 0x0000000080b00000, 0x0000000080b00000| Untracked 
|  11|0x0000000080b00000, 0x0000000080c00000, 0x0000000080c00000|100%| O|  |TAMS 0x0000000080c00000, 0x0000000080c00000| Untracked 
|  12|0x0000000080c00000, 0x0000000080d00000, 0x0000000080d00000|100%| O|  |TAMS 0x0000000080d00000, 0x0000000080d00000| Untracked 
|  13|0x0000000080d00000, 0x0000000080e00000, 0x0000000080e00000|100%| O|  |TAMS 0x0000000080e00000, 0x0000000080e00000| Untracked 
|  14|0x0000000080e00000, 0x0000000080f00000, 0x0000000080f00000|100%| O|  |TAMS 0x0000000080f00000, 0x0000000080f00000| Untracked 
|  15|0x0000000080f00000, 0x0000000081000000, 0x0000000081000000|100%| O|  |TAMS 0x0000000081000000, 0x0000000081000000| Untracked 
|  16|0x0000000081000000, 0x0000000081100000, 0x0000000081100000|100%| O|  |TAMS 0x0000000081100000, 0x0000000081100000| Untracked 
|  17|0x0000000081100000, 0x0000000081200000, 0x0000000081200000|100%| O|  |TAMS 0x0000000081200000, 0x0000000081200000| Untracked 
|  18|0x0000000081200000, 0x0000000081243600, 0x0000000081300000| 26%| O|  |TAMS 0x0000000081200000, 0x0000000081243600| Untracked 
|  19|0x0000000081300000, 0x0000000081400000, 0x0000000081400000|100%| O|  |TAMS 0x0000000081400000, 0x0000000081400000| Untracked 
|  20|0x0000000081400000, 0x0000000081500000, 0x0000000081500000|100%| O|  |TAMS 0x0000000081500000, 0x0000000081500000| Untracked 
|  21|0x0000000081500000, 0x0000000081600000, 0x0000000081600000|100%| O|  |TAMS 0x0000000081600000, 0x0000000081600000| Untracked 
|  22|0x0000000081600000, 0x0000000081700000, 0x0000000081700000|100%| O|  |TAMS 0x0000000081700000, 0x0000000081700000| Untracked 
|  23|0x0000000081700000, 0x0000000081800000, 0x0000000081800000|100%| O|  |TAMS 0x0000000081800000, 0x0000000081800000| Untracked 
|  24|0x0000000081800000, 0x0000000081900000, 0x0000000081900000|100%| O|  |TAMS 0x0000000081900000, 0x0000000081900000| Untracked 
|  25|0x0000000081900000, 0x0000000081900000, 0x0000000081a00000|  0%| F|  |TAMS 0x0000000081900000, 0x0000000081900000| Untracked 
|  26|0x0000000081a00000, 0x0000000081b00000, 0x0000000081b00000|100%| O|  |TAMS 0x0000000081b00000, 0x0000000081b00000| Untracked 
|  27|0x0000000081b00000, 0x0000000081c00000, 0x0000000081c00000|100%| O|  |TAMS 0x0000000081c00000, 0x0000000081c00000| Untracked 
|  28|0x0000000081c00000, 0x0000000081d00000, 0x0000000081d00000|100%| O|  |TAMS 0x0000000081d00000, 0x0000000081d00000| Untracked 
|  29|0x0000000081d00000, 0x0000000081e00000, 0x0000000081e00000|100%| O|  |TAMS 0x0000000081e00000, 0x0000000081e00000| Untracked 
|  30|0x0000000081e00000, 0x0000000081f00000, 0x0000000081f00000|100%| O|  |TAMS 0x0000000081f00000, 0x0000000081f00000| Untracked 
|  31|0x0000000081f00000, 0x0000000082000000, 0x0000000082000000|100%| O|  |TAMS 0x0000000082000000, 0x0000000082000000| Untracked 
|  32|0x0000000082000000, 0x0000000082100000, 0x0000000082100000|100%| O|  |TAMS 0x0000000082100000, 0x0000000082100000| Untracked 
|  33|0x0000000082100000, 0x0000000082200000, 0x0000000082200000|100%| O|  |TAMS 0x0000000082200000, 0x0000000082200000| Untracked 
|  34|0x0000000082200000, 0x0000000082300000, 0x0000000082300000|100%| O|  |TAMS 0x0000000082300000, 0x0000000082300000| Untracked 
|  35|0x0000000082300000, 0x0000000082400000, 0x0000000082400000|100%| O|  |TAMS 0x0000000082400000, 0x0000000082400000| Untracked 
|  36|0x0000000082400000, 0x0000000082500000, 0x0000000082500000|100%| O|  |TAMS 0x0000000082500000, 0x0000000082500000| Untracked 
|  37|0x0000000082500000, 0x0000000082600000, 0x0000000082600000|100%| O|  |TAMS 0x0000000082600000, 0x0000000082600000| Untracked 
|  38|0x0000000082600000, 0x0000000082700000, 0x0000000082700000|100%| O|  |TAMS 0x0000000082700000, 0x0000000082700000| Untracked 
|  39|0x0000000082700000, 0x0000000082800000, 0x0000000082800000|100%| O|  |TAMS 0x0000000082800000, 0x0000000082800000| Untracked 
|  40|0x0000000082800000, 0x0000000082900000, 0x0000000082900000|100%| O|  |TAMS 0x0000000082900000, 0x0000000082900000| Untracked 
|  41|0x0000000082900000, 0x0000000082a00000, 0x0000000082a00000|100%| O|  |TAMS 0x0000000082a00000, 0x0000000082a00000| Untracked 
|  42|0x0000000082a00000, 0x0000000082b00000, 0x0000000082b00000|100%| O|  |TAMS 0x0000000082b00000, 0x0000000082b00000| Untracked 
|  43|0x0000000082b00000, 0x0000000082c00000, 0x0000000082c00000|100%| O|  |TAMS 0x0000000082c00000, 0x0000000082c00000| Untracked 
|  44|0x0000000082c00000, 0x0000000082d00000, 0x0000000082d00000|100%| O|  |TAMS 0x0000000082d00000, 0x0000000082d00000| Untracked 
|  45|0x0000000082d00000, 0x0000000082e00000, 0x0000000082e00000|100%| O|  |TAMS 0x0000000082e00000, 0x0000000082e00000| Untracked 
|  46|0x0000000082e00000, 0x0000000082f00000, 0x0000000082f00000|100%| O|  |TAMS 0x0000000082f00000, 0x0000000082f00000| Untracked 
|  47|0x0000000082f00000, 0x0000000083000000, 0x0000000083000000|100%| O|  |TAMS 0x0000000083000000, 0x0000000083000000| Untracked 
|  48|0x0000000083000000, 0x0000000083100000, 0x0000000083100000|100%| O|  |TAMS 0x0000000083100000, 0x0000000083100000| Untracked 
|  49|0x0000000083100000, 0x0000000083200000, 0x0000000083200000|100%| O|  |TAMS 0x0000000083200000, 0x0000000083200000| Untracked 
|  50|0x0000000083200000, 0x0000000083300000, 0x0000000083300000|100%| O|  |TAMS 0x0000000083300000, 0x0000000083300000| Untracked 
|  51|0x0000000083300000, 0x0000000083400000, 0x0000000083400000|100%| O|  |TAMS 0x0000000083400000, 0x0000000083400000| Untracked 
|  52|0x0000000083400000, 0x0000000083500000, 0x0000000083500000|100%| O|  |TAMS 0x0000000083500000, 0x0000000083500000| Untracked 
|  53|0x0000000083500000, 0x0000000083600000, 0x0000000083600000|100%| O|  |TAMS 0x0000000083600000, 0x0000000083600000| Untracked 
|  54|0x0000000083600000, 0x0000000083700000, 0x0000000083700000|100%| O|  |TAMS 0x0000000083700000, 0x0000000083700000| Untracked 
|  55|0x0000000083700000, 0x0000000083800000, 0x0000000083800000|100%| O|  |TAMS 0x000000008376de00, 0x0000000083800000| Untracked 
|  56|0x0000000083800000, 0x0000000083800000, 0x0000000083900000|  0%| F|  |TAMS 0x0000000083800000, 0x0000000083800000| Untracked 
|  57|0x0000000083900000, 0x0000000083900000, 0x0000000083a00000|  0%| F|  |TAMS 0x0000000083900000, 0x0000000083900000| Untracked 
|  58|0x0000000083a00000, 0x0000000083a00000, 0x0000000083b00000|  0%| F|  |TAMS 0x0000000083a00000, 0x0000000083a00000| Untracked 
|  59|0x0000000083b00000, 0x0000000083b00000, 0x0000000083c00000|  0%| F|  |TAMS 0x0000000083b00000, 0x0000000083b00000| Untracked 
|  60|0x0000000083c00000, 0x0000000083c00000, 0x0000000083d00000|  0%| F|  |TAMS 0x0000000083c00000, 0x0000000083c00000| Untracked 
|  61|0x0000000083d00000, 0x0000000083d00000, 0x0000000083e00000|  0%| F|  |TAMS 0x0000000083d00000, 0x0000000083d00000| Untracked 
|  62|0x0000000083e00000, 0x0000000083e00000, 0x0000000083f00000|  0%| F|  |TAMS 0x0000000083e00000, 0x0000000083e00000| Untracked 
|  63|0x0000000083f00000, 0x0000000083f00000, 0x0000000084000000|  0%| F|  |TAMS 0x0000000083f00000, 0x0000000083f00000| Untracked 
|  64|0x0000000084000000, 0x0000000084000000, 0x0000000084100000|  0%| F|  |TAMS 0x0000000084000000, 0x0000000084000000| Untracked 
|  65|0x0000000084100000, 0x0000000084100000, 0x0000000084200000|  0%| F|  |TAMS 0x0000000084100000, 0x0000000084100000| Untracked 
|  66|0x0000000084200000, 0x0000000084200000, 0x0000000084300000|  0%| F|  |TAMS 0x0000000084200000, 0x0000000084200000| Untracked 
|  67|0x0000000084300000, 0x0000000084300000, 0x0000000084400000|  0%| F|  |TAMS 0x0000000084300000, 0x0000000084300000| Untracked 
|  68|0x0000000084400000, 0x0000000084400000, 0x0000000084500000|  0%| F|  |TAMS 0x0000000084400000, 0x0000000084400000| Untracked 
|  69|0x0000000084500000, 0x000000008456d1e0, 0x0000000084600000| 42%| S|CS|TAMS 0x0000000084500000, 0x0000000084500000| Complete 
|  70|0x0000000084600000, 0x0000000084600000, 0x0000000084700000|  0%| F|  |TAMS 0x0000000084600000, 0x0000000084600000| Untracked 
|  71|0x0000000084700000, 0x0000000084700000, 0x0000000084800000|  0%| F|  |TAMS 0x0000000084700000, 0x0000000084700000| Untracked 
|  72|0x0000000084800000, 0x0000000084800000, 0x0000000084900000|  0%| F|  |TAMS 0x0000000084800000, 0x0000000084800000| Untracked 
|  73|0x0000000084900000, 0x0000000084900000, 0x0000000084a00000|  0%| F|  |TAMS 0x0000000084900000, 0x0000000084900000| Untracked 
|  74|0x0000000084a00000, 0x0000000084a00000, 0x0000000084b00000|  0%| F|  |TAMS 0x0000000084a00000, 0x0000000084a00000| Untracked 
|  75|0x0000000084b00000, 0x0000000084b00000, 0x0000000084c00000|  0%| F|  |TAMS 0x0000000084b00000, 0x0000000084b00000| Untracked 
|  76|0x0000000084c00000, 0x0000000084c00000, 0x0000000084d00000|  0%| F|  |TAMS 0x0000000084c00000, 0x0000000084c00000| Untracked 
|  77|0x0000000084d00000, 0x0000000084d00000, 0x0000000084e00000|  0%| F|  |TAMS 0x0000000084d00000, 0x0000000084d00000| Untracked 
|  78|0x0000000084e00000, 0x0000000084e00000, 0x0000000084f00000|  0%| F|  |TAMS 0x0000000084e00000, 0x0000000084e00000| Untracked 
|  79|0x0000000084f00000, 0x0000000084f00000, 0x0000000085000000|  0%| F|  |TAMS 0x0000000084f00000, 0x0000000084f00000| Untracked 
|  80|0x0000000085000000, 0x0000000085000000, 0x0000000085100000|  0%| F|  |TAMS 0x0000000085000000, 0x0000000085000000| Untracked 
|  81|0x0000000085100000, 0x0000000085100000, 0x0000000085200000|  0%| F|  |TAMS 0x0000000085100000, 0x0000000085100000| Untracked 
|  82|0x0000000085200000, 0x0000000085200000, 0x0000000085300000|  0%| F|  |TAMS 0x0000000085200000, 0x0000000085200000| Untracked 
|  83|0x0000000085300000, 0x0000000085300000, 0x0000000085400000|  0%| F|  |TAMS 0x0000000085300000, 0x0000000085300000| Untracked 
|  84|0x0000000085400000, 0x0000000085400000, 0x0000000085500000|  0%| F|  |TAMS 0x0000000085400000, 0x0000000085400000| Untracked 
|  85|0x0000000085500000, 0x0000000085500000, 0x0000000085600000|  0%| F|  |TAMS 0x0000000085500000, 0x0000000085500000| Untracked 
|  86|0x0000000085600000, 0x0000000085600000, 0x0000000085700000|  0%| F|  |TAMS 0x0000000085600000, 0x0000000085600000| Untracked 
|  87|0x0000000085700000, 0x0000000085700000, 0x0000000085800000|  0%| F|  |TAMS 0x0000000085700000, 0x0000000085700000| Untracked 
|  88|0x0000000085800000, 0x0000000085800000, 0x0000000085900000|  0%| F|  |TAMS 0x0000000085800000, 0x0000000085800000| Untracked 
|  89|0x0000000085900000, 0x0000000085900000, 0x0000000085a00000|  0%| F|  |TAMS 0x0000000085900000, 0x0000000085900000| Untracked 
|  90|0x0000000085a00000, 0x0000000085a00000, 0x0000000085b00000|  0%| F|  |TAMS 0x0000000085a00000, 0x0000000085a00000| Untracked 
|  91|0x0000000085b00000, 0x0000000085b00000, 0x0000000085c00000|  0%| F|  |TAMS 0x0000000085b00000, 0x0000000085b00000| Untracked 
|  92|0x0000000085c00000, 0x0000000085c00000, 0x0000000085d00000|  0%| F|  |TAMS 0x0000000085c00000, 0x0000000085c00000| Untracked 
|  93|0x0000000085d00000, 0x0000000085d00000, 0x0000000085e00000|  0%| F|  |TAMS 0x0000000085d00000, 0x0000000085d00000| Untracked 
|  94|0x0000000085e00000, 0x0000000085e00000, 0x0000000085f00000|  0%| F|  |TAMS 0x0000000085e00000, 0x0000000085e00000| Untracked 
|  95|0x0000000085f00000, 0x0000000085f00000, 0x0000000086000000|  0%| F|  |TAMS 0x0000000085f00000, 0x0000000085f00000| Untracked 
|  96|0x0000000086000000, 0x0000000086000000, 0x0000000086100000|  0%| F|  |TAMS 0x0000000086000000, 0x0000000086000000| Untracked 
|  97|0x0000000086100000, 0x0000000086100000, 0x0000000086200000|  0%| F|  |TAMS 0x0000000086100000, 0x0000000086100000| Untracked 
|  98|0x0000000086200000, 0x0000000086200000, 0x0000000086300000|  0%| F|  |TAMS 0x0000000086200000, 0x0000000086200000| Untracked 
|  99|0x0000000086300000, 0x0000000086300000, 0x0000000086400000|  0%| F|  |TAMS 0x0000000086300000, 0x0000000086300000| Untracked 
| 100|0x0000000086400000, 0x0000000086400000, 0x0000000086500000|  0%| F|  |TAMS 0x0000000086400000, 0x0000000086400000| Untracked 
| 101|0x0000000086500000, 0x0000000086500000, 0x0000000086600000|  0%| F|  |TAMS 0x0000000086500000, 0x0000000086500000| Untracked 
| 102|0x0000000086600000, 0x0000000086600000, 0x0000000086700000|  0%| F|  |TAMS 0x0000000086600000, 0x0000000086600000| Untracked 
| 103|0x0000000086700000, 0x0000000086700000, 0x0000000086800000|  0%| F|  |TAMS 0x0000000086700000, 0x0000000086700000| Untracked 
| 104|0x0000000086800000, 0x0000000086800000, 0x0000000086900000|  0%| F|  |TAMS 0x0000000086800000, 0x0000000086800000| Untracked 
| 105|0x0000000086900000, 0x0000000086900000, 0x0000000086a00000|  0%| F|  |TAMS 0x0000000086900000, 0x0000000086900000| Untracked 
| 106|0x0000000086a00000, 0x0000000086a00000, 0x0000000086b00000|  0%| F|  |TAMS 0x0000000086a00000, 0x0000000086a00000| Untracked 
| 107|0x0000000086b00000, 0x0000000086b00000, 0x0000000086c00000|  0%| F|  |TAMS 0x0000000086b00000, 0x0000000086b00000| Untracked 
| 108|0x0000000086c00000, 0x0000000086c00000, 0x0000000086d00000|  0%| F|  |TAMS 0x0000000086c00000, 0x0000000086c00000| Untracked 
| 109|0x0000000086d00000, 0x0000000086d00000, 0x0000000086e00000|  0%| F|  |TAMS 0x0000000086d00000, 0x0000000086d00000| Untracked 
| 110|0x0000000086e00000, 0x0000000086e00000, 0x0000000086f00000|  0%| F|  |TAMS 0x0000000086e00000, 0x0000000086e00000| Untracked 
| 111|0x0000000086f00000, 0x0000000086f00000, 0x0000000087000000|  0%| F|  |TAMS 0x0000000086f00000, 0x0000000086f00000| Untracked 
| 112|0x0000000087000000, 0x0000000087000000, 0x0000000087100000|  0%| F|  |TAMS 0x0000000087000000, 0x0000000087000000| Untracked 
| 113|0x0000000087100000, 0x0000000087100000, 0x0000000087200000|  0%| F|  |TAMS 0x0000000087100000, 0x0000000087100000| Untracked 
| 114|0x0000000087200000, 0x0000000087200000, 0x0000000087300000|  0%| F|  |TAMS 0x0000000087200000, 0x0000000087200000| Untracked 
| 115|0x0000000087300000, 0x0000000087300000, 0x0000000087400000|  0%| F|  |TAMS 0x0000000087300000, 0x0000000087300000| Untracked 
| 116|0x0000000087400000, 0x0000000087400000, 0x0000000087500000|  0%| F|  |TAMS 0x0000000087400000, 0x0000000087400000| Untracked 
| 117|0x0000000087500000, 0x0000000087500000, 0x0000000087600000|  0%| F|  |TAMS 0x0000000087500000, 0x0000000087500000| Untracked 
| 118|0x0000000087600000, 0x0000000087600000, 0x0000000087700000|  0%| F|  |TAMS 0x0000000087600000, 0x0000000087600000| Untracked 
| 119|0x0000000087700000, 0x0000000087700000, 0x0000000087800000|  0%| F|  |TAMS 0x0000000087700000, 0x0000000087700000| Untracked 
| 120|0x0000000087800000, 0x0000000087800000, 0x0000000087900000|  0%| F|  |TAMS 0x0000000087800000, 0x0000000087800000| Untracked 
| 121|0x0000000087900000, 0x0000000087900000, 0x0000000087a00000|  0%| F|  |TAMS 0x0000000087900000, 0x0000000087900000| Untracked 
| 122|0x0000000087a00000, 0x0000000087a00000, 0x0000000087b00000|  0%| F|  |TAMS 0x0000000087a00000, 0x0000000087a00000| Untracked 
| 123|0x0000000087b00000, 0x0000000087b00000, 0x0000000087c00000|  0%| F|  |TAMS 0x0000000087b00000, 0x0000000087b00000| Untracked 

Card table byte_map: [0x000001ea988e0000,0x000001ea98ce0000] _byte_map_base: 0x000001ea984e0000

Marking Bits (Prev, Next): (CMBitMap*) 0x000001ea83a5d6f0, (CMBitMap*) 0x000001ea83a5d730
 Prev Bits: [0x000001ea990e0000, 0x000001ea9b0e0000)
 Next Bits: [0x000001ea9b0e0000, 0x000001ea9d0e0000)

Polling page: 0x000001ea83a80000

Metaspace:

Usage:
  Non-class:     43.55 MB used.
      Class:      5.09 MB used.
       Both:     48.64 MB used.

Virtual space:
  Non-class space:       64.00 MB reserved,      44.25 MB ( 69%) committed,  1 nodes.
      Class space:        1.00 GB reserved,       5.69 MB ( <1%) committed,  1 nodes.
             Both:        1.06 GB reserved,      49.94 MB (  5%) committed. 

Chunk freelists:
   Non-Class:  3.75 MB
       Class:  10.21 MB
        Both:  13.96 MB

MaxMetaspaceSize: unlimited
CompressedClassSpaceSize: 1.00 GB
Initial GC threshold: 21.00 MB
Current GC threshold: 83.06 MB
CDS: off
MetaspaceReclaimPolicy: balanced
 - commit_granule_bytes: 65536.
 - commit_granule_words: 8192.
 - virtual_space_node_default_size: 8388608.
 - enlarge_chunks_in_place: 1.
 - new_chunks_are_fully_committed: 0.
 - uncommit_free_chunks: 1.
 - use_allocation_guard: 0.
 - handle_deallocations: 1.


Internal statistics:

num_allocs_failed_limit: 6.
num_arena_births: 1254.
num_arena_deaths: 0.
num_vsnodes_births: 2.
num_vsnodes_deaths: 0.
num_space_committed: 799.
num_space_uncommitted: 0.
num_chunks_returned_to_freelist: 6.
num_chunks_taken_from_freelist: 2649.
num_chunk_merges: 6.
num_chunk_splits: 1600.
num_chunks_enlarged: 827.
num_inconsistent_stats: 0.

CodeHeap 'non-profiled nmethods': size=120000Kb used=7164Kb max_used=7164Kb free=112836Kb
 bounds [0x000001ea90330000, 0x000001ea90a30000, 0x000001ea97860000]
CodeHeap 'profiled nmethods': size=120000Kb used=20594Kb max_used=20594Kb free=99405Kb
 bounds [0x000001ea88860000, 0x000001ea89c80000, 0x000001ea8fd90000]
CodeHeap 'non-nmethods': size=5760Kb used=2327Kb max_used=2382Kb free=3432Kb
 bounds [0x000001ea8fd90000, 0x000001ea90000000, 0x000001ea90330000]
 total_blobs=10118 nmethods=9289 adapters=741
 compilation: enabled
              stopped_count=0, restarted_count=0
 full_count=0

Compilation events (20 events):
Event: 199.977 Thread 0x000001eaa4099640 10913       4       org.openqa.selenium.remote.ErrorCodes$$Lambda$624/0x00000001005a41f0::test (12 bytes)
Event: 199.978 Thread 0x000001eaa4099640 nmethod 10913 0x000001ea90a1a410 code [0x000001ea90a1a5a0, 0x000001ea90a1a798]
Event: 200.012 Thread 0x000001eaa4099640 10914       4       org.openqa.selenium.remote.ErrorCodes$$Lambda$629/0x00000001005a48a0::test (12 bytes)
Event: 200.013 Thread 0x000001eaa4099640 nmethod 10914 0x000001ea90a1a890 code [0x000001ea90a1aa20, 0x000001ea90a1ac18]
Event: 200.039 Thread 0x000001eaa40ab570 10915       3       com.google.common.collect.CollectSpliterators$1::estimateSize (10 bytes)
Event: 200.039 Thread 0x000001eaa4099640 10916       4       java.util.IdentityHashMap::put (137 bytes)
Event: 200.039 Thread 0x000001eaa40ab570 nmethod 10915 0x000001ea89c7ce10 code [0x000001ea89c7cfc0, 0x000001ea89c7d188]
Event: 200.043 Thread 0x000001eaa4099640 nmethod 10916 0x000001ea90a1ad10 code [0x000001ea90a1aec0, 0x000001ea90a1b508]
Event: 200.043 Thread 0x000001eaa4099640 10917   !   4       org.openqa.selenium.remote.http.HttpMessage::getContent (151 bytes)
Event: 200.090 Thread 0x000001eaa4099640 nmethod 10917 0x000001ea90a1b890 code [0x000001ea90a1bb20, 0x000001ea90a20518]
Event: 200.091 Thread 0x000001eaa4099640 10918       4       com.google.common.collect.AbstractMultiset::addAll (6 bytes)
Event: 200.091 Thread 0x000001eaa4099640 nmethod 10918 0x000001ea90a23690 code [0x000001ea90a23820, 0x000001ea90a239a8]
Event: 200.125 Thread 0x000001eaa4099640 10919       4       okio.Buffer::write (295 bytes)
Event: 200.137 Thread 0x000001eaa4099640 nmethod 10919 0x000001ea90a23b90 code [0x000001ea90a23d60, 0x000001ea90a253d8]
Event: 200.255 Thread 0x000001eaa4099640 10920       4       org.openqa.selenium.AbstractCapabilities::abbreviate (287 bytes)
Event: 200.265 Thread 0x000001eaa40ab570 10921       3       java.util.Optional::get (22 bytes)
Event: 200.265 Thread 0x000001eaa40ab570 nmethod 10921 0x000001ea89c7d290 code [0x000001ea89c7d440, 0x000001ea89c7d668]
Event: 200.344 Thread 0x000001eaa4099640 nmethod 10920 0x000001ea90a25910 code [0x000001ea90a25d80, 0x000001ea90a2c4c0]
Event: 200.344 Thread 0x000001eaa4099640 10922       4       org.openqa.selenium.json.JsonTypeCoercer$$Lambda$428/0x000000010048ec20::accept (12 bytes)
Event: 200.345 Thread 0x000001eaa4099640 nmethod 10922 0x000001ea90a2ec10 code [0x000001ea90a2eda0, 0x000001ea90a2eea8]

GC Heap History (20 events):
Event: 180.370 GC heap after
{Heap after GC invocations=65 (full 0):
 garbage-first heap   total 116736K, used 53890K [0x0000000080000000, 0x0000000100000000)
  region size 1024K, 3 young (3072K), 3 survivors (3072K)
 Metaspace       used 49547K, committed 50816K, reserved 1114112K
  class space    used 5185K, committed 5760K, reserved 1048576K
}
Event: 183.640 GC heap before
{Heap before GC invocations=65 (full 0):
 garbage-first heap   total 116736K, used 98946K [0x0000000080000000, 0x0000000100000000)
  region size 1024K, 48 young (49152K), 3 survivors (3072K)
 Metaspace       used 49605K, committed 50880K, reserved 1114112K
  class space    used 5187K, committed 5760K, reserved 1048576K
}
Event: 183.643 GC heap after
{Heap after GC invocations=66 (full 0):
 garbage-first heap   total 116736K, used 54465K [0x0000000080000000, 0x0000000100000000)
  region size 1024K, 4 young (4096K), 4 survivors (4096K)
 Metaspace       used 49605K, committed 50880K, reserved 1114112K
  class space    used 5187K, committed 5760K, reserved 1048576K
}
Event: 186.093 GC heap before
{Heap before GC invocations=66 (full 0):
 garbage-first heap   total 116736K, used 97473K [0x0000000080000000, 0x0000000100000000)
  region size 1024K, 47 young (48128K), 4 survivors (4096K)
 Metaspace       used 49631K, committed 50880K, reserved 1114112K
  class space    used 5188K, committed 5760K, reserved 1048576K
}
Event: 186.096 GC heap after
{Heap after GC invocations=67 (full 0):
 garbage-first heap   total 116736K, used 54772K [0x0000000080000000, 0x0000000100000000)
  region size 1024K, 4 young (4096K), 4 survivors (4096K)
 Metaspace       used 49631K, committed 50880K, reserved 1114112K
  class space    used 5188K, committed 5760K, reserved 1048576K
}
Event: 187.649 GC heap before
{Heap before GC invocations=67 (full 0):
 garbage-first heap   total 116736K, used 97780K [0x0000000080000000, 0x0000000100000000)
  region size 1024K, 47 young (48128K), 4 survivors (4096K)
 Metaspace       used 49664K, committed 51008K, reserved 1114112K
  class space    used 5192K, committed 5824K, reserved 1048576K
}
Event: 187.653 GC heap after
{Heap after GC invocations=68 (full 0):
 garbage-first heap   total 116736K, used 54743K [0x0000000080000000, 0x0000000100000000)
  region size 1024K, 4 young (4096K), 4 survivors (4096K)
 Metaspace       used 49664K, committed 51008K, reserved 1114112K
  class space    used 5192K, committed 5824K, reserved 1048576K
}
Event: 191.127 GC heap before
{Heap before GC invocations=68 (full 0):
 garbage-first heap   total 116736K, used 96727K [0x0000000080000000, 0x0000000100000000)
  region size 1024K, 46 young (47104K), 4 survivors (4096K)
 Metaspace       used 49681K, committed 51008K, reserved 1114112K
  class space    used 5194K, committed 5824K, reserved 1048576K
}
Event: 191.130 GC heap after
{Heap after GC invocations=69 (full 0):
 garbage-first heap   total 116736K, used 55461K [0x0000000080000000, 0x0000000100000000)
  region size 1024K, 4 young (4096K), 4 survivors (4096K)
 Metaspace       used 49681K, committed 51008K, reserved 1114112K
  class space    used 5194K, committed 5824K, reserved 1048576K
}
Event: 194.011 GC heap before
{Heap before GC invocations=70 (full 0):
 garbage-first heap   total 116736K, used 97445K [0x0000000080000000, 0x0000000100000000)
  region size 1024K, 46 young (47104K), 4 survivors (4096K)
 Metaspace       used 49706K, committed 51136K, reserved 1114112K
  class space    used 5196K, committed 5824K, reserved 1048576K
}
Event: 194.014 GC heap after
{Heap after GC invocations=71 (full 0):
 garbage-first heap   total 116736K, used 55876K [0x0000000080000000, 0x0000000100000000)
  region size 1024K, 4 young (4096K), 4 survivors (4096K)
 Metaspace       used 49706K, committed 51136K, reserved 1114112K
  class space    used 5196K, committed 5824K, reserved 1048576K
}
Event: 194.015 GC heap before
{Heap before GC invocations=71 (full 0):
 garbage-first heap   total 116736K, used 56900K [0x0000000080000000, 0x0000000100000000)
  region size 1024K, 5 young (5120K), 4 survivors (4096K)
 Metaspace       used 49706K, committed 51136K, reserved 1114112K
  class space    used 5196K, committed 5824K, reserved 1048576K
}
Event: 194.020 GC heap after
{Heap after GC invocations=72 (full 0):
 garbage-first heap   total 116736K, used 55403K [0x0000000080000000, 0x0000000100000000)
  region size 1024K, 0 young (0K), 0 survivors (0K)
 Metaspace       used 49706K, committed 51136K, reserved 1114112K
  class space    used 5196K, committed 5824K, reserved 1048576K
}
Event: 196.968 GC heap before
{Heap before GC invocations=72 (full 0):
 garbage-first heap   total 116736K, used 99435K [0x0000000080000000, 0x0000000100000000)
  region size 1024K, 44 young (45056K), 0 survivors (0K)
 Metaspace       used 49719K, committed 51136K, reserved 1114112K
  class space    used 5199K, committed 5824K, reserved 1048576K
}
Event: 196.969 GC heap after
{Heap after GC invocations=73 (full 0):
 garbage-first heap   total 116736K, used 56643K [0x0000000080000000, 0x0000000100000000)
  region size 1024K, 2 young (2048K), 2 survivors (2048K)
 Metaspace       used 49719K, committed 51136K, reserved 1114112K
  class space    used 5199K, committed 5824K, reserved 1048576K
}
Event: 198.909 GC heap before
{Heap before GC invocations=74 (full 0):
 garbage-first heap   total 119808K, used 99651K [0x0000000080000000, 0x0000000100000000)
  region size 1024K, 44 young (45056K), 2 survivors (2048K)
 Metaspace       used 49801K, committed 51136K, reserved 1114112K
  class space    used 5212K, committed 5824K, reserved 1048576K
}
Event: 198.911 GC heap after
{Heap after GC invocations=75 (full 0):
 garbage-first heap   total 119808K, used 56121K [0x0000000080000000, 0x0000000100000000)
  region size 1024K, 1 young (1024K), 1 survivors (1024K)
 Metaspace       used 49801K, committed 51136K, reserved 1114112K
  class space    used 5212K, committed 5824K, reserved 1048576K
}
Event: 199.037 GC heap before
{Heap before GC invocations=75 (full 0):
 garbage-first heap   total 119808K, used 60217K [0x0000000080000000, 0x0000000100000000)
  region size 1024K, 5 young (5120K), 1 survivors (1024K)
 Metaspace       used 49802K, committed 51136K, reserved 1114112K
  class space    used 5212K, committed 5824K, reserved 1048576K
}
Event: 199.040 GC heap after
{Heap after GC invocations=76 (full 0):
 garbage-first heap   total 119808K, used 56015K [0x0000000080000000, 0x0000000100000000)
  region size 1024K, 1 young (1024K), 1 survivors (1024K)
 Metaspace       used 49802K, committed 51136K, reserved 1114112K
  class space    used 5212K, committed 5824K, reserved 1048576K
}
Event: 200.449 GC heap before
{Heap before GC invocations=76 (full 0):
 garbage-first heap   total 119808K, used 103119K [0x0000000080000000, 0x0000000100000000)
  region size 1024K, 47 young (48128K), 1 survivors (1024K)
 Metaspace       used 49808K, committed 51136K, reserved 1114112K
  class space    used 5212K, committed 5824K, reserved 1048576K
}

Dll operation events (7 events):
Event: 0.005 Loaded shared library C:\Users\Admin\.katalon\packages\Katalon_Studio_Windows_64-9.3.1\Katalon_Studio_Windows_64-9.3.1\jre\bin\java.dll
Event: 0.120 Loaded shared library C:\Users\Admin\.katalon\packages\Katalon_Studio_Windows_64-9.3.1\Katalon_Studio_Windows_64-9.3.1\jre\bin\net.dll
Event: 0.121 Loaded shared library C:\Users\Admin\.katalon\packages\Katalon_Studio_Windows_64-9.3.1\Katalon_Studio_Windows_64-9.3.1\jre\bin\nio.dll
Event: 0.126 Loaded shared library C:\Users\Admin\.katalon\packages\Katalon_Studio_Windows_64-9.3.1\Katalon_Studio_Windows_64-9.3.1\jre\bin\zip.dll
Event: 0.326 Loaded shared library C:\Users\Admin\.katalon\packages\Katalon_Studio_Windows_64-9.3.1\Katalon_Studio_Windows_64-9.3.1\jre\bin\verify.dll
Event: 0.449 Loaded shared library C:\Users\Admin\.katalon\packages\Katalon_Studio_Windows_64-9.3.1\Katalon_Studio_Windows_64-9.3.1\jre\bin\jimage.dll
Event: 3.008 Loaded shared library C:\Users\Admin\.katalon\packages\Katalon_Studio_Windows_64-9.3.1\Katalon_Studio_Windows_64-9.3.1\jre\bin\sunmscapi.dll

Deoptimization events (20 events):
Event: 188.337 Thread 0x000001ea839fe020 Uncommon trap: trap_request=0xffffffcc fr.pc=0x000001ea906e9318 relative=0x00000000000001f8
Event: 188.337 Thread 0x000001ea839fe020 Uncommon trap: reason=intrinsic_or_type_checked_inlining action=make_not_entrant pc=0x000001ea906e9318 method=java.util.concurrent.CopyOnWriteArrayList.toArray([Ljava/lang/Object;)[Ljava/lang/Object; @ 29 c2
Event: 188.337 Thread 0x000001ea839fe020 DEOPT PACKING pc=0x000001ea906e9318 sp=0x000000a62b0fb8e0
Event: 188.337 Thread 0x000001ea839fe020 DEOPT UNPACKING pc=0x000001ea8fdea1a3 sp=0x000000a62b0fb870 mode 2
Event: 188.342 Thread 0x000001ea839fe020 Uncommon trap: trap_request=0xffffffdc fr.pc=0x000001ea9067d908 relative=0x0000000000000168
Event: 188.342 Thread 0x000001ea839fe020 Uncommon trap: reason=class_check action=make_not_entrant pc=0x000001ea9067d908 method=java.util.concurrent.CopyOnWriteArrayList.toArray([Ljava/lang/Object;)[Ljava/lang/Object; @ 20 c2
Event: 188.342 Thread 0x000001ea839fe020 DEOPT PACKING pc=0x000001ea9067d908 sp=0x000000a62b0fbf20
Event: 188.342 Thread 0x000001ea839fe020 DEOPT UNPACKING pc=0x000001ea8fdea1a3 sp=0x000000a62b0fbe50 mode 2
Event: 191.277 Thread 0x000001ea839fe020 Uncommon trap: trap_request=0xfffffff4 fr.pc=0x000001ea9067d1d8 relative=0x0000000000000198
Event: 191.277 Thread 0x000001ea839fe020 Uncommon trap: reason=null_check action=make_not_entrant pc=0x000001ea9067d1d8 method=com.google.gson.internal.Excluder.isStatic(Ljava/lang/Class;)Z @ 1 c2
Event: 191.277 Thread 0x000001ea839fe020 DEOPT PACKING pc=0x000001ea9067d1d8 sp=0x000000a62b0fb970
Event: 191.277 Thread 0x000001ea839fe020 DEOPT UNPACKING pc=0x000001ea8fdea1a3 sp=0x000000a62b0fb8c8 mode 2
Event: 192.568 Thread 0x000001ea839fe020 DEOPT PACKING pc=0x000001ea899b4fdb sp=0x000000a62b0fc280
Event: 192.568 Thread 0x000001ea839fe020 DEOPT UNPACKING pc=0x000001ea8fdeace3 sp=0x000000a62b0fb748 mode 0
Event: 198.241 Thread 0x000001ea839fe020 DEOPT PACKING pc=0x000001ea899c5dfd sp=0x000000a62b0fb3b0
Event: 198.241 Thread 0x000001ea839fe020 DEOPT UNPACKING pc=0x000001ea8fdeace3 sp=0x000000a62b0fa908 mode 0
Event: 198.272 Thread 0x000001ea839fe020 Uncommon trap: trap_request=0xffffff45 fr.pc=0x000001ea90366f20 relative=0x0000000000000460
Event: 198.272 Thread 0x000001ea839fe020 Uncommon trap: reason=unstable_if action=reinterpret pc=0x000001ea90366f20 method=java.util.StringJoiner.add(Ljava/lang/CharSequence;)Ljava/util/StringJoiner; @ 33 c2
Event: 198.272 Thread 0x000001ea839fe020 DEOPT PACKING pc=0x000001ea90366f20 sp=0x000000a62b0fb070
Event: 198.272 Thread 0x000001ea839fe020 DEOPT UNPACKING pc=0x000001ea8fdea1a3 sp=0x000000a62b0fb020 mode 2

Classes unloaded (0 events):
No events

Classes redefined (0 events):
No events

Internal exceptions (20 events):
Event: 194.174 Thread 0x000001ea839fe020 Exception <a 'java/net/SocketException'{0x0000000086737200}: Socket is not connected: shutdown> (0x0000000086737200) 
thrown [s\src\hotspot\share\prims\jni.cpp, line 535]
Event: 194.180 Thread 0x000001eaa5165fe0 Exception <a 'java/net/ConnectException'{0x000000008679e958}: Connection refused: no further information> (0x000000008679e958) 
thrown [s\src\hotspot\share\prims\jni.cpp, line 535]
Event: 194.180 Thread 0x000001eaa5165fe0 Exception <a 'java/net/SocketException'{0x000000008679ec90}: Socket is not connected: shutdown> (0x000000008679ec90) 
thrown [s\src\hotspot\share\prims\jni.cpp, line 535]
Event: 194.202 Thread 0x000001eaa5165fe0 Exception <a 'java/net/ConnectException'{0x0000000086600e48}: Connection refused: no further information> (0x0000000086600e48) 
thrown [s\src\hotspot\share\prims\jni.cpp, line 535]
Event: 194.202 Thread 0x000001eaa5165fe0 Exception <a 'java/net/SocketException'{0x00000000866013d8}: Socket is not connected: shutdown> (0x00000000866013d8) 
thrown [s\src\hotspot\share\prims\jni.cpp, line 535]
Event: 195.526 Thread 0x000001ea839fe020 Exception <a 'java/lang/ClassNotFoundException'{0x00000000860e6998}: Script1BeanInfo> (0x00000000860e6998) 
thrown [s\src\hotspot\share\classfile\systemDictionary.cpp, line 256]
Event: 195.528 Thread 0x000001ea839fe020 Exception <a 'java/lang/ClassNotFoundException'{0x0000000085f105f0}: Script1Customizer> (0x0000000085f105f0) 
thrown [s\src\hotspot\share\classfile\systemDictionary.cpp, line 256]
Event: 196.026 Thread 0x000001ea839fe020 Exception <a 'java/lang/ClassNotFoundException'{0x0000000085b01e38}: Script1BeanInfo> (0x0000000085b01e38) 
thrown [s\src\hotspot\share\classfile\systemDictionary.cpp, line 256]
Event: 196.027 Thread 0x000001ea839fe020 Exception <a 'java/lang/ClassNotFoundException'{0x0000000085b2b5b8}: Script1Customizer> (0x0000000085b2b5b8) 
thrown [s\src\hotspot\share\classfile\systemDictionary.cpp, line 256]
Event: 196.305 Thread 0x000001ea839fe020 Exception <a 'java/lang/ClassNotFoundException'{0x000000008571b488}: Script1BeanInfo> (0x000000008571b488) 
thrown [s\src\hotspot\share\classfile\systemDictionary.cpp, line 256]
Event: 196.307 Thread 0x000001ea839fe020 Exception <a 'java/lang/ClassNotFoundException'{0x0000000085744c08}: Script1Customizer> (0x0000000085744c08) 
thrown [s\src\hotspot\share\classfile\systemDictionary.cpp, line 256]
Event: 197.004 Thread 0x000001ea839fe020 Exception <a 'java/lang/ClassNotFoundException'{0x000000008712f4a8}: Script61BeanInfo> (0x000000008712f4a8) 
thrown [s\src\hotspot\share\classfile\systemDictionary.cpp, line 256]
Event: 197.006 Thread 0x000001ea839fe020 Exception <a 'java/lang/ClassNotFoundException'{0x0000000087161c20}: Script61Customizer> (0x0000000087161c20) 
thrown [s\src\hotspot\share\classfile\systemDictionary.cpp, line 256]
Event: 197.128 Thread 0x000001eaa5165fe0 Exception <a 'java/net/ConnectException'{0x00000000863247d0}: Connection refused: no further information> (0x00000000863247d0) 
thrown [s\src\hotspot\share\prims\jni.cpp, line 535]
Event: 197.128 Thread 0x000001eaa5165fe0 Exception <a 'java/net/SocketException'{0x0000000086324d98}: Socket is not connected: shutdown> (0x0000000086324d98) 
thrown [s\src\hotspot\share\prims\jni.cpp, line 535]
Event: 197.131 Thread 0x000001ea839fe020 Exception <a 'java/net/SocketException'{0x00000000864ecea0}: Socket is not connected: shutdown> (0x00000000864ecea0) 
thrown [s\src\hotspot\share\prims\jni.cpp, line 535]
Event: 197.160 Thread 0x000001eaa5165fe0 Exception <a 'java/net/ConnectException'{0x00000000863a61b8}: Connection refused: no further information> (0x00000000863a61b8) 
thrown [s\src\hotspot\share\prims\jni.cpp, line 535]
Event: 197.160 Thread 0x000001eaa5165fe0 Exception <a 'java/net/SocketException'{0x00000000863a64f0}: Socket is not connected: shutdown> (0x00000000863a64f0) 
thrown [s\src\hotspot\share\prims\jni.cpp, line 535]
Event: 198.253 Thread 0x000001ea839fe020 Exception <a 'java/lang/ClassNotFoundException'{0x0000000085b6a938}: Script1BeanInfo> (0x0000000085b6a938) 
thrown [s\src\hotspot\share\classfile\systemDictionary.cpp, line 256]
Event: 198.254 Thread 0x000001ea839fe020 Exception <a 'java/lang/ClassNotFoundException'{0x0000000085b94330}: Script1Customizer> (0x0000000085b94330) 
thrown [s\src\hotspot\share\classfile\systemDictionary.cpp, line 256]

VM Operations (20 events):
Event: 194.020 Executing VM operation: G1CollectForAllocation done
Event: 195.033 Executing VM operation: Cleanup
Event: 195.033 Executing VM operation: Cleanup done
Event: 196.034 Executing VM operation: Cleanup
Event: 196.034 Executing VM operation: Cleanup done
Event: 196.968 Executing VM operation: G1CollectForAllocation
Event: 196.970 Executing VM operation: G1CollectForAllocation done
Event: 196.986 Executing VM operation: G1Concurrent
Event: 196.995 Executing VM operation: G1Concurrent done
Event: 197.003 Executing VM operation: G1Concurrent
Event: 197.004 Executing VM operation: G1Concurrent done
Event: 198.017 Executing VM operation: Cleanup
Event: 198.017 Executing VM operation: Cleanup done
Event: 198.909 Executing VM operation: G1CollectForAllocation
Event: 198.911 Executing VM operation: G1CollectForAllocation done
Event: 199.037 Executing VM operation: G1CollectForAllocation
Event: 199.040 Executing VM operation: G1CollectForAllocation done
Event: 200.044 Executing VM operation: Cleanup
Event: 200.044 Executing VM operation: Cleanup done
Event: 200.449 Executing VM operation: G1CollectForAllocation

Events (20 events):
Event: 194.188 Thread 0x000001eaa6dc5de0 Thread added: 0x000001eaa6dc5de0
Event: 194.188 Thread 0x000001eaa6dc8930 Thread added: 0x000001eaa6dc8930
Event: 196.251 Thread 0x000001eaa6dc6c50 Thread exited: 0x000001eaa6dc6c50
Event: 197.095 Thread 0x000001eaa6dc8e00 Thread added: 0x000001eaa6dc8e00
Event: 197.099 Thread 0x000001eaa6dc5de0 Thread exited: 0x000001eaa6dc5de0
Event: 197.099 Thread 0x000001eaa6dc8930 Thread exited: 0x000001eaa6dc8930
Event: 197.101 Thread 0x000001eaa6dc8460 Thread exited: 0x000001eaa6dc8460
Event: 197.136 Thread 0x000001eaa6dc8460 Thread added: 0x000001eaa6dc8460
Event: 197.145 Thread 0x000001eaa6dc8930 Thread added: 0x000001eaa6dc8930
Event: 197.145 Thread 0x000001eaa6dc3c30 Thread added: 0x000001eaa6dc3c30
Event: 198.267 loading class java/util/stream/SortedOps$OfRef
Event: 198.267 loading class java/util/stream/SortedOps$OfRef done
Event: 198.267 loading class java/util/stream/SortedOps$RefSortingSink
Event: 198.267 loading class java/util/stream/SortedOps$AbstractRefSortingSink
Event: 198.267 loading class java/util/stream/SortedOps$AbstractRefSortingSink done
Event: 198.267 loading class java/util/stream/SortedOps$RefSortingSink done
Event: 198.271 loading class java/net/InetAddress$CachedLocalHost
Event: 198.271 loading class java/net/InetAddress$CachedLocalHost done
Event: 198.271 loading class java/util/stream/SortedOps$SizedRefSortingSink
Event: 198.271 loading class java/util/stream/SortedOps$SizedRefSortingSink done


Dynamic libraries:
0x00007ff6d3f30000 - 0x00007ff6d3f3e000 	C:\Users\Admin\.katalon\packages\Katalon_Studio_Windows_64-9.3.1\Katalon_Studio_Windows_64-9.3.1\jre\bin\javaw.exe
0x00007ff8eea90000 - 0x00007ff8eeca6000 	C:\WINDOWS\SYSTEM32\ntdll.dll
0x00007ff8edc60000 - 0x00007ff8edd24000 	C:\WINDOWS\System32\KERNEL32.DLL
0x00007ff8ebfe0000 - 0x00007ff8ec386000 	C:\WINDOWS\System32\KERNELBASE.dll
0x00007ff8ec440000 - 0x00007ff8ec551000 	C:\WINDOWS\System32\ucrtbase.dll
0x00007ff8ce060000 - 0x00007ff8ce079000 	C:\Users\Admin\.katalon\packages\Katalon_Studio_Windows_64-9.3.1\Katalon_Studio_Windows_64-9.3.1\jre\bin\VCRUNTIME140.dll
0x00007ff8a8e00000 - 0x00007ff8a8e17000 	C:\Users\Admin\.katalon\packages\Katalon_Studio_Windows_64-9.3.1\Katalon_Studio_Windows_64-9.3.1\jre\bin\jli.dll
0x00007ff8ec8c0000 - 0x00007ff8eca6d000 	C:\WINDOWS\System32\USER32.dll
0x00007ff8ec390000 - 0x00007ff8ec3b6000 	C:\WINDOWS\System32\win32u.dll
0x00007ff8c10a0000 - 0x00007ff8c1333000 	C:\WINDOWS\WinSxS\amd64_microsoft.windows.common-controls_6595b64144ccf1df_6.0.22621.3235_none_270f74e173860f98\COMCTL32.dll
0x00007ff8eddf0000 - 0x00007ff8ede19000 	C:\WINDOWS\System32\GDI32.dll
0x00007ff8ee420000 - 0x00007ff8ee4c7000 	C:\WINDOWS\System32\msvcrt.dll
0x00007ff8ec560000 - 0x00007ff8ec678000 	C:\WINDOWS\System32\gdi32full.dll
0x00007ff8ebf40000 - 0x00007ff8ebfda000 	C:\WINDOWS\System32\msvcp_win.dll
0x00007ff8eea10000 - 0x00007ff8eea41000 	C:\WINDOWS\System32\IMM32.DLL
0x00007ff8cecb0000 - 0x00007ff8cecbc000 	C:\Users\Admin\.katalon\packages\Katalon_Studio_Windows_64-9.3.1\Katalon_Studio_Windows_64-9.3.1\jre\bin\vcruntime140_1.dll
0x00007ff895220000 - 0x00007ff8952b1000 	C:\Users\Admin\.katalon\packages\Katalon_Studio_Windows_64-9.3.1\Katalon_Studio_Windows_64-9.3.1\jre\bin\msvcp140.dll
0x00007ff8473a0000 - 0x00007ff847fe8000 	C:\Users\Admin\.katalon\packages\Katalon_Studio_Windows_64-9.3.1\Katalon_Studio_Windows_64-9.3.1\jre\bin\server\jvm.dll
0x00007ff8edd30000 - 0x00007ff8edde2000 	C:\WINDOWS\System32\ADVAPI32.dll
0x00007ff8ee310000 - 0x00007ff8ee3b8000 	C:\WINDOWS\System32\sechost.dll
0x00007ff8ec680000 - 0x00007ff8ec6a8000 	C:\WINDOWS\System32\bcrypt.dll
0x00007ff8ed870000 - 0x00007ff8ed985000 	C:\WINDOWS\System32\RPCRT4.dll
0x00007ff8e1f40000 - 0x00007ff8e1f74000 	C:\WINDOWS\SYSTEM32\WINMM.dll
0x00007ff8e7690000 - 0x00007ff8e7699000 	C:\WINDOWS\SYSTEM32\WSOCK32.dll
0x00007ff8e1f30000 - 0x00007ff8e1f3a000 	C:\WINDOWS\SYSTEM32\VERSION.dll
0x00007ff8ec7e0000 - 0x00007ff8ec851000 	C:\WINDOWS\System32\WS2_32.dll
0x00007ff8eaf00000 - 0x00007ff8eaf18000 	C:\WINDOWS\SYSTEM32\kernel.appcore.dll
0x00007ff8d2ae0000 - 0x00007ff8d2aea000 	C:\Users\Admin\.katalon\packages\Katalon_Studio_Windows_64-9.3.1\Katalon_Studio_Windows_64-9.3.1\jre\bin\jimage.dll
0x00007ff8e98b0000 - 0x00007ff8e9ae3000 	C:\WINDOWS\SYSTEM32\DBGHELP.DLL
0x00007ff8ee4d0000 - 0x00007ff8ee858000 	C:\WINDOWS\System32\combase.dll
0x00007ff8ee910000 - 0x00007ff8ee9e7000 	C:\WINDOWS\System32\OLEAUT32.dll
0x00007ff8ceb30000 - 0x00007ff8ceb62000 	C:\WINDOWS\SYSTEM32\dbgcore.DLL
0x00007ff8ec3c0000 - 0x00007ff8ec43a000 	C:\WINDOWS\System32\bcryptPrimitives.dll
0x00007ff8cdf90000 - 0x00007ff8cdfb5000 	C:\Users\Admin\.katalon\packages\Katalon_Studio_Windows_64-9.3.1\Katalon_Studio_Windows_64-9.3.1\jre\bin\java.dll
0x00007ff8d26f0000 - 0x00007ff8d2708000 	C:\Users\Admin\.katalon\packages\Katalon_Studio_Windows_64-9.3.1\Katalon_Studio_Windows_64-9.3.1\jre\bin\zip.dll
0x00007ff8ecc40000 - 0x00007ff8ed49d000 	C:\WINDOWS\System32\SHELL32.dll
0x00007ff8e9d30000 - 0x00007ff8ea628000 	C:\WINDOWS\SYSTEM32\windows.storage.dll
0x00007ff8e9bf0000 - 0x00007ff8e9d2e000 	C:\WINDOWS\SYSTEM32\wintypes.dll
0x00007ff8ed5a0000 - 0x00007ff8ed693000 	C:\WINDOWS\System32\SHCORE.dll
0x00007ff8ee3c0000 - 0x00007ff8ee41e000 	C:\WINDOWS\System32\shlwapi.dll
0x00007ff8ebd00000 - 0x00007ff8ebd26000 	C:\WINDOWS\SYSTEM32\profapi.dll
0x00007ff8d2610000 - 0x00007ff8d2629000 	C:\Users\Admin\.katalon\packages\Katalon_Studio_Windows_64-9.3.1\Katalon_Studio_Windows_64-9.3.1\jre\bin\net.dll
0x00007ff8e21f0000 - 0x00007ff8e2327000 	C:\WINDOWS\SYSTEM32\WINHTTP.dll
0x00007ff8eb380000 - 0x00007ff8eb3e9000 	C:\WINDOWS\system32\mswsock.dll
0x00007ff8a99b0000 - 0x00007ff8a99c5000 	C:\Users\Admin\.katalon\packages\Katalon_Studio_Windows_64-9.3.1\Katalon_Studio_Windows_64-9.3.1\jre\bin\nio.dll
0x00007ff8cecc0000 - 0x00007ff8cecd0000 	C:\Users\Admin\.katalon\packages\Katalon_Studio_Windows_64-9.3.1\Katalon_Studio_Windows_64-9.3.1\jre\bin\verify.dll
0x00007ff8ea980000 - 0x00007ff8eaa79000 	C:\WINDOWS\SYSTEM32\DNSAPI.dll
0x00007ff8ea910000 - 0x00007ff8ea93d000 	C:\WINDOWS\SYSTEM32\IPHLPAPI.DLL
0x00007ff8ede20000 - 0x00007ff8ede29000 	C:\WINDOWS\System32\NSI.dll
0x00007ff8dd590000 - 0x00007ff8dd59a000 	C:\Windows\System32\rasadhlp.dll
0x00007ff8e0f10000 - 0x00007ff8e0f93000 	C:\WINDOWS\System32\fwpuclnt.dll
0x00007ff8ceb70000 - 0x00007ff8ceb7e000 	C:\Users\Admin\.katalon\packages\Katalon_Studio_Windows_64-9.3.1\Katalon_Studio_Windows_64-9.3.1\jre\bin\sunmscapi.dll
0x00007ff8ebdd0000 - 0x00007ff8ebf36000 	C:\WINDOWS\System32\CRYPT32.dll
0x00007ff8eb770000 - 0x00007ff8eb79e000 	C:\WINDOWS\SYSTEM32\ncrypt.dll
0x00007ff8eb730000 - 0x00007ff8eb767000 	C:\WINDOWS\SYSTEM32\NTASN1.dll
0x00007ff8eb5e0000 - 0x00007ff8eb5fb000 	C:\WINDOWS\SYSTEM32\CRYPTSP.dll
0x00007ff8eae60000 - 0x00007ff8eae95000 	C:\WINDOWS\system32\rsaenh.dll
0x00007ff8eb470000 - 0x00007ff8eb49c000 	C:\WINDOWS\SYSTEM32\USERENV.dll
0x00007ff8eb5d0000 - 0x00007ff8eb5dc000 	C:\WINDOWS\SYSTEM32\CRYPTBASE.dll
0x00007ff8e2600000 - 0x00007ff8e2619000 	C:\WINDOWS\SYSTEM32\dhcpcsvc6.DLL
0x00007ff8e1f80000 - 0x00007ff8e1f9f000 	C:\WINDOWS\SYSTEM32\dhcpcsvc.DLL
0x00007ff8a3890000 - 0x00007ff8a38a7000 	C:\WINDOWS\system32\napinsp.dll
0x00007ff89e060000 - 0x00007ff89e07b000 	C:\WINDOWS\system32\pnrpnsp.dll
0x00007ff897270000 - 0x00007ff897281000 	C:\WINDOWS\System32\winrnr.dll
0x00007ff8e12a0000 - 0x00007ff8e12b5000 	C:\WINDOWS\system32\wshbth.dll
0x00007ff8a0340000 - 0x00007ff8a0361000 	C:\WINDOWS\system32\nlansp_c.dll

dbghelp: loaded successfully - version: 4.0.5 - missing functions: none
symbol engine: initialized successfully - sym options: 0x614 - pdb path: .;C:\Users\Admin\.katalon\packages\Katalon_Studio_Windows_64-9.3.1\Katalon_Studio_Windows_64-9.3.1\jre\bin;C:\WINDOWS\SYSTEM32;C:\WINDOWS\WinSxS\amd64_microsoft.windows.common-controls_6595b64144ccf1df_6.0.22621.3235_none_270f74e173860f98;C:\Users\Admin\.katalon\packages\Katalon_Studio_Windows_64-9.3.1\Katalon_Studio_Windows_64-9.3.1\jre\bin\server

VM Arguments:
jvm_args: -Dgroovy.home=C:\Users\Admin/.groovy -Djava.system.class.loader=groovy.lang.GroovyClassLoader -Xmx2048m -Dfile.encoding=UTF-8 -XX:+ShowCodeDetailsInExceptionMessages 
java_command: org.codehaus.groovy.tools.GroovyStarter --classpath C:\Users\Admin\Katalon Studio\Lab02\bin\keyword;C:\Users\Admin\Katalon Studio\Lab02\Keywords;C:\Users\Admin\Katalon Studio\Lab02\bin\listener;C:\Users\Admin\Katalon Studio\Lab02\Test Listeners;C:\Users\Admin\Katalon Studio\Lab02\bin\lib;C:\Users\Admin\Katalon Studio\Lab02\Libs;C:\Users\Admin\Katalon Studio\Lab02\bin\groovy;C:\Users\Admin\Katalon Studio\Lab02\Include\scripts\groovy;C:\Users\Admin\.katalon\packages\Katalon_Studio_Windows_64-9.3.1\Katalon_Studio_Windows_64-9.3.1\plugins\com.kms.katalon.core_1.0.0.202402280646.jar;C:\Users\Admin\.katalon\packages\Katalon_Studio_Windows_64-9.3.1\Katalon_Studio_Windows_64-9.3.1\configuration\resources\lib\aalto-xml-1.0.0.jar;C:\Users\Admin\.katalon\packages\Katalon_Studio_Windows_64-9.3.1\Katalon_Studio_Windows_64-9.3.1\configuration\resources\lib\aspectjweaver-1.9.1.jar;C:\Users\Admin\.katalon\packages\Katalon_Studio_Windows_64-9.3.1\Katalon_Studio_Windows_64-9.3.1\configuration\resources\lib\bcpkix-jdk15on-1.64.jar;C:\Users\Admin\.katalon\packages\Katalon_Studio_Windows_64-9.3.1\Katalon_Studio_Windows_64-9.3.1\configuration\resources\lib\bcprov-jdk15on-1.64.jar;C:\Users\Admin\.katalon\packages\Katalon_Studio_Windows_64-9.3.1\Katalon_Studio_Windows_64-9.3.1\configuration\resources\lib\browsermob-core-2.1.5.jar;C:\Users\Admin\.katalon\packages\Katalon_Studio_Windows_64-9.3.1\Katalon_Studio_Windows_64-9.3.1\configuration\resources\lib\cglib-3.2.10.jar;C:\Users\Admin\.katalon\packages\Katalon_Studio_Windows_64-9.3.1\Katalon_Studio_Windows_64-9.3.1\configuration\resources\lib\commons-codec-1.10.jar;C:\Users\Admin\.katalon\packages\Katalon_Studio_Windows_64-9.3.1\Katalon_Studio_Windows_64-9.3.1\configuration\resources\lib\commons-collections4-4.1.jar;C:\Users\Admin\.katalon\packages\Katalon_Studio_Windows_64-9.3.1\Katalon_Studio_Windows_64-9.3.1\configuration\resources\lib\commons-validator-1.6.jar;C:\Users\Admin\.katalon\packages\Katalon_Studio_Windows_64-9.
java_class_path (initial): C:\Users\Admin\Katalon Studio\Lab02\bin\keyword;C:\Users\Admin\Katalon Studio\Lab02\bin\listener;C:\Users\Admin\Katalon Studio\Lab02\bin\lib;C:\Users\Admin\Katalon Studio\Lab02\bin\groovy;C:\Users\Admin\Katalon Studio\Lab02\bin;C:\Users\Admin\.katalon\packages\Katalon_Studio_Windows_64-9.3.1\Katalon_Studio_Windows_64-9.3.1\plugins\com.kms.katalon.core_1.0.0.202402280646.jar;C:\Users\Admin\.katalon\packages\Katalon_Studio_Windows_64-9.3.1\Katalon_Studio_Windows_64-9.3.1\configuration\resources\lib\aalto-xml-1.0.0.jar;C:\Users\Admin\.katalon\packages\Katalon_Studio_Windows_64-9.3.1\Katalon_Studio_Windows_64-9.3.1\configuration\resources\lib\aspectjweaver-1.9.1.jar;C:\Users\Admin\.katalon\packages\Katalon_Studio_Windows_64-9.3.1\Katalon_Studio_Windows_64-9.3.1\configuration\resources\lib\bcpkix-jdk15on-1.64.jar;C:\Users\Admin\.katalon\packages\Katalon_Studio_Windows_64-9.3.1\Katalon_Studio_Windows_64-9.3.1\configuration\resources\lib\bcprov-jdk15on-1.64.jar;C:\Users\Admin\.katalon\packages\Katalon_Studio_Windows_64-9.3.1\Katalon_Studio_Windows_64-9.3.1\configuration\resources\lib\browsermob-core-2.1.5.jar;C:\Users\Admin\.katalon\packages\Katalon_Studio_Windows_64-9.3.1\Katalon_Studio_Windows_64-9.3.1\configuration\resources\lib\cglib-3.2.10.jar;C:\Users\Admin\.katalon\packages\Katalon_Studio_Windows_64-9.3.1\Katalon_Studio_Windows_64-9.3.1\configuration\resources\lib\commons-codec-1.10.jar;C:\Users\Admin\.katalon\packages\Katalon_Studio_Windows_64-9.3.1\Katalon_Studio_Windows_64-9.3.1\configuration\resources\lib\commons-collections4-4.1.jar;C:\Users\Admin\.katalon\packages\Katalon_Studio_Windows_64-9.3.1\Katalon_Studio_Windows_64-9.3.1\configuration\resources\lib\commons-validator-1.6.jar;C:\Users\Admin\.katalon\packages\Katalon_Studio_Windows_64-9.3.1\Katalon_Studio_Windows_64-9.3.1\configuration\resources\lib\curvesapi-1.04.jar;C:\Users\Admin\.katalon\packages\Katalon_Studio_Windows_64-9.3.1\Katalon_Studio_Windows_64-9.3.1\configuration\r
Launcher Type: SUN_STANDARD

[Global flags]
     intx CICompilerCount                          = 4                                         {product} {ergonomic}
     uint ConcGCThreads                            = 3                                         {product} {ergonomic}
     uint G1ConcRefinementThreads                  = 10                                        {product} {ergonomic}
   size_t G1HeapRegionSize                         = 1048576                                   {product} {ergonomic}
    uintx GCDrainStackTargetSize                   = 64                                        {product} {ergonomic}
   size_t InitialHeapSize                          = 130023424                                 {product} {ergonomic}
   size_t MarkStackSize                            = 4194304                                   {product} {ergonomic}
   size_t MaxHeapSize                              = 2147483648                                {product} {command line}
   size_t MaxNewSize                               = 1287651328                                {product} {ergonomic}
   size_t MinHeapDeltaBytes                        = 1048576                                   {product} {ergonomic}
   size_t MinHeapSize                              = 8388608                                   {product} {ergonomic}
    uintx NonNMethodCodeHeapSize                   = 5839372                                {pd product} {ergonomic}
    uintx NonProfiledCodeHeapSize                  = 122909434                              {pd product} {ergonomic}
    uintx ProfiledCodeHeapSize                     = 122909434                              {pd product} {ergonomic}
    uintx ReservedCodeCacheSize                    = 251658240                              {pd product} {ergonomic}
     bool SegmentedCodeCache                       = true                                      {product} {ergonomic}
     bool ShowCodeDetailsInExceptionMessages       = true                                   {manageable} {command line}
   size_t SoftMaxHeapSize                          = 2147483648                             {manageable} {ergonomic}
     bool UseCompressedClassPointers               = true                           {product lp64_product} {ergonomic}
     bool UseCompressedOops                        = true                           {product lp64_product} {ergonomic}
     bool UseG1GC                                  = true                                      {product} {ergonomic}
     bool UseLargePagesIndividualAllocation        = false                                  {pd product} {ergonomic}

Logging:
Log output configuration:
 #0: stdout all=warning uptime,level,tags
 #1: stderr all=off uptime,level,tags

Environment Variables:
PATH=C:/Users/Admin/.katalon/packages/Katalon_Studio_Windows_64-9.3.1/Katalon_Studio_Windows_64-9.3.1/jre/bin/server;C:/Users/Admin/.katalon/packages/Katalon_Studio_Windows_64-9.3.1/Katalon_Studio_Windows_64-9.3.1/jre/bin;C:\Program Files (x86)\Common Files\Oracle\Java\javapath;C:\Windows\system32;C:\Windows;C:\Windows\System32\Wbem;C:\Windows\System32\WindowsPowerShell\v1.0\;C:\Windows\System32\OpenSSH\;C:\Program Files (x86)\NVIDIA Corporation\PhysX\Common;C:\WINDOWS\system32;C:\WINDOWS;C:\WINDOWS\System32\Wbem;C:\WINDOWS\System32\WindowsPowerShell\v1.0\;C:\WINDOWS\System32\OpenSSH\;C:\MinGW\bin;C:\Program Files\dotnet\;C:\Program Files\Microsoft SQL Server\Client SDK\ODBC\170\Tools\Binn\;C:\Program Files (x86)\Microsoft SQL Server\150\Tools\Binn\;C:\Program Files\Microsoft SQL Server\150\Tools\Binn\;C:\Program Files\Microsoft SQL Server\150\DTS\Binn\;C:\Program Files (x86)\Microsoft SQL Server\150\DTS\Binn\;C:\Program Files\Azure Data Studio\bin;C:\WINDOWS\system32;C:\WINDOWS;C:\WINDOWS\System32\Wbem;C:\WINDOWS\System32\WindowsPowerShell\v1.0\;C:\WINDOWS\System32\OpenSSH\;C:\Program Files\Git\cmd;C:\Users\Admin\AppData\Roaming\nvm;C:\Program Files\nodejs;C:\Program Files\Java\jdk-19\bin;C:\Program Files\Java\jre1.8.0_351\bin;C:\Users\Admin\AppData\Local\Programs\Microsoft VS Code\bin;C:\Users\Admin\.dotnet\tools;C:\Users\Admin\AppData\Local\Microsoft\WindowsApps;C:\Users\Admin\AppData\Roaming\nvm;C:\Program Files\nodejs;C:\Users\Admin\.katalon\packages\Katalon_Studio_Windows_64-9.3.1\Katalon_Studio_Windows_64-9.3.1;
USERNAME=Thanh Phuong
OS=Windows_NT
PROCESSOR_IDENTIFIER=Intel64 Family 6 Model 141 Stepping 1, GenuineIntel
TMP=C:\Users\Admin\AppData\Local\Temp
TEMP=C:\Users\Admin\AppData\Local\Temp



---------------  S Y S T E M  ---------------

OS:
 Windows 11 , 64 bit Build 22621 (10.0.22621.3235)
OS uptime: 0 days 6:50 hours

CPU: total 12 (initial active 12) (6 cores per cpu, 2 threads per core) family 6 model 141 stepping 1 microcode 0x26, cx8, cmov, fxsr, ht, mmx, 3dnowpref, sse, sse2, sse3, ssse3, sse4.1, sse4.2, popcnt, lzcnt, tsc, tscinvbit, avx, avx2, aes, erms, clmul, bmi1, bmi2, adx, avx512f, avx512dq, avx512cd, avx512bw, avx512vl, sha, fma, vzeroupper, avx512_vpopcntdq, avx512_vpclmulqdq, avx512_vaes, avx512_vnni, clflush, clflushopt, clwb, avx512_vbmi2, avx512_vbmi

Memory: 4k page, system-wide physical 7893M (541M free)
TotalPageFile size 11989M (AvailPageFile size 116M)
current process WorkingSet (physical memory assigned to process): 307M, peak: 309M
current process commit charge ("private bytes"): 348M, peak: 541M

vm_info: OpenJDK 64-Bit Server VM (17.0.7+7) for windows-amd64 JRE (17.0.7+7), built on Apr 18 2023 22:10:42 by "temurin" with MS VC++ 16.7 (VS2019)

END.
