#
# There is insufficient memory for the Java Runtime Environment to continue.
# Native memory allocation (malloc) failed to allocate 2169216 bytes for Chunk::new
# Possible reasons:
#   The system is out of physical RAM or swap space
#   The process is running with CompressedOops enabled, and the Java Heap may be blocking the growth of the native heap
# Possible solutions:
#   Reduce memory load on the system
#   Increase physical memory or swap space
#   Check if swap backing store is full
#   Decrease Java heap size (-Xmx/-Xms)
#   Decrease number of Java threads
#   Decrease Java thread stack sizes (-Xss)
#   Set larger code cache with -XX:ReservedCodeCacheSize=
#   JVM is running with Unscaled Compressed Oops mode in which the Java heap is
#     placed in the first 4GB address space. The Java Heap base address is the
#     maximum limit for the native heap growth. Please use -XX:HeapBaseMinAddress
#     to set the Java Heap base and to place the Java Heap above 4GB virtual address.
# This output file may be truncated or incomplete.
#
#  Out of Memory Error (arena.cpp:189), pid=10196, tid=17576
#
# JRE version: OpenJDK Runtime Environment Temurin-17.0.7+7 (17.0.7+7) (build 17.0.7+7)
# Java VM: OpenJDK 64-Bit Server VM Temurin-17.0.7+7 (17.0.7+7, mixed mode, tiered, compressed oops, compressed class ptrs, g1 gc, windows-amd64)
# No core dump will be written. Minidumps are not enabled by default on client versions of Windows
#

---------------  S U M M A R Y ------------

Command Line: -Dgroovy.home=C:\Users\Admin/.groovy -Djava.system.class.loader=groovy.lang.GroovyClassLoader -Xmx2048m -Dfile.encoding=UTF-8 -XX:+ShowCodeDetailsInExceptionMessages org.codehaus.groovy.tools.GroovyStarter --classpath C:\Users\Admin\Katalon Studio\Lab02\bin\keyword;C:\Users\Admin\Katalon Studio\Lab02\Keywords;C:\Users\Admin\Katalon Studio\Lab02\bin\listener;C:\Users\Admin\Katalon Studio\Lab02\Test Listeners;C:\Users\Admin\Katalon Studio\Lab02\bin\lib;C:\Users\Admin\Katalon Studio\Lab02\Libs;C:\Users\Admin\Katalon Studio\Lab02\bin\groovy;C:\Users\Admin\Katalon Studio\Lab02\Include\scripts\groovy;C:\Users\Admin\.katalon\packages\Katalon_Studio_Windows_64-9.3.1\Katalon_Studio_Windows_64-9.3.1\plugins\com.kms.katalon.core_1.0.0.202402280646.jar;C:\Users\Admin\.katalon\packages\Katalon_Studio_Windows_64-9.3.1\Katalon_Studio_Windows_64-9.3.1\configuration\resources\lib\aalto-xml-1.0.0.jar;C:\Users\Admin\.katalon\packages\Katalon_Studio_Windows_64-9.3.1\Katalon_Studio_Windows_64-9.3.1\configuration\resources\lib\aspectjweaver-1.9.1.jar;C:\Users\Admin\.katalon\packages\Katalon_Studio_Windows_64-9.3.1\Katalon_Studio_Windows_64-9.3.1\configuration\resources\lib\bcpkix-jdk15on-1.64.jar;C:\Users\Admin\.katalon\packages\Katalon_Studio_Windows_64-9.3.1\Katalon_Studio_Windows_64-9.3.1\configuration\resources\lib\bcprov-jdk15on-1.64.jar;C:\Users\Admin\.katalon\packages\Katalon_Studio_Windows_64-9.3.1\Katalon_Studio_Windows_64-9.3.1\configuration\resources\lib\browsermob-core-2.1.5.jar;C:\Users\Admin\.katalon\packages\Katalon_Studio_Windows_64-9.3.1\Katalon_Studio_Windows_64-9.3.1\configuration\resources\lib\cglib-3.2.10.jar;C:\Users\Admin\.katalon\packages\Katalon_Studio_Windows_64-9.3.1\Katalon_Studio_Windows_64-9.3.1\configuration\resources\lib\commons-codec-1.10.jar;C:\Users\Admin\.katalon\packages\Katalon_Studio_Windows_64-9.3.1\Katalon_Studio_Windows_64-9.3.1\configuration\resources\lib\commons-collections4-4.1.jar;C:\Users\Admin\.katalon\packages\Katalon_Studio_Windows_64-9.3.1\Katalon_Studio_Windows_64-9.3.1\configuration\resources\lib\commons-validator-1.6.jar;C:\Users\Admin\.katalon\packages\Katalon_Studio_Windows_64-9.3.1\Katalon_Studio_Windows_64-9.3.1\configuration\resources\lib\curvesapi-1.04.jar;C:\Users\Admin\.katalon\packages\Katalon_Studio_Windows_64-9.3.1\Katalon_Studio_Windows_64-9.3.1\configuration\resources\lib\dnsjava-2.1.8.jar;C:\Users\Admin\.katalon\packages\Katalon_Studio_Windows_64-9.3.1\Katalon_Studio_Windows_64-9.3.1\configuration\resources\lib\groovy-ant-3.0.17.jar;C:\Users\Admin\.katalon\packages\Katalon_Studio_Windows_64-9.3.1\Katalon_Studio_Windows_64-9.3.1\configuration\resources\lib\groovy-astbuilder-3.0.17.jar;C:\Users\Admin\.katalon\packages\Katalon_Studio_Windows_64-9.3.1\Katalon_Studio_Windows_64-9.3.1\configuration\resources\lib\groovy-cli-picocli-3.0.17.jar;C:\Users\Admin\.katalon\packages\Katalon_Studio_Windows_64-9.3.1\Katalon_Studio_Windows_64-9.3.1\configuration\resources\lib\groovy-console-3.0.17.jar;C:\Users\Admin\.katalon\packages\Katalon_Studio_Windows_64-9.3.1\Katalon_Studio_Windows_64-9.3.1\configuration\resources\lib\groovy-datetime-3.0.17.jar;C:\Users\Admin\.katalon\packages\Katalon_Studio_Windows_64-9.3.1\Katalon_Studio_Windows_64-9.3.1\configuration\resources\lib\groovy-dateutil-3.0.17.jar;C:\Users\Admin\.katalon\packages\Katalon_Studio_Windows_64-9.3.1\Katalon_Studio_Windows_64-9.3.1\configuration\resources\lib\groovy-docgenerator-3.0.17.jar;C:\Users\Admin\.katalon\packages\Katalon_Studio_Windows_64-9.3.1\Katalon_Studio_Windows_64-9.3.1\configuration\resources\lib\groovy-groovydoc-3.0.17.jar;C:\Users\Admin\.katalon\packages\Katalon_Studio_Windows_64-9.3.1\Katalon_Studio_Windows_64-9.3.1\configuration\resources\lib\groovy-groovysh-3.0.17.jar;C:\Users\Admin\.katalon\packages\Katalon_Studio_Windows_64-9.3.1\Katalon_Studio_Windows_64-9.3.1\configuration\resources\lib\groovy-jmx-3.0.17.jar;C:\Users\Admin\.katalon\packages\Katalon_Studio_Windows_64-9.3.1\Katalon_Studio_Windows_64-9.3.1\configuration\resources\lib\groovy-json-3.0.17.jar;C:\Users\Admin\.katalon\packages\Katalon_Studio_Windows_64-9.3.1\Katalon_Studio_Windows_64-9.3.1\configuration\resources\lib\groovy-jsr223-3.0.17.jar;C:\Users\Admin\.katalon\packages\Katalon_Studio_Windows_64-9.3.1\Katalon_Studio_Windows_64-9.3.1\configuration\resources\lib\groovy-macro-3.0.17.jar;C:\Users\Admin\.katalon\packages\Katalon_Studio_Windows_64-9.3.1\Katalon_Studio_Windows_64-9.3.1\configuration\resources\lib\groovy-nio-3.0.17.jar;C:\Users\Admin\.katalon\packages\Katalon_Studio_Windows_64-9.3.1\Katalon_Studio_Windows_64-9.3.1\configuration\resources\lib\groovy-servlet-3.0.17.jar;C:\Users\Admin\.katalon\packages\Katalon_Studio_Windows_64-9.3.1\Katalon_Studio_Windows_64-9.3.1\configuration\resources\lib\groovy-sql-3.0.17.jar;C:\Users\Admin\.katalon\packages\Katalon_Studio_Windows_64-9.3.1\Katalon_Studio_Windows_64-9.3.1\configuration\resources\lib\groovy-swing-3.0.17.jar;C:\Users\Admin\.katalon\packages\Katalon_Studio_Windows_64-9.3.1\Katalon_Studio_Windows_64-9.3.1\configuration\resources\lib\groovy-templates-3.0.17.jar;C:\Users\Admin\.katalon\packages\Katalon_Studio_Windows_64-9.3.1\Katalon_Studio_Windows_64-9.3.1\configuration\resources\lib\groovy-test-3.0.17.jar;C:\Users\Admin\.katalon\packages\Katalon_Studio_Windows_64-9.3.1\Katalon_Studio_Windows_64-9.3.1\configuration\resources\lib\groovy-test-junit5-3.0.17.jar;C:\Users\Admin\.katalon\packages\Katalon_Studio_Windows_64-9.3.1\Katalon_Studio_Windows_64-9.3.1\configuration\resources\lib\groovy-testng-3.0.17.jar;C:\Users\Admin\.katalon\packages\Katalon_Studio_Windows_64-9.3.1\Katalon_Studio_Windows_64-9.3.1\configuration\resources\lib\groovy-xml-3.0.17.jar;C:\Users\Admin\.katalon\packages\Katalon_Studio_Windows_64-9.3.1\Katalon_Studio_Windows_64-9.3.1\configuration\resources\lib\java-client-7.0.0.jar;C:\Users\Admin\.katalon\packages\Katalon_Studio_Windows_64-9.3.1\Katalon_Studio_Windows_64-9.3.1\configuration\resources\lib\javax.servlet-api_3.1.0.jar;C:\Users\Admin\.katalon\packages\Katalon_Studio_Windows_64-9.3.1\Katalon_Studio_Windows_64-9.3.1\configuration\resources\lib\jna-5.12.1.jar;C:\Users\Admin\.katalon\packages\Katalon_Studio_Windows_64-9.3.1\Katalon_Studio_Windows_64-9.3.1\configuration\resources\lib\jna-platform-5.12.1.jar;C:\Users\Admin\.katalon\packages\Katalon_Studio_Windows_64-9.3.1\Katalon_Studio_Windows_64-9.3.1\configuration\resources\lib\jzlib-1.1.3.jar;C:\Users\Admin\.katalon\packages\Katalon_Studio_Windows_64-9.3.1\Katalon_Studio_Windows_64-9.3.1\configuration\resources\lib\kat-server.jar;C:\Users\Admin\.katalon\packages\Katalon_Studio_Windows_64-9.3.1\Katalon_Studio_Windows_64-9.3.1\configuration\resources\lib\littleproxy-1.1.0-beta-bmp-17.jar;C:\Users\Admin\.katalon\packages\Katalon_Studio_Windows_64-9.3.1\Katalon_Studio_Windows_64-9.3.1\configuration\resources\lib\log4j-1.2-api-2.17.1.jar;C:\Users\Admin\.katalon\packages\Katalon_Studio_Windows_64-9.3.1\Katalon_Studio_Windows_64-9.3.1\configuration\resources\lib\log4j-api-2.17.1.jar;C:\Users\Admin\.katalon\packages\Katalon_Studio_Windows_64-9.3.1\Katalon_Studio_Windows_64-9.3.1\configuration\resources\lib\log4j-core-2.17.1.jar;C:\Users\Admin\.katalon\packages\Katalon_Studio_Windows_64-9.3.1\Katalon_Studio_Windows_64-9.3.1\configuration\resources\lib\mitm-2.1.5.jar;C:\Users\Admin\.katalon\packages\Katalon_Studio_Windows_64-9.3.1\Katalon_Studio_Windows_64-9.3.1\configuration\resources\lib\netty-all-4.1.70.Final.jar;C:\Users\Admin\.katalon\packages\Katalon_Studio_Windows_64-9.3.1\Katalon_Studio_Windows_64-9.3.1\configuration\resources\lib\poi-3.17.jar;C:\Users\Admin\.katalon\packages\Katalon_Studio_Windows_64-9.3.1\Katalon_Studio_Windows_64-9.3.1\configuration\resources\lib\poi-ooxml-3.17.jar;C:\Users\Admin\.katalon\packages\Katalon_Studio_Windows_64-9.3.1\Katalon_Studio_Windows_64-9.3.1\configuration\resources\lib\poi-ooxml-schemas-3.17.jar;C:\Users\Admin\.katalon\packages\Katalon_Studio_Windows_64-9.3.1\Katalon_Studio_Windows_64-9.3.1\configuration\resources\lib\proxy-vole-1.0.4-SNAPSHOT-jar-with-dependencies.jar;C:\Users\Admin\.katalon\packages\Katalon_Studio_Windows_64-9.3.1\Katalon_Studio_Windows_64-9.3.1\configuration\resources\lib\repackaged-sikuli-api-1.0.2-standalone.jar;C:\Users\Admin\.katalon\packages\Katalon_Studio_Windows_64-9.3.1\Katalon_Studio_Windows_64-9.3.1\configuration\resources\lib\selenium-leg-rc-3.141.59.jar;C:\Users\Admin\.katalon\packages\Katalon_Studio_Windows_64-9.3.1\Katalon_Studio_Windows_64-9.3.1\configuration\resources\lib\selenium-server-standalone-3.141.59.jar;C:\Users\Admin\.katalon\packages\Katalon_Studio_Windows_64-9.3.1\Katalon_Studio_Windows_64-9.3.1\configuration\resources\lib\selenium-shutterbug-1.1.jar;C:\Users\Admin\.katalon\packages\Katalon_Studio_Windows_64-9.3.1\Katalon_Studio_Windows_64-9.3.1\configuration\resources\lib\slf4j-api-1.7.25.jar;C:\Users\Admin\.katalon\packages\Katalon_Studio_Windows_64-9.3.1\Katalon_Studio_Windows_64-9.3.1\configuration\resources\lib\soap-builder-1.0.0.jar;C:\Users\Admin\.katalon\packages\Katalon_Studio_Windows_64-9.3.1\Katalon_Studio_Windows_64-9.3.1\configuration\resources\lib\soap-common-1.0.0.jar;C:\Users\Admin\.katalon\packages\Katalon_Studio_Windows_64-9.3.1\Katalon_Studio_Windows_64-9.3.1\configuration\resources\lib\soap-legacy-1.0.0.jar;C:\Users\Admin\.katalon\packages\Katalon_Studio_Windows_64-9.3.1\Katalon_Studio_Windows_64-9.3.1\configuration\resources\lib\spring-context-5.3.19.jar;C:\Users\Admin\.katalon\packages\Katalon_Studio_Windows_64-9.3.1\Katalon_Studio_Windows_64-9.3.1\configuration\resources\lib\stax2-api-4.0.0.jar;C:\Users\Admin\.katalon\packages\Katalon_Studio_Windows_64-9.3.1\Katalon_Studio_Windows_64-9.3.1\configuration\resources\lib\su.jar;C:\Users\Admin\.katalon\packages\Katalon_Studio_Windows_64-9.3.1\Katalon_Studio_Windows_64-9.3.1\configuration\resources\lib\testng-7.8.0.jar;C:\Users\Admin\.katalon\packages\Katalon_Studio_Windows_64-9.3.1\Katalon_Studio_Windows_64-9.3.1\configuration\resources\lib\wadl.jar;C:\Users\Admin\.katalon\packages\Katalon_Studio_Windows_64-9.3.1\Katalon_Studio_Windows_64-9.3.1\configuration\resources\lib\xmlbeans-3.1.0.jar;C:\Users\Admin\.katalon\packages\Katalon_Studio_Windows_64-9.3.1\Katalon_Studio_Windows_64-9.3.1\plugins\net.sf.supercsv.super-csv_2.1.0.jar;C:\Users\Admin\.katalon\packages\Katalon_Studio_Windows_64-9.3.1\Katalon_Studio_Windows_64-9.3.1\plugins\org.apache.commons.io_2.4.0.jar;C:\Users\Admin\.katalon\packages\Katalon_Studio_Windows_64-9.3.1\Katalon_Studio_Windows_64-9.3.1\plugins\org.apache.commons.lang_2.6.0.jar;C:\Users\Admin\.katalon\packages\Katalon_Studio_Windows_64-9.3.1\Katalon_Studio_Windows_64-9.3.1\plugins\com.google.gson_2.10.1.v20230109-0753.jar;C:\Users\Admin\.katalon\packages\Katalon_Studio_Windows_64-9.3.1\Katalon_Studio_Windows_64-9.3.1\plugins\org.jsoup_1.14.3.jar;C:\Users\Admin\.katalon\packages\Katalon_Studio_Windows_64-9.3.1\Katalon_Studio_Windows_64-9.3.1\plugins\org.apache.commons.dbutils_1.6.0.jar;C:\Users\Admin\.katalon\packages\Katalon_Studio_Windows_64-9.3.1\Katalon_Studio_Windows_64-9.3.1\plugins\com.oracle.jdbc.ojdbc7_12.1.0.2.jar;C:\Users\Admin\.katalon\packages\Katalon_Studio_Windows_64-9.3.1\Katalon_Studio_Windows_64-9.3.1\plugins\org.postgresql.jdbc_42.4.1.jar;c:\Users\Admin\.katalon\packages\Katalon_Studio_Windows_64-9.3.1\Katalon_Studio_Windows_64-9.3.1\plugins\org.eclipse.osgi_3.18.300.v20230220-1352.jar;C:\Users\Admin\.katalon\packages\Katalon_Studio_Windows_64-9.3.1\Katalon_Studio_Windows_64-9.3.1\plugins\com.kms.katalon.constant_1.0.0.202402280646.jar;C:\Users\Admin\.katalon\packages\Katalon_Studio_Windows_64-9.3.1\Katalon_Studio_Windows_64-9.3.1\plugins\org.eclipse.persistence.eclipselink_2.7.11.jar;C:\Users\Admin\.katalon\packages\Katalon_Studio_Windows_64-9.3.1\Katalon_Studio_Windows_64-9.3.1\plugins\com.kms.katalon.selenium-standalone_1.0.0.202402280646.jar;C:\Users\Admin\.katalon\packages\Katalon_Studio_Windows_64-9.3.1\Katalon_Studio_Windows_64-9.3.1\plugins\atu.testrecorder.screen-recorder_2.1.0.jar;C:\Users\Admin\.katalon\packages\Katalon_Studio_Windows_64-9.3.1\Katalon_Studio_Windows_64-9.3.1\plugins\com.google.guava_23.0.0.jar;C:\Users\Admin\.katalon\packages\Katalon_Studio_Windows_64-9.3.1\Katalon_Studio_Windows_64-9.3.1\plugins\com.kms.katalon.util_1.0.0.202402280646.jar;C:\Users\Admin\.katalon\packages\Katalon_Studio_Windows_64-9.3.1\Katalon_Studio_Windows_64-9.3.1\plugins\org.apache.httpcomponents.httpclient_4.5.14.v20221207-1049.jar;C:\Users\Admin\.katalon\packages\Katalon_Studio_Windows_64-9.3.1\Katalon_Studio_Windows_64-9.3.1\plugins\org.apache.httpcomponents.httpcore_4.4.16.v20221207-1049.jar;C:\Users\Admin\.katalon\packages\Katalon_Studio_Windows_64-9.3.1\Katalon_Studio_Windows_64-9.3.1\plugins\org.apache.httpcomponents.httpmime_4.5.1.jar;C:\Users\Admin\.katalon\packages\Katalon_Studio_Windows_64-9.3.1\Katalon_Studio_Windows_64-9.3.1\plugins\org.apache.commons.lang3_3.7.0.jar;C:\Users\Admin\.katalon\packages\Katalon_Studio_Windows_64-9.3.1\Katalon_Studio_Windows_64-9.3.1\plugins\org.greenrobot.eventbus_3.1.1.jar;C:\Users\Admin\.katalon\packages\Katalon_Studio_Windows_64-9.3.1\Katalon_Studio_Windows_64-9.3.1\plugins\org.assertj.core_3.10.0.jar;C:\Users\Admin\.katalon\packages\Katalon_Studio_Windows_64-9.3.1\Katalon_Studio_Windows_64-9.3.1\plugins\org.junit_4.13.2.v20211018-1956.jar;C:\Users\Admin\.katalon\packages\Katalon_Studio_Windows_64-9.3.1\Katalon_Studio_Windows_64-9.3.1\plugins\com.fasterxml.jackson.core.jackson-databind_2.14.0.jar;C:\Users\Admin\.katalon\packages\Katalon_Studio_Windows_64-9.3.1\Katalon_Studio_Windows_64-9.3.1\plugins\com.fasterxml.jackson.core.jackson-core_2.14.0.jar;C:\Users\Admin\.katalon\packages\Katalon_Studio_Windows_64-9.3.1\Katalon_Studio_Windows_64-9.3.1\plugins\com.fasterxml.jackson.core.jackson-annotations_2.14.0.jar;C:\Users\Admin\.katalon\packages\Katalon_Studio_Windows_64-9.3.1\Katalon_Studio_Windows_64-9.3.1\plugins\ch.qos.logback.classic_1.2.3.jar;C:\Users\Admin\.katalon\packages\Katalon_Studio_Windows_64-9.3.1\Katalon_Studio_Windows_64-9.3.1\plugins\ch.qos.logback.core_1.2.3.jar;C:\Users\Admin\.katalon\packages\Katalon_Studio_Windows_64-9.3.1\Katalon_Studio_Windows_64-9.3.1\plugins\slf4j.api_1.7.36.jar;C:\Users\Admin\.katalon\packages\Katalon_Studio_Windows_64-9.3.1\Katalon_Studio_Windows_64-9.3.1\plugins\org.fusesource.jansi_1.17.1.jar;C:\Users\Admin\.katalon\packages\Katalon_Studio_Windows_64-9.3.1\Katalon_Studio_Windows_64-9.3.1\plugins\com.kms.katalon.netlightbody_1.0.0.202402280646.jar;C:\Users\Admin\.katalon\packages\Katalon_Studio_Windows_64-9.3.1\Katalon_Studio_Windows_64-9.3.1\plugins\com.kms.katalon.poi_1.0.0.202402280646.jar;C:\Users\Admin\.katalon\packages\Katalon_Studio_Windows_64-9.3.1\Katalon_Studio_Windows_64-9.3.1\plugins\org.apache.commons.commons-text_1.10.0.jar;C:\Users\Admin\.katalon\packages\Katalon_Studio_Windows_64-9.3.1\Katalon_Studio_Windows_64-9.3.1\plugins\com.kms.katalon.proxyvole_1.0.0.202402280646.jar;C:\Users\Admin\.katalon\packages\Katalon_Studio_Windows_64-9.3.1\Katalon_Studio_Windows_64-9.3.1\plugins\com.microsoft.sqlserver.mssql-jdbc_6.2.2.jre8.jar;C:\Users\Admin\.katalon\packages\Katalon_Studio_Windows_64-9.3.1\Katalon_Studio_Windows_64-9.3.1\plugins\com.github.kklisura.cdt.java-client_2.1.0.jar;C:\Users\Admin\.katalon\packages\Katalon_Studio_Windows_64-9.3.1\Katalon_Studio_Windows_64-9.3.1\plugins\javax.websocket-api_1.1.0.jar;C:\Users\Admin\.katalon\packages\Katalon_Studio_Windows_64-9.3.1\Katalon_Studio_Windows_64-9.3.1\plugins\org.glassfish.tyrus.container-grizzly-client_1.13.1.jar;C:\Users\Admin\.katalon\packages\Katalon_Studio_Windows_64-9.3.1\Katalon_Studio_Windows_64-9.3.1\plugins\org.glassfish.grizzly.http-server_2.3.25.jar;C:\Users\Admin\.katalon\packages\Katalon_Studio_Windows_64-9.3.1\Katalon_Studio_Windows_64-9.3.1\plugins\org.glassfish.grizzly.framework_2.3.25.jar;C:\Users\Admin\.katalon\packages\Katalon_Studio_Windows_64-9.3.1\Katalon_Studio_Windows_64-9.3.1\plugins\org.glassfish.grizzly.http_2.3.25.jar;C:\Users\Admin\.katalon\packages\Katalon_Studio_Windows_64-9.3.1\Katalon_Studio_Windows_64-9.3.1\plugins\org.glassfish.tyrus.client_1.13.1.jar;C:\Users\Admin\.katalon\packages\Katalon_Studio_Windows_64-9.3.1\Katalon_Studio_Windows_64-9.3.1\plugins\org.glassfish.tyrus.core_1.13.1.jar;C:\Users\Admin\.katalon\packages\Katalon_Studio_Windows_64-9.3.1\Katalon_Studio_Windows_64-9.3.1\plugins\org.glassfish.tyrus.spi_1.13.1.jar;C:\Users\Admin\.katalon\packages\Katalon_Studio_Windows_64-9.3.1\Katalon_Studio_Windows_64-9.3.1\plugins\javassist_3.28.0.GA.jar;C:\Users\Admin\.katalon\packages\Katalon_Studio_Windows_64-9.3.1\Katalon_Studio_Windows_64-9.3.1\plugins\com.graphql-java_16.2.0.jar;C:\Users\Admin\.katalon\packages\Katalon_Studio_Windows_64-9.3.1\Katalon_Studio_Windows_64-9.3.1\plugins\org.glassfish.jaxb.runtime_2.3.6.jar;C:\Users\Admin\.katalon\packages\Katalon_Studio_Windows_64-9.3.1\Katalon_Studio_Windows_64-9.3.1\plugins\org.glassfish.jaxb.txw2_2.3.6.jar;C:\Users\Admin\.katalon\packages\Katalon_Studio_Windows_64-9.3.1\Katalon_Studio_Windows_64-9.3.1\plugins\org.dom4j_1.6.1.v201312101416.jar;C:\Users\Admin\.katalon\packages\Katalon_Studio_Windows_64-9.3.1\Katalon_Studio_Windows_64-9.3.1\plugins\com.kms.katalon.groovy-extended_1.0.0.202402280646.jar;C:\Users\Admin\.katalon\packages\Katalon_Studio_Windows_64-9.3.1\Katalon_Studio_Windows_64-9.3.1\plugins\com.sun.activation.javax.activation_1.2.0.jar;C:\Users\Admin\.katalon\packages\Katalon_Studio_Windows_64-9.3.1\Katalon_Studio_Windows_64-9.3.1\plugins\jakarta.xml.bind-api_2.3.3.jar;C:\Users\Admin\.katalon\packages\Katalon_Studio_Windows_64-9.3.1\Katalon_Studio_Windows_64-9.3.1\plugins\com.sun.xml.bind.jaxb-impl_2.3.6.jar;C:\Users\Admin\.katalon\packages\Katalon_Studio_Windows_64-9.3.1\Katalon_Studio_Windows_64-9.3.1\plugins\org.apache.commons.logging_1.2.0.v20180409-1502.jar;C:\Users\Admin\.katalon\packages\Katalon_Studio_Windows_64-9.3.1\Katalon_Studio_Windows_64-9.3.1\plugins\org.hamcrest.core_1.3.0.v20180420-1519.jar;C:\Users\Admin\.katalon\packages\Katalon_Studio_Windows_64-9.3.1\Katalon_Studio_Windows_64-9.3.1\plugins\org.beanshell.bsh_2.0.0.0b4.jar;C:\Users\Admin\.katalon\packages\Katalon_Studio_Windows_64-9.3.1\Katalon_Studio_Windows_64-9.3.1\plugins\org.apache.ant.launcher_1.9.6.jar;C:\Users\Admin\.katalon\packages\Katalon_Studio_Windows_64-9.3.1\Katalon_Studio_Windows_64-9.3.1\plugins\com.kms.katalon.core.appium_1.0.0.202402280646.jar;C:\Users\Admin\.katalon\packages\Katalon_Studio_Windows_64-9.3.1\Katalon_Studio_Windows_64-9.3.1\plugins\com.kms.katalon.logging_1.0.0.202402280646.jar;C:\Users\Admin\.katalon\packages\Katalon_Studio_Windows_64-9.3.1\Katalon_Studio_Windows_64-9.3.1\plugins\org.eclipse.equinox.common_3.17.100.v20230202-1341.jar;C:\Users\Admin\.katalon\packages\Katalon_Studio_Windows_64-9.3.1\Katalon_Studio_Windows_64-9.3.1\plugins\com.kms.katalon.core.webui_1.0.0.202402280646.jar;C:\Users\Admin\.katalon\packages\Katalon_Studio_Windows_64-9.3.1\Katalon_Studio_Windows_64-9.3.1\plugins\org.json_20140107.0.0.jar;C:\Users\Admin\.katalon\packages\Katalon_Studio_Windows_64-9.3.1\Katalon_Studio_Windows_64-9.3.1\plugins\org.eclipse.e4.core.contexts_1.11.0.v20220716-0839.jar;C:\Users\Admin\.katalon\packages\Katalon_Studio_Windows_64-9.3.1\Katalon_Studio_Windows_64-9.3.1\plugins\org.eclipse.e4.core.services_2.3.400.v20220915-1347.jar;C:\Users\Admin\.katalon\packages\Katalon_Studio_Windows_64-9.3.1\Katalon_Studio_Windows_64-9.3.1\plugins\com.kms.katalon.core.mobile_1.0.0.202402280646.jar;C:\Users\Admin\.katalon\packages\Katalon_Studio_Windows_64-9.3.1\Katalon_Studio_Windows_64-9.3.1\plugins\org.apache.commons.commons-validator_1.7.0.jar;C:\Users\Admin\.katalon\packages\Katalon_Studio_Windows_64-9.3.1\Katalon_Studio_Windows_64-9.3.1\plugins\com.kms.katalon.core.cucumber_1.0.0.202402280646.jar;C:\Users\Admin\.katalon\packages\Katalon_Studio_Windows_64-9.3.1\Katalon_Studio_Windows_64-9.3.1\plugins\io.cucumber.core_3.0.2.jar;C:\Users\Admin\.katalon\packages\Katalon_Studio_Windows_64-9.3.1\Katalon_Studio_Windows_64-9.3.1\plugins\io.cucumber.datatable_1.0.3.jar;C:\Users\Admin\.katalon\packages\Katalon_Studio_Windows_64-9.3.1\Katalon_Studio_Windows_64-9.3.1\plugins\io.cucumber.datatable-dependencies_1.0.3.jar;C:\Users\Admin\.katalon\packages\Katalon_Studio_Windows_64-9.3.1\Katalon_Studio_Windows_64-9.3.1\plugins\io.cucumber.expressions_5.0.19.jar;C:\Users\Admin\.katalon\packages\Katalon_Studio_Windows_64-9.3.1\Katalon_Studio_Windows_64-9.3.1\plugins\io.cucumber.gherkin_5.0.0.jar;C:\Users\Admin\.katalon\packages\Katalon_Studio_Windows_64-9.3.1\Katalon_Studio_Windows_64-9.3.1\plugins\io.cucumber.html_0.2.7.jar;C:\Users\Admin\.katalon\packages\Katalon_Studio_Windows_64-9.3.1\Katalon_Studio_Windows_64-9.3.1\plugins\io.cucumber.java_3.0.2.jar;C:\Users\Admin\.katalon\packages\Katalon_Studio_Windows_64-9.3.1\Katalon_Studio_Windows_64-9.3.1\plugins\io.cucumber.tag-expressions_1.1.1.jar;C:\Users\Admin\.katalon\packages\Katalon_Studio_Windows_64-9.3.1\Katalon_Studio_Windows_64-9.3.1\plugins\io.cucumber.junit_3.0.2.jar;C:\Users\Admin\.katalon\packages\Katalon_Studio_Windows_64-9.3.1\Katalon_Studio_Windows_64-9.3.1\plugins\com.kms.katalon.core.webservice_1.0.0.202402280646.jar;C:\Users\Admin\.katalon\packages\Katalon_Studio_Windows_64-9.3.1\Katalon_Studio_Windows_64-9.3.1\plugins\wsdl4j_1.6.2.jar;C:\Users\Admin\.katalon\packages\Katalon_Studio_Windows_64-9.3.1\Katalon_Studio_Windows_64-9.3.1\plugins\com.google.oauth-client.google-oauth-client_1.22.0.jar;C:\Users\Admin\.katalon\packages\Katalon_Studio_Windows_64-9.3.1\Katalon_Studio_Windows_64-9.3.1\plugins\com.google.http-client.google-http-client_1.22.0.jar;C:\Users\Admin\.katalon\packages\Katalon_Studio_Windows_64-9.3.1\Katalon_Studio_Windows_64-9.3.1\plugins\ca.juliusdavies.not-yet-commons-ssl_0.3.11.jar;C:\Users\Admin\.katalon\packages\Katalon_Studio_Windows_64-9.3.1\Katalon_Studio_Windows_64-9.3.1\plugins\com.kms.katalon.preferences_1.0.0.202402280646.jar;C:\Users\Admin\.katalon\packages\Katalon_Studio_Windows_64-9.3.1\Katalon_Studio_Windows_64-9.3.1\plugins\org.apache.xmlbeans_3.1.0.jar;C:\Users\Admin\.katalon\packages\Katalon_Studio_Windows_64-9.3.1\Katalon_Studio_Windows_64-9.3.1\plugins\com.kms.katalon.entity_1.0.0.202402280646.jar;C:\Users\Admin\.katalon\packages\Katalon_Studio_Windows_64-9.3.1\Katalon_Studio_Windows_64-9.3.1\plugins\org.antlr.antlr4-runtime_4.8.0.jar;C:\Users\Admin\.katalon\packages\Katalon_Studio_Windows_64-9.3.1\Katalon_Studio_Windows_64-9.3.1\plugins\com.networknt.json-schema-validator_1.0.66.jar;C:\Users\Admin\.katalon\packages\Katalon_Studio_Windows_64-9.3.1\Katalon_Studio_Windows_64-9.3.1\plugins\jakarta.xml.ws-api_2.3.3.jar;C:\Users\Admin\.katalon\packages\Katalon_Studio_Windows_64-9.3.1\Katalon_Studio_Windows_64-9.3.1\plugins\javax.xml.soap-api_1.4.0.jar;C:\Users\Admin\.katalon\packages\Katalon_Studio_Windows_64-9.3.1\Katalon_Studio_Windows_64-9.3.1\plugins\com.kms.katalon.core.windows_1.0.0.202402280646.jar;C:\Users\Admin\.katalon\packages\Katalon_Studio_Windows_64-9.3.1\Katalon_Studio_Windows_64-9.3.1\plugins\com.kms.katalon.core.testng_1.0.0.202402280646.jar;C:\Users\Admin\.katalon\packages\Katalon_Studio_Windows_64-9.3.1\Katalon_Studio_Windows_64-9.3.1\configuration\org.eclipse.osgi\27\0\.cp\resources\basic-report\katalon-studio-report-plugin.jar;C:\Users\Admin\.katalon\packages\Katalon_Studio_Windows_64-9.3.1\Katalon_Studio_Windows_64-9.3.1\plugins\org.codehaus.groovy_3.0.17.v202303311542-e2303\lib\groovy-3.0.17-indy.jar;C:\Users\Admin\.katalon\packages\Katalon_Studio_Windows_64-9.3.1\Katalon_Studio_Windows_64-9.3.1\plugins\org.codehaus.groovy_3.0.17.v202303311542-e2303\lib\ivy-2.5.1.jar --main groovy.ui.GroovyMain --encoding UTF-8 --indy C:\Users\Admin\Katalon Studio\Lab02\Libs\TempTestSuite1711382878552.groovy

Host: 11th Gen Intel(R) Core(TM) i5-11400H @ 2.70GHz, 12 cores, 7G,  Windows 11 , 64 bit Build 22621 (10.0.22621.3235)
Time: Mon Mar 25 23:08:07 2024 SE Asia Standard Time elapsed time: 5.248267 seconds (0d 0h 0m 5s)

---------------  T H R E A D  ---------------

Current thread (0x0000021d930896e0):  JavaThread "C2 CompilerThread0" daemon [_thread_in_native, id=17576, stack(0x000000dc5c700000,0x000000dc5c800000)]


Current CompileTask:
C2:   5248 5214       4       jdk.internal.org.objectweb.asm.Frame::execute (2305 bytes)

Stack: [0x000000dc5c700000,0x000000dc5c800000]
Native frames: (J=compiled Java code, j=interpreted, Vv=VM code, C=native code)
V  [jvm.dll+0x67754a]
V  [jvm.dll+0x834304]
V  [jvm.dll+0x835aae]
V  [jvm.dll+0x836113]
V  [jvm.dll+0x24696f]
V  [jvm.dll+0xac0ac]
V  [jvm.dll+0xac67c]
V  [jvm.dll+0x364e37]
V  [jvm.dll+0x32f6b1]
V  [jvm.dll+0x32eb5a]
V  [jvm.dll+0x219641]
V  [jvm.dll+0x218a61]
V  [jvm.dll+0x1a4d8d]
V  [jvm.dll+0x2284da]
V  [jvm.dll+0x226615]
V  [jvm.dll+0x7ea90b]
V  [jvm.dll+0x7e4e7a]
V  [jvm.dll+0x676395]
C  [ucrtbase.dll+0x29363]
C  [KERNEL32.DLL+0x1257d]
C  [ntdll.dll+0x5aa58]


---------------  P R O C E S S  ---------------

Threads class SMR info:
_java_thread_list=0x0000021d9734f050, length=22, elements={
0x0000021df4b3dca0, 0x0000021d93050260, 0x0000021d93053b40, 0x0000021d930774c0,
0x0000021d93077d80, 0x0000021d9307ac60, 0x0000021d9307d530, 0x0000021d930896e0,
0x0000021d9308d020, 0x0000021d93095520, 0x0000021d93102040, 0x0000021d93ada490,
0x0000021d96c43e30, 0x0000021d96c44300, 0x0000021d96c46980, 0x0000021d96c43490,
0x0000021d96c45b10, 0x0000021d96c46e50, 0x0000021d96c43960, 0x0000021d96c45170,
0x0000021d96c447d0, 0x0000021d93955790
}

Java Threads: ( => current thread )
  0x0000021df4b3dca0 JavaThread "Forwarding executeAsyncScript on session 315dd134c31e9f257c505c0b63f56edb to remote" [_thread_in_native, id=19944, stack(0x000000dc5ba00000,0x000000dc5bb00000)]
  0x0000021d93050260 JavaThread "Reference Handler" daemon [_thread_blocked, id=19372, stack(0x000000dc5c100000,0x000000dc5c200000)]
  0x0000021d93053b40 JavaThread "Finalizer" daemon [_thread_blocked, id=9536, stack(0x000000dc5c200000,0x000000dc5c300000)]
  0x0000021d930774c0 JavaThread "Signal Dispatcher" daemon [_thread_blocked, id=18896, stack(0x000000dc5c300000,0x000000dc5c400000)]
  0x0000021d93077d80 JavaThread "Attach Listener" daemon [_thread_blocked, id=10864, stack(0x000000dc5c400000,0x000000dc5c500000)]
  0x0000021d9307ac60 JavaThread "Service Thread" daemon [_thread_blocked, id=10080, stack(0x000000dc5c500000,0x000000dc5c600000)]
  0x0000021d9307d530 JavaThread "Monitor Deflation Thread" daemon [_thread_blocked, id=12880, stack(0x000000dc5c600000,0x000000dc5c700000)]
=>0x0000021d930896e0 JavaThread "C2 CompilerThread0" daemon [_thread_in_native, id=17576, stack(0x000000dc5c700000,0x000000dc5c800000)]
  0x0000021d9308d020 JavaThread "C1 CompilerThread0" daemon [_thread_blocked, id=2708, stack(0x000000dc5c800000,0x000000dc5c900000)]
  0x0000021d93095520 JavaThread "Sweeper thread" daemon [_thread_blocked, id=20084, stack(0x000000dc5c900000,0x000000dc5ca00000)]
  0x0000021d93102040 JavaThread "Common-Cleaner" daemon [_thread_blocked, id=18704, stack(0x000000dc5ca00000,0x000000dc5cb00000)]
  0x0000021d93ada490 JavaThread "Notification Thread" daemon [_thread_blocked, id=10908, stack(0x000000dc5cd00000,0x000000dc5ce00000)]
  0x0000021d96c43e30 JavaThread "Exec Default Executor" daemon [_thread_in_native, id=16664, stack(0x000000dc5da00000,0x000000dc5db00000)]
  0x0000021d96c44300 JavaThread "UrlChecker-2" daemon [_thread_blocked, id=15724, stack(0x000000dc5db00000,0x000000dc5dc00000)]
  0x0000021d96c46980 JavaThread "Exec Stream Pumper" daemon [_thread_in_native, id=10916, stack(0x000000dc5dd00000,0x000000dc5de00000)]
  0x0000021d96c43490 JavaThread "Exec Stream Pumper" daemon [_thread_in_native, id=2152, stack(0x000000dc5de00000,0x000000dc5df00000)]
  0x0000021d96c45b10 JavaThread "Keep-Alive-Timer" daemon [_thread_blocked, id=10796, stack(0x000000dc5df00000,0x000000dc5e000000)]
  0x0000021d96c46e50 JavaThread "ForkJoinPool.commonPool-worker-1" daemon [_thread_blocked, id=8892, stack(0x000000dc5e000000,0x000000dc5e100000)]
  0x0000021d96c43960 JavaThread "ForkJoinPool.commonPool-worker-2" daemon [_thread_blocked, id=19388, stack(0x000000dc5e100000,0x000000dc5e200000)]
  0x0000021d96c45170 JavaThread "OkHttp ConnectionPool" daemon [_thread_blocked, id=4064, stack(0x000000dc5e200000,0x000000dc5e300000)]
  0x0000021d96c447d0 JavaThread "Okio Watchdog" daemon [_thread_blocked, id=17208, stack(0x000000dc5e300000,0x000000dc5e400000)]
  0x0000021d93955790 JavaThread "C2 CompilerThread1" daemon [_thread_blocked, id=19168, stack(0x000000dc5cb00000,0x000000dc5cc00000)]

Other Threads:
  0x0000021dff90fd90 VMThread "VM Thread" [stack: 0x000000dc5c000000,0x000000dc5c100000] [id=15272]
  0x0000021d93ada960 WatcherThread [stack: 0x000000dc5ce00000,0x000000dc5cf00000] [id=14948]
  0x0000021df4b9a430 GCTaskThread "GC Thread#0" [stack: 0x000000dc5bb00000,0x000000dc5bc00000] [id=11644]
  0x0000021d93cfecb0 GCTaskThread "GC Thread#1" [stack: 0x000000dc5cf00000,0x000000dc5d000000] [id=9604]
  0x0000021d93eb3130 GCTaskThread "GC Thread#2" [stack: 0x000000dc5d000000,0x000000dc5d100000] [id=13728]
  0x0000021d95ae9d90 GCTaskThread "GC Thread#3" [stack: 0x000000dc5d100000,0x000000dc5d200000] [id=18112]
  0x0000021d95320e50 GCTaskThread "GC Thread#4" [stack: 0x000000dc5d200000,0x000000dc5d300000] [id=15316]
  0x0000021d957e46f0 GCTaskThread "GC Thread#5" [stack: 0x000000dc5d300000,0x000000dc5d400000] [id=9624]
  0x0000021d943c1b50 GCTaskThread "GC Thread#6" [stack: 0x000000dc5d400000,0x000000dc5d500000] [id=2368]
  0x0000021d951276e0 GCTaskThread "GC Thread#7" [stack: 0x000000dc5d500000,0x000000dc5d600000] [id=17732]
  0x0000021d9419a1c0 GCTaskThread "GC Thread#8" [stack: 0x000000dc5d600000,0x000000dc5d700000] [id=15560]
  0x0000021d956b77f0 GCTaskThread "GC Thread#9" [stack: 0x000000dc5d700000,0x000000dc5d800000] [id=2784]
  0x0000021df4bab280 ConcurrentGCThread "G1 Main Marker" [stack: 0x000000dc5bc00000,0x000000dc5bd00000] [id=19892]
  0x0000021df4babba0 ConcurrentGCThread "G1 Conc#0" [stack: 0x000000dc5bd00000,0x000000dc5be00000] [id=17916]
  0x0000021d96915850 ConcurrentGCThread "G1 Conc#1" [stack: 0x000000dc5d800000,0x000000dc5d900000] [id=5156]
  0x0000021d94ba18b0 ConcurrentGCThread "G1 Conc#2" [stack: 0x000000dc5d900000,0x000000dc5da00000] [id=3780]
  0x0000021dff7bde20 ConcurrentGCThread "G1 Refine#0" [stack: 0x000000dc5be00000,0x000000dc5bf00000] [id=18268]
  0x0000021dff7be750 ConcurrentGCThread "G1 Service" [stack: 0x000000dc5bf00000,0x000000dc5c000000] [id=19908]

Threads with active compile tasks:
C2 CompilerThread0     5257 5214       4       jdk.internal.org.objectweb.asm.Frame::execute (2305 bytes)

VM state: not at safepoint (normal execution)

VM Mutex/Monitor currently owned by a thread: None

Heap address: 0x0000000080000000, size: 2048 MB, Compressed Oops mode: 32-bit

CDS archive(s) not mapped
Compressed class space mapped at: 0x0000000100000000-0x0000000140000000, reserved size: 1073741824
Narrow klass base: 0x0000000000000000, Narrow klass shift: 3, Narrow klass range: 0x140000000

GC Precious Log:
 CPUs: 12 total, 12 available
 Memory: 7893M
 Large Page Support: Disabled
 NUMA Support: Disabled
 Compressed Oops: Enabled (32-bit)
 Heap Region Size: 1M
 Heap Min Capacity: 8M
 Heap Initial Capacity: 124M
 Heap Max Capacity: 2G
 Pre-touch: Disabled
 Parallel Workers: 10
 Concurrent Workers: 3
 Concurrent Refinement Workers: 10
 Periodic GC: Disabled

Heap:
 garbage-first heap   total 114688K, used 59081K [0x0000000080000000, 0x0000000100000000)
  region size 1024K, 32 young (32768K), 8 survivors (8192K)
 Metaspace       used 44403K, committed 44928K, reserved 1114112K
  class space    used 4936K, committed 5184K, reserved 1048576K

Heap Regions: E=young(eden), S=young(survivor), O=old, HS=humongous(starts), HC=humongous(continues), CS=collection set, F=free, OA=open archive, CA=closed archive, TAMS=top-at-mark-start (previous, next)
|   0|0x0000000080000000, 0x0000000080100000, 0x0000000080100000|100%|HS|  |TAMS 0x0000000080100000, 0x0000000080000000| Complete 
|   1|0x0000000080100000, 0x0000000080200000, 0x0000000080200000|100%|HS|  |TAMS 0x0000000080200000, 0x0000000080100000| Complete 
|   2|0x0000000080200000, 0x0000000080300000, 0x0000000080300000|100%|HS|  |TAMS 0x0000000080300000, 0x0000000080200000| Complete 
|   3|0x0000000080300000, 0x0000000080400000, 0x0000000080400000|100%|HC|  |TAMS 0x0000000080400000, 0x0000000080300000| Complete 
|   4|0x0000000080400000, 0x0000000080500000, 0x0000000080500000|100%| O|  |TAMS 0x0000000080500000, 0x0000000080400000| Untracked 
|   5|0x0000000080500000, 0x0000000080600000, 0x0000000080600000|100%| O|  |TAMS 0x0000000080600000, 0x0000000080500000| Untracked 
|   6|0x0000000080600000, 0x0000000080700000, 0x0000000080700000|100%| O|  |TAMS 0x0000000080700000, 0x0000000080600000| Untracked 
|   7|0x0000000080700000, 0x0000000080800000, 0x0000000080800000|100%| O|  |TAMS 0x0000000080800000, 0x0000000080700000| Untracked 
|   8|0x0000000080800000, 0x0000000080900000, 0x0000000080900000|100%| O|  |TAMS 0x0000000080900000, 0x0000000080800000| Untracked 
|   9|0x0000000080900000, 0x0000000080a00000, 0x0000000080a00000|100%| O|  |TAMS 0x0000000080a00000, 0x0000000080900000| Untracked 
|  10|0x0000000080a00000, 0x0000000080b00000, 0x0000000080b00000|100%| O|  |TAMS 0x0000000080b00000, 0x0000000080a00000| Untracked 
|  11|0x0000000080b00000, 0x0000000080c00000, 0x0000000080c00000|100%| O|  |TAMS 0x0000000080c00000, 0x0000000080b00000| Untracked 
|  12|0x0000000080c00000, 0x0000000080d00000, 0x0000000080d00000|100%| O|  |TAMS 0x0000000080d00000, 0x0000000080c00000| Untracked 
|  13|0x0000000080d00000, 0x0000000080e00000, 0x0000000080e00000|100%| O|  |TAMS 0x0000000080e00000, 0x0000000080d00000| Untracked 
|  14|0x0000000080e00000, 0x0000000080f00000, 0x0000000080f00000|100%| O|  |TAMS 0x0000000080f00000, 0x0000000080e00000| Untracked 
|  15|0x0000000080f00000, 0x0000000081000000, 0x0000000081000000|100%| O|  |TAMS 0x0000000081000000, 0x0000000080f00000| Untracked 
|  16|0x0000000081000000, 0x0000000081100000, 0x0000000081100000|100%| O|  |TAMS 0x0000000081100000, 0x0000000081000000| Untracked 
|  17|0x0000000081100000, 0x0000000081200000, 0x0000000081200000|100%| O|  |TAMS 0x0000000081200000, 0x0000000081100000| Untracked 
|  18|0x0000000081200000, 0x0000000081263800, 0x0000000081300000| 38%| O|  |TAMS 0x0000000081263800, 0x0000000081200000| Untracked 
|  19|0x0000000081300000, 0x0000000081400000, 0x0000000081400000|100%| O|  |TAMS 0x0000000081400000, 0x0000000081300000| Untracked 
|  20|0x0000000081400000, 0x0000000081500000, 0x0000000081500000|100%| O|  |TAMS 0x0000000081500000, 0x0000000081400000| Untracked 
|  21|0x0000000081500000, 0x0000000081600000, 0x0000000081600000|100%| O|  |TAMS 0x0000000081600000, 0x0000000081500000| Untracked 
|  22|0x0000000081600000, 0x0000000081700000, 0x0000000081700000|100%| O|  |TAMS 0x0000000081700000, 0x0000000081600000| Untracked 
|  23|0x0000000081700000, 0x0000000081800000, 0x0000000081800000|100%| O|  |TAMS 0x0000000081800000, 0x0000000081700000| Untracked 
|  24|0x0000000081800000, 0x0000000081900000, 0x0000000081900000|100%| O|  |TAMS 0x0000000081900000, 0x0000000081800000| Untracked 
|  25|0x0000000081900000, 0x0000000081a00000, 0x0000000081a00000|100%| O|  |TAMS 0x000000008199ec00, 0x0000000081900000| Untracked 
|  26|0x0000000081a00000, 0x0000000081b00000, 0x0000000081b00000|100%| O|  |TAMS 0x0000000081a00000, 0x0000000081a00000| Untracked 
|  27|0x0000000081b00000, 0x0000000081bcee00, 0x0000000081c00000| 80%| O|  |TAMS 0x0000000081b00000, 0x0000000081b00000| Untracked 
|  28|0x0000000081c00000, 0x0000000081c00000, 0x0000000081d00000|  0%| F|  |TAMS 0x0000000081c00000, 0x0000000081c00000| Untracked 
|  29|0x0000000081d00000, 0x0000000081d00000, 0x0000000081e00000|  0%| F|  |TAMS 0x0000000081d00000, 0x0000000081d00000| Untracked 
|  30|0x0000000081e00000, 0x0000000081e00000, 0x0000000081f00000|  0%| F|  |TAMS 0x0000000081e00000, 0x0000000081e00000| Untracked 
|  31|0x0000000081f00000, 0x0000000081f00000, 0x0000000082000000|  0%| F|  |TAMS 0x0000000081f00000, 0x0000000081f00000| Untracked 
|  32|0x0000000082000000, 0x0000000082000000, 0x0000000082100000|  0%| F|  |TAMS 0x0000000082000000, 0x0000000082000000| Untracked 
|  33|0x0000000082100000, 0x0000000082100000, 0x0000000082200000|  0%| F|  |TAMS 0x0000000082100000, 0x0000000082100000| Untracked 
|  34|0x0000000082200000, 0x0000000082200000, 0x0000000082300000|  0%| F|  |TAMS 0x0000000082200000, 0x0000000082200000| Untracked 
|  35|0x0000000082300000, 0x0000000082300000, 0x0000000082400000|  0%| F|  |TAMS 0x0000000082300000, 0x0000000082300000| Untracked 
|  36|0x0000000082400000, 0x0000000082400000, 0x0000000082500000|  0%| F|  |TAMS 0x0000000082400000, 0x0000000082400000| Untracked 
|  37|0x0000000082500000, 0x0000000082500000, 0x0000000082600000|  0%| F|  |TAMS 0x0000000082500000, 0x0000000082500000| Untracked 
|  38|0x0000000082600000, 0x0000000082600000, 0x0000000082700000|  0%| F|  |TAMS 0x0000000082600000, 0x0000000082600000| Untracked 
|  39|0x0000000082700000, 0x0000000082700000, 0x0000000082800000|  0%| F|  |TAMS 0x0000000082700000, 0x0000000082700000| Untracked 
|  40|0x0000000082800000, 0x0000000082800000, 0x0000000082900000|  0%| F|  |TAMS 0x0000000082800000, 0x0000000082800000| Untracked 
|  41|0x0000000082900000, 0x0000000082900000, 0x0000000082a00000|  0%| F|  |TAMS 0x0000000082900000, 0x0000000082900000| Untracked 
|  42|0x0000000082a00000, 0x0000000082a00000, 0x0000000082b00000|  0%| F|  |TAMS 0x0000000082a00000, 0x0000000082a00000| Untracked 
|  43|0x0000000082b00000, 0x0000000082b00000, 0x0000000082c00000|  0%| F|  |TAMS 0x0000000082b00000, 0x0000000082b00000| Untracked 
|  44|0x0000000082c00000, 0x0000000082c00000, 0x0000000082d00000|  0%| F|  |TAMS 0x0000000082c00000, 0x0000000082c00000| Untracked 
|  45|0x0000000082d00000, 0x0000000082d00000, 0x0000000082e00000|  0%| F|  |TAMS 0x0000000082d00000, 0x0000000082d00000| Untracked 
|  46|0x0000000082e00000, 0x0000000082e00000, 0x0000000082f00000|  0%| F|  |TAMS 0x0000000082e00000, 0x0000000082e00000| Untracked 
|  47|0x0000000082f00000, 0x0000000082f80000, 0x0000000083000000| 50%| S|CS|TAMS 0x0000000082f00000, 0x0000000082f00000| Complete 
|  48|0x0000000083000000, 0x0000000083100000, 0x0000000083100000|100%| S|CS|TAMS 0x0000000083000000, 0x0000000083000000| Complete 
|  49|0x0000000083100000, 0x0000000083200000, 0x0000000083200000|100%| S|CS|TAMS 0x0000000083100000, 0x0000000083100000| Complete 
|  50|0x0000000083200000, 0x0000000083300000, 0x0000000083300000|100%| S|CS|TAMS 0x0000000083200000, 0x0000000083200000| Complete 
|  51|0x0000000083300000, 0x0000000083400000, 0x0000000083400000|100%| S|CS|TAMS 0x0000000083300000, 0x0000000083300000| Complete 
|  52|0x0000000083400000, 0x0000000083500000, 0x0000000083500000|100%| S|CS|TAMS 0x0000000083400000, 0x0000000083400000| Complete 
|  53|0x0000000083500000, 0x0000000083600000, 0x0000000083600000|100%| S|CS|TAMS 0x0000000083500000, 0x0000000083500000| Complete 
|  54|0x0000000083600000, 0x0000000083700000, 0x0000000083700000|100%| S|CS|TAMS 0x0000000083600000, 0x0000000083600000| Complete 
|  55|0x0000000083700000, 0x0000000083700000, 0x0000000083800000|  0%| F|  |TAMS 0x0000000083700000, 0x0000000083700000| Untracked 
|  56|0x0000000083800000, 0x0000000083800000, 0x0000000083900000|  0%| F|  |TAMS 0x0000000083800000, 0x0000000083800000| Untracked 
|  57|0x0000000083900000, 0x0000000083900000, 0x0000000083a00000|  0%| F|  |TAMS 0x0000000083900000, 0x0000000083900000| Untracked 
|  58|0x0000000083a00000, 0x0000000083a00000, 0x0000000083b00000|  0%| F|  |TAMS 0x0000000083a00000, 0x0000000083a00000| Untracked 
|  59|0x0000000083b00000, 0x0000000083b00000, 0x0000000083c00000|  0%| F|  |TAMS 0x0000000083b00000, 0x0000000083b00000| Untracked 
|  60|0x0000000083c00000, 0x0000000083c00000, 0x0000000083d00000|  0%| F|  |TAMS 0x0000000083c00000, 0x0000000083c00000| Untracked 
|  61|0x0000000083d00000, 0x0000000083d00000, 0x0000000083e00000|  0%| F|  |TAMS 0x0000000083d00000, 0x0000000083d00000| Untracked 
|  62|0x0000000083e00000, 0x0000000083e00000, 0x0000000083f00000|  0%| F|  |TAMS 0x0000000083e00000, 0x0000000083e00000| Untracked 
|  63|0x0000000083f00000, 0x0000000083f00000, 0x0000000084000000|  0%| F|  |TAMS 0x0000000083f00000, 0x0000000083f00000| Untracked 
|  64|0x0000000084000000, 0x0000000084000000, 0x0000000084100000|  0%| F|  |TAMS 0x0000000084000000, 0x0000000084000000| Untracked 
|  65|0x0000000084100000, 0x0000000084100000, 0x0000000084200000|  0%| F|  |TAMS 0x0000000084100000, 0x0000000084100000| Untracked 
|  66|0x0000000084200000, 0x0000000084200000, 0x0000000084300000|  0%| F|  |TAMS 0x0000000084200000, 0x0000000084200000| Untracked 
|  67|0x0000000084300000, 0x0000000084300000, 0x0000000084400000|  0%| F|  |TAMS 0x0000000084300000, 0x0000000084300000| Untracked 
|  68|0x0000000084400000, 0x0000000084400000, 0x0000000084500000|  0%| F|  |TAMS 0x0000000084400000, 0x0000000084400000| Untracked 
|  69|0x0000000084500000, 0x0000000084500000, 0x0000000084600000|  0%| F|  |TAMS 0x0000000084500000, 0x0000000084500000| Untracked 
|  70|0x0000000084600000, 0x0000000084600000, 0x0000000084700000|  0%| F|  |TAMS 0x0000000084600000, 0x0000000084600000| Untracked 
|  71|0x0000000084700000, 0x0000000084700000, 0x0000000084800000|  0%| F|  |TAMS 0x0000000084700000, 0x0000000084700000| Untracked 
|  72|0x0000000084800000, 0x0000000084800000, 0x0000000084900000|  0%| F|  |TAMS 0x0000000084800000, 0x0000000084800000| Untracked 
|  73|0x0000000084900000, 0x0000000084900000, 0x0000000084a00000|  0%| F|  |TAMS 0x0000000084900000, 0x0000000084900000| Untracked 
|  74|0x0000000084a00000, 0x0000000084a00000, 0x0000000084b00000|  0%| F|  |TAMS 0x0000000084a00000, 0x0000000084a00000| Untracked 
|  75|0x0000000084b00000, 0x0000000084b00000, 0x0000000084c00000|  0%| F|  |TAMS 0x0000000084b00000, 0x0000000084b00000| Untracked 
|  76|0x0000000084c00000, 0x0000000084c00000, 0x0000000084d00000|  0%| F|  |TAMS 0x0000000084c00000, 0x0000000084c00000| Untracked 
|  77|0x0000000084d00000, 0x0000000084d00000, 0x0000000084e00000|  0%| F|  |TAMS 0x0000000084d00000, 0x0000000084d00000| Untracked 
|  78|0x0000000084e00000, 0x0000000084e00000, 0x0000000084f00000|  0%| F|  |TAMS 0x0000000084e00000, 0x0000000084e00000| Untracked 
|  79|0x0000000084f00000, 0x0000000084f00000, 0x0000000085000000|  0%| F|  |TAMS 0x0000000084f00000, 0x0000000084f00000| Untracked 
|  80|0x0000000085000000, 0x0000000085000000, 0x0000000085100000|  0%| F|  |TAMS 0x0000000085000000, 0x0000000085000000| Untracked 
|  81|0x0000000085100000, 0x0000000085100000, 0x0000000085200000|  0%| F|  |TAMS 0x0000000085100000, 0x0000000085100000| Untracked 
|  82|0x0000000085200000, 0x0000000085200000, 0x0000000085300000|  0%| F|  |TAMS 0x0000000085200000, 0x0000000085200000| Untracked 
|  83|0x0000000085300000, 0x0000000085300000, 0x0000000085400000|  0%| F|  |TAMS 0x0000000085300000, 0x0000000085300000| Untracked 
|  84|0x0000000085400000, 0x0000000085400000, 0x0000000085500000|  0%| F|  |TAMS 0x0000000085400000, 0x0000000085400000| Untracked 
|  85|0x0000000085500000, 0x0000000085500000, 0x0000000085600000|  0%| F|  |TAMS 0x0000000085500000, 0x0000000085500000| Untracked 
|  86|0x0000000085600000, 0x0000000085600000, 0x0000000085700000|  0%| F|  |TAMS 0x0000000085600000, 0x0000000085600000| Untracked 
|  87|0x0000000085700000, 0x0000000085700000, 0x0000000085800000|  0%| F|  |TAMS 0x0000000085700000, 0x0000000085700000| Untracked 
|  88|0x0000000085800000, 0x0000000085900000, 0x0000000085900000|100%| E|  |TAMS 0x0000000085800000, 0x0000000085800000| Complete 
|  89|0x0000000085900000, 0x0000000085a00000, 0x0000000085a00000|100%| E|CS|TAMS 0x0000000085900000, 0x0000000085900000| Complete 
|  90|0x0000000085a00000, 0x0000000085b00000, 0x0000000085b00000|100%| E|CS|TAMS 0x0000000085a00000, 0x0000000085a00000| Complete 
|  91|0x0000000085b00000, 0x0000000085c00000, 0x0000000085c00000|100%| E|CS|TAMS 0x0000000085b00000, 0x0000000085b00000| Complete 
|  92|0x0000000085c00000, 0x0000000085d00000, 0x0000000085d00000|100%| E|CS|TAMS 0x0000000085c00000, 0x0000000085c00000| Complete 
|  93|0x0000000085d00000, 0x0000000085e00000, 0x0000000085e00000|100%| E|CS|TAMS 0x0000000085d00000, 0x0000000085d00000| Complete 
|  94|0x0000000085e00000, 0x0000000085f00000, 0x0000000085f00000|100%| E|CS|TAMS 0x0000000085e00000, 0x0000000085e00000| Complete 
|  95|0x0000000085f00000, 0x0000000086000000, 0x0000000086000000|100%| E|CS|TAMS 0x0000000085f00000, 0x0000000085f00000| Complete 
|  96|0x0000000086000000, 0x0000000086100000, 0x0000000086100000|100%| E|CS|TAMS 0x0000000086000000, 0x0000000086000000| Complete 
|  97|0x0000000086100000, 0x0000000086200000, 0x0000000086200000|100%| E|CS|TAMS 0x0000000086100000, 0x0000000086100000| Complete 
|  98|0x0000000086200000, 0x0000000086300000, 0x0000000086300000|100%| E|CS|TAMS 0x0000000086200000, 0x0000000086200000| Complete 
|  99|0x0000000086300000, 0x0000000086400000, 0x0000000086400000|100%| E|CS|TAMS 0x0000000086300000, 0x0000000086300000| Complete 
| 100|0x0000000086400000, 0x0000000086500000, 0x0000000086500000|100%| E|CS|TAMS 0x0000000086400000, 0x0000000086400000| Complete 
| 101|0x0000000086500000, 0x0000000086600000, 0x0000000086600000|100%| E|CS|TAMS 0x0000000086500000, 0x0000000086500000| Complete 
| 102|0x0000000086600000, 0x0000000086700000, 0x0000000086700000|100%| E|CS|TAMS 0x0000000086600000, 0x0000000086600000| Complete 
| 103|0x0000000086700000, 0x0000000086800000, 0x0000000086800000|100%| E|CS|TAMS 0x0000000086700000, 0x0000000086700000| Complete 
| 104|0x0000000086800000, 0x0000000086900000, 0x0000000086900000|100%| E|CS|TAMS 0x0000000086800000, 0x0000000086800000| Complete 
| 105|0x0000000086900000, 0x0000000086a00000, 0x0000000086a00000|100%| E|CS|TAMS 0x0000000086900000, 0x0000000086900000| Complete 
| 106|0x0000000086a00000, 0x0000000086b00000, 0x0000000086b00000|100%| E|CS|TAMS 0x0000000086a00000, 0x0000000086a00000| Complete 
| 107|0x0000000086b00000, 0x0000000086c00000, 0x0000000086c00000|100%| E|CS|TAMS 0x0000000086b00000, 0x0000000086b00000| Complete 
| 108|0x0000000086c00000, 0x0000000086d00000, 0x0000000086d00000|100%| E|CS|TAMS 0x0000000086c00000, 0x0000000086c00000| Complete 
| 109|0x0000000086d00000, 0x0000000086e00000, 0x0000000086e00000|100%| E|CS|TAMS 0x0000000086d00000, 0x0000000086d00000| Complete 
| 110|0x0000000086e00000, 0x0000000086f00000, 0x0000000086f00000|100%| E|CS|TAMS 0x0000000086e00000, 0x0000000086e00000| Complete 
| 123|0x0000000087b00000, 0x0000000087c00000, 0x0000000087c00000|100%| E|CS|TAMS 0x0000000087b00000, 0x0000000087b00000| Complete 

Card table byte_map: [0x0000021df8b00000,0x0000021df8f00000] _byte_map_base: 0x0000021df8700000

Marking Bits (Prev, Next): (CMBitMap*) 0x0000021df4b9a950, (CMBitMap*) 0x0000021df4b9a990
 Prev Bits: [0x0000021df9300000, 0x0000021dfb300000)
 Next Bits: [0x0000021dfb300000, 0x0000021dfd300000)

Polling page: 0x0000021df2980000

Metaspace:

Usage:
  Non-class:     38.54 MB used.
      Class:      4.82 MB used.
       Both:     43.36 MB used.

Virtual space:
  Non-class space:       64.00 MB reserved,      38.81 MB ( 61%) committed,  1 nodes.
      Class space:        1.00 GB reserved,       5.06 MB ( <1%) committed,  1 nodes.
             Both:        1.06 GB reserved,      43.88 MB (  4%) committed. 

Chunk freelists:
   Non-Class:  8.71 MB
       Class:  10.80 MB
        Both:  19.52 MB

MaxMetaspaceSize: unlimited
CompressedClassSpaceSize: 1.00 GB
Initial GC threshold: 21.00 MB
Current GC threshold: 59.00 MB
CDS: off
MetaspaceReclaimPolicy: balanced
 - commit_granule_bytes: 65536.
 - commit_granule_words: 8192.
 - virtual_space_node_default_size: 8388608.
 - enlarge_chunks_in_place: 1.
 - new_chunks_are_fully_committed: 0.
 - uncommit_free_chunks: 1.
 - use_allocation_guard: 0.
 - handle_deallocations: 1.


Internal statistics:

num_allocs_failed_limit: 6.
num_arena_births: 602.
num_arena_deaths: 0.
num_vsnodes_births: 2.
num_vsnodes_deaths: 0.
num_space_committed: 702.
num_space_uncommitted: 0.
num_chunks_returned_to_freelist: 6.
num_chunks_taken_from_freelist: 1668.
num_chunk_merges: 6.
num_chunk_splits: 1139.
num_chunks_enlarged: 793.
num_inconsistent_stats: 0.

CodeHeap 'non-profiled nmethods': size=120000Kb used=2990Kb max_used=2990Kb free=117009Kb
 bounds [0x0000021d87ad0000, 0x0000021d87dc0000, 0x0000021d8f000000]
CodeHeap 'profiled nmethods': size=120000Kb used=8374Kb max_used=8694Kb free=111625Kb
 bounds [0x0000021d80000000, 0x0000021d80880000, 0x0000021d87530000]
CodeHeap 'non-nmethods': size=5760Kb used=2325Kb max_used=2388Kb free=3434Kb
 bounds [0x0000021d87530000, 0x0000021d877a0000, 0x0000021d87ad0000]
 total_blobs=5336 nmethods=4509 adapters=738
 compilation: enabled
              stopped_count=0, restarted_count=0
 full_count=0

Compilation events (20 events):
Event: 5.164 Thread 0x0000021d9308d020 nmethod 5310 0x0000021d803f0310 code [0x0000021d803f04a0, 0x0000021d803f05e8]
Event: 5.164 Thread 0x0000021d9308d020 5309       3       groovyjarjarasm.asm.Frame::push (59 bytes)
Event: 5.164 Thread 0x0000021d9308d020 nmethod 5309 0x0000021d80130310 code [0x0000021d80130540, 0x0000021d80130c98]
Event: 5.164 Thread 0x0000021d9308d020 5311       3       groovyjarjarasm.asm.MethodWriter::visitLabel (328 bytes)
Event: 5.165 Thread 0x0000021d9308d020 nmethod 5311 0x0000021d8012f090 code [0x0000021d8012f300, 0x0000021d80130068]
Event: 5.165 Thread 0x0000021d9308d020 5312       3       java.lang.reflect.Method::invoke (65 bytes)
Event: 5.165 Thread 0x0000021d9308d020 nmethod 5312 0x0000021d8012e890 code [0x0000021d8012ea80, 0x0000021d8012eed8]
Event: 5.165 Thread 0x0000021d9308d020 5313       3       com.google.common.collect.RegularImmutableMap::makeImmutable (44 bytes)
Event: 5.165 Thread 0x0000021d9308d020 nmethod 5313 0x0000021d8012dc10 code [0x0000021d8012de20, 0x0000021d8012e678]
Event: 5.165 Thread 0x0000021d9308d020 5314       1       java.util.stream.FindOps$FindOp::getOpFlags (5 bytes)
Event: 5.165 Thread 0x0000021d9308d020 nmethod 5314 0x0000021d87bd3b10 code [0x0000021d87bd3ca0, 0x0000021d87bd3d78]
Event: 5.170 Thread 0x0000021d93955790 nmethod 5292 0x0000021d87db2a90 code [0x0000021d87db2d20, 0x0000021d87db4910]
Event: 5.170 Thread 0x0000021d93955790 5308       4       java.util.regex.Pattern::atom (422 bytes)
Event: 5.193 Thread 0x0000021d93955790 nmethod 5308 0x0000021d87db5510 code [0x0000021d87db57c0, 0x0000021d87db7770]
Event: 5.193 Thread 0x0000021d93955790 5306       4       java.util.regex.Pattern::newSlice (181 bytes)
Event: 5.201 Thread 0x0000021d93955790 nmethod 5306 0x0000021d87bd2b10 code [0x0000021d87bd2ce0, 0x0000021d87bd3678]
Event: 5.201 Thread 0x0000021d93955790 5307       4       java.util.regex.Pattern::sequence (647 bytes)
Event: 5.221 Thread 0x0000021d93955790 nmethod 5307 0x0000021d87db8710 code [0x0000021d87db8a80, 0x0000021d87dba770]
Event: 5.221 Thread 0x0000021d93955790 5301   !   4       java.util.regex.Pattern::closure (276 bytes)
Event: 5.229 Thread 0x0000021d93955790 nmethod 5301 0x0000021d87dbb610 code [0x0000021d87dbb8c0, 0x0000021d87dbc648]

GC Heap History (20 events):
Event: 0.620 GC heap before
{Heap before GC invocations=1 (full 0):
 garbage-first heap   total 126976K, used 35592K [0x0000000080000000, 0x0000000100000000)
  region size 1024K, 25 young (25600K), 3 survivors (3072K)
 Metaspace       used 12168K, committed 12416K, reserved 1114112K
  class space    used 1035K, committed 1152K, reserved 1048576K
}
Event: 0.625 GC heap after
{Heap after GC invocations=2 (full 0):
 garbage-first heap   total 126976K, used 16695K [0x0000000080000000, 0x0000000100000000)
  region size 1024K, 3 young (3072K), 3 survivors (3072K)
 Metaspace       used 12168K, committed 12416K, reserved 1114112K
  class space    used 1035K, committed 1152K, reserved 1048576K
}
Event: 0.975 GC heap before
{Heap before GC invocations=2 (full 0):
 garbage-first heap   total 126976K, used 58679K [0x0000000080000000, 0x0000000100000000)
  region size 1024K, 43 young (44032K), 3 survivors (3072K)
 Metaspace       used 17875K, committed 18112K, reserved 1114112K
  class space    used 1685K, committed 1792K, reserved 1048576K
}
Event: 0.985 GC heap after
{Heap after GC invocations=3 (full 0):
 garbage-first heap   total 126976K, used 22117K [0x0000000080000000, 0x0000000100000000)
  region size 1024K, 6 young (6144K), 6 survivors (6144K)
 Metaspace       used 17875K, committed 18112K, reserved 1114112K
  class space    used 1685K, committed 1792K, reserved 1048576K
}
Event: 1.199 GC heap before
{Heap before GC invocations=3 (full 0):
 garbage-first heap   total 126976K, used 44645K [0x0000000080000000, 0x0000000100000000)
  region size 1024K, 29 young (29696K), 6 survivors (6144K)
 Metaspace       used 21383K, committed 21504K, reserved 1114112K
  class space    used 2242K, committed 2304K, reserved 1048576K
}
Event: 1.205 GC heap after
{Heap after GC invocations=4 (full 0):
 garbage-first heap   total 126976K, used 21902K [0x0000000080000000, 0x0000000100000000)
  region size 1024K, 5 young (5120K), 5 survivors (5120K)
 Metaspace       used 21383K, committed 21504K, reserved 1114112K
  class space    used 2242K, committed 2304K, reserved 1048576K
}
Event: 1.363 GC heap before
{Heap before GC invocations=5 (full 0):
 garbage-first heap   total 78848K, used 61838K [0x0000000080000000, 0x0000000100000000)
  region size 1024K, 45 young (46080K), 5 survivors (5120K)
 Metaspace       used 22263K, committed 22464K, reserved 1114112K
  class space    used 2338K, committed 2432K, reserved 1048576K
}
Event: 1.369 GC heap after
{Heap after GC invocations=6 (full 0):
 garbage-first heap   total 95232K, used 22590K [0x0000000080000000, 0x0000000100000000)
  region size 1024K, 3 young (3072K), 3 survivors (3072K)
 Metaspace       used 22263K, committed 22464K, reserved 1114112K
  class space    used 2338K, committed 2432K, reserved 1048576K
}
Event: 1.817 GC heap before
{Heap before GC invocations=6 (full 0):
 garbage-first heap   total 95232K, used 67646K [0x0000000080000000, 0x0000000100000000)
  region size 1024K, 47 young (48128K), 3 survivors (3072K)
 Metaspace       used 26836K, committed 27136K, reserved 1114112K
  class space    used 2817K, committed 2944K, reserved 1048576K
}
Event: 1.822 GC heap after
{Heap after GC invocations=7 (full 0):
 garbage-first heap   total 95232K, used 25766K [0x0000000080000000, 0x0000000100000000)
  region size 1024K, 6 young (6144K), 6 survivors (6144K)
 Metaspace       used 26836K, committed 27136K, reserved 1114112K
  class space    used 2817K, committed 2944K, reserved 1048576K
}
Event: 2.143 GC heap before
{Heap before GC invocations=7 (full 0):
 garbage-first heap   total 95232K, used 68774K [0x0000000080000000, 0x0000000100000000)
  region size 1024K, 48 young (49152K), 6 survivors (6144K)
 Metaspace       used 31699K, committed 32128K, reserved 1114112K
  class space    used 3396K, committed 3584K, reserved 1048576K
}
Event: 2.153 GC heap after
{Heap after GC invocations=8 (full 0):
 garbage-first heap   total 95232K, used 28137K [0x0000000080000000, 0x0000000100000000)
  region size 1024K, 3 young (3072K), 3 survivors (3072K)
 Metaspace       used 31699K, committed 32128K, reserved 1114112K
  class space    used 3396K, committed 3584K, reserved 1048576K
}
Event: 2.263 GC heap before
{Heap before GC invocations=8 (full 0):
 garbage-first heap   total 95232K, used 74217K [0x0000000080000000, 0x0000000100000000)
  region size 1024K, 45 young (46080K), 3 survivors (3072K)
 Metaspace       used 32866K, committed 33216K, reserved 1114112K
  class space    used 3477K, committed 3648K, reserved 1048576K
}
Event: 2.266 GC heap after
{Heap after GC invocations=9 (full 0):
 garbage-first heap   total 95232K, used 28137K [0x0000000080000000, 0x0000000100000000)
  region size 1024K, 3 young (3072K), 3 survivors (3072K)
 Metaspace       used 32866K, committed 33216K, reserved 1114112K
  class space    used 3477K, committed 3648K, reserved 1048576K
}
Event: 2.597 GC heap before
{Heap before GC invocations=9 (full 0):
 garbage-first heap   total 95232K, used 73193K [0x0000000080000000, 0x0000000100000000)
  region size 1024K, 47 young (48128K), 3 survivors (3072K)
 Metaspace       used 35356K, committed 35776K, reserved 1114112K
  class space    used 3736K, committed 3968K, reserved 1048576K
}
Event: 2.601 GC heap after
{Heap after GC invocations=10 (full 0):
 garbage-first heap   total 114688K, used 29933K [0x0000000080000000, 0x0000000100000000)
  region size 1024K, 5 young (5120K), 5 survivors (5120K)
 Metaspace       used 35356K, committed 35776K, reserved 1114112K
  class space    used 3736K, committed 3968K, reserved 1048576K
}
Event: 2.698 GC heap before
{Heap before GC invocations=10 (full 0):
 garbage-first heap   total 114688K, used 74989K [0x0000000080000000, 0x0000000100000000)
  region size 1024K, 50 young (51200K), 5 survivors (5120K)
 Metaspace       used 35666K, committed 36096K, reserved 1114112K
  class space    used 3764K, committed 3968K, reserved 1048576K
}
Event: 2.705 GC heap after
{Heap after GC invocations=11 (full 0):
 garbage-first heap   total 114688K, used 32109K [0x0000000080000000, 0x0000000100000000)
  region size 1024K, 7 young (7168K), 7 survivors (7168K)
 Metaspace       used 35666K, committed 36096K, reserved 1114112K
  class space    used 3764K, committed 3968K, reserved 1048576K
}
Event: 3.338 GC heap before
{Heap before GC invocations=12 (full 0):
 garbage-first heap   total 114688K, used 83309K [0x0000000080000000, 0x0000000100000000)
  region size 1024K, 57 young (58368K), 7 survivors (7168K)
 Metaspace       used 42921K, committed 43392K, reserved 1114112K
  class space    used 4776K, committed 4992K, reserved 1048576K
}
Event: 3.347 GC heap after
{Heap after GC invocations=13 (full 0):
 garbage-first heap   total 114688K, used 35529K [0x0000000080000000, 0x0000000100000000)
  region size 1024K, 8 young (8192K), 8 survivors (8192K)
 Metaspace       used 42921K, committed 43392K, reserved 1114112K
  class space    used 4776K, committed 4992K, reserved 1048576K
}

Dll operation events (7 events):
Event: 0.005 Loaded shared library C:\Users\Admin\.katalon\packages\Katalon_Studio_Windows_64-9.3.1\Katalon_Studio_Windows_64-9.3.1\jre\bin\java.dll
Event: 0.127 Loaded shared library C:\Users\Admin\.katalon\packages\Katalon_Studio_Windows_64-9.3.1\Katalon_Studio_Windows_64-9.3.1\jre\bin\net.dll
Event: 0.128 Loaded shared library C:\Users\Admin\.katalon\packages\Katalon_Studio_Windows_64-9.3.1\Katalon_Studio_Windows_64-9.3.1\jre\bin\nio.dll
Event: 0.133 Loaded shared library C:\Users\Admin\.katalon\packages\Katalon_Studio_Windows_64-9.3.1\Katalon_Studio_Windows_64-9.3.1\jre\bin\zip.dll
Event: 0.344 Loaded shared library C:\Users\Admin\.katalon\packages\Katalon_Studio_Windows_64-9.3.1\Katalon_Studio_Windows_64-9.3.1\jre\bin\verify.dll
Event: 0.469 Loaded shared library C:\Users\Admin\.katalon\packages\Katalon_Studio_Windows_64-9.3.1\Katalon_Studio_Windows_64-9.3.1\jre\bin\jimage.dll
Event: 3.039 Loaded shared library C:\Users\Admin\.katalon\packages\Katalon_Studio_Windows_64-9.3.1\Katalon_Studio_Windows_64-9.3.1\jre\bin\sunmscapi.dll

Deoptimization events (20 events):
Event: 4.696 Thread 0x0000021df4b3dca0 DEOPT PACKING pc=0x0000021d87c2991c sp=0x000000dc5bafc500
Event: 4.696 Thread 0x0000021df4b3dca0 DEOPT UNPACKING pc=0x0000021d8758a1a3 sp=0x000000dc5bafc4a8 mode 2
Event: 4.696 Thread 0x0000021df4b3dca0 Uncommon trap: trap_request=0xffffffbe fr.pc=0x0000021d87c2991c relative=0x00000000000002dc
Event: 4.696 Thread 0x0000021df4b3dca0 Uncommon trap: reason=profile_predicate action=maybe_recompile pc=0x0000021d87c2991c method=java.util.regex.Pattern$BnM.optimize(Ljava/util/regex/Pattern$Node;)Ljava/util/regex/Pattern$Node; @ 67 c2
Event: 4.696 Thread 0x0000021df4b3dca0 DEOPT PACKING pc=0x0000021d87c2991c sp=0x000000dc5bafc4c0
Event: 4.696 Thread 0x0000021df4b3dca0 DEOPT UNPACKING pc=0x0000021d8758a1a3 sp=0x000000dc5bafc468 mode 2
Event: 4.696 Thread 0x0000021df4b3dca0 Uncommon trap: trap_request=0xffffffbe fr.pc=0x0000021d87c2991c relative=0x00000000000002dc
Event: 4.696 Thread 0x0000021df4b3dca0 Uncommon trap: reason=profile_predicate action=maybe_recompile pc=0x0000021d87c2991c method=java.util.regex.Pattern$BnM.optimize(Ljava/util/regex/Pattern$Node;)Ljava/util/regex/Pattern$Node; @ 67 c2
Event: 4.696 Thread 0x0000021df4b3dca0 DEOPT PACKING pc=0x0000021d87c2991c sp=0x000000dc5bafc4c0
Event: 4.696 Thread 0x0000021df4b3dca0 DEOPT UNPACKING pc=0x0000021d8758a1a3 sp=0x000000dc5bafc468 mode 2
Event: 4.696 Thread 0x0000021df4b3dca0 Uncommon trap: trap_request=0xffffffbe fr.pc=0x0000021d87c2991c relative=0x00000000000002dc
Event: 4.696 Thread 0x0000021df4b3dca0 Uncommon trap: reason=profile_predicate action=maybe_recompile pc=0x0000021d87c2991c method=java.util.regex.Pattern$BnM.optimize(Ljava/util/regex/Pattern$Node;)Ljava/util/regex/Pattern$Node; @ 67 c2
Event: 4.696 Thread 0x0000021df4b3dca0 DEOPT PACKING pc=0x0000021d87c2991c sp=0x000000dc5bafc4c0
Event: 4.696 Thread 0x0000021df4b3dca0 DEOPT UNPACKING pc=0x0000021d8758a1a3 sp=0x000000dc5bafc468 mode 2
Event: 5.142 Thread 0x0000021df4b3dca0 DEOPT PACKING pc=0x0000021d80145dc3 sp=0x000000dc5bafb480
Event: 5.142 Thread 0x0000021df4b3dca0 DEOPT UNPACKING pc=0x0000021d8758ace3 sp=0x000000dc5bafa9a0 mode 0
Event: 5.160 Thread 0x0000021df4b3dca0 Uncommon trap: trap_request=0xffffff45 fr.pc=0x0000021d87c7e828 relative=0x0000000000001008
Event: 5.160 Thread 0x0000021df4b3dca0 Uncommon trap: reason=unstable_if action=reinterpret pc=0x0000021d87c7e828 method=jdk.internal.jimage.ImageStringsReader.stringFromByteBufferMatches(Ljava/nio/ByteBuffer;ILjava/lang/String;I)I @ 48 c2
Event: 5.160 Thread 0x0000021df4b3dca0 DEOPT PACKING pc=0x0000021d87c7e828 sp=0x000000dc5bafa8f0
Event: 5.160 Thread 0x0000021df4b3dca0 DEOPT UNPACKING pc=0x0000021d8758a1a3 sp=0x000000dc5bafa648 mode 2

Classes unloaded (0 events):
No events

Classes redefined (0 events):
No events

Internal exceptions (20 events):
Event: 3.234 Thread 0x0000021df4b3dca0 Exception <a 'java/lang/NoSuchMethodError'{0x0000000084871010}: 'long java.lang.invoke.DirectMethodHandle$Holder.invokeVirtual(java.lang.Object, java.lang.Object)'> (0x0000000084871010) 
thrown [s\src\hotspot\share\interpreter\linkResolver.cpp, line 759]
Event: 3.280 Thread 0x0000021df4b3dca0 Implicit null exception at 0x0000021d87bc62cb to 0x0000021d87bc62f0
Event: 3.288 Thread 0x0000021df4b3dca0 Exception <a 'java/lang/NoSuchMethodError'{0x00000000843888a0}: 'void java.lang.invoke.DirectMethodHandle$Holder.invokeInterface(java.lang.Object, java.lang.Object, java.lang.Object)'> (0x00000000843888a0) 
thrown [s\src\hotspot\share\interpreter\linkResolver.cpp, line 759]
Event: 3.987 Thread 0x0000021df4b3dca0 Exception <a 'java/lang/NoSuchMethodError'{0x0000000086c9b2e0}: 'java.lang.Object java.lang.invoke.DirectMethodHandle$Holder.invokeSpecialIFC(java.lang.Object, java.lang.Object, java.lang.Object)'> (0x0000000086c9b2e0) 
thrown [s\src\hotspot\share\interpreter\linkResolver.cpp, line 759]
Event: 4.065 Thread 0x0000021df4b3dca0 Exception <a 'java/lang/ClassNotFoundException'{0x000000008671b310}: com/kms/katalon/core/webui/keyword/builtin/MaximizeWindowKeywordBeanInfo> (0x000000008671b310) 
thrown [s\src\hotspot\share\classfile\systemDictionary.cpp, line 256]
Event: 4.066 Thread 0x0000021df4b3dca0 Exception <a 'java/lang/ClassNotFoundException'{0x0000000086749600}: com/kms/katalon/core/webui/keyword/builtin/MaximizeWindowKeywordCustomizer> (0x0000000086749600) 
thrown [s\src\hotspot\share\classfile\systemDictionary.cpp, line 256]
Event: 4.208 Thread 0x0000021df4b3dca0 Exception <a 'java/lang/ClassNotFoundException'{0x000000008653b528}: com/kms/katalon/core/webui/keyword/builtin/NavigateToUrlKeywordBeanInfo> (0x000000008653b528) 
thrown [s\src\hotspot\share\classfile\systemDictionary.cpp, line 256]
Event: 4.210 Thread 0x0000021df4b3dca0 Exception <a 'java/lang/ClassNotFoundException'{0x00000000865694f8}: com/kms/katalon/core/webui/keyword/builtin/NavigateToUrlKeywordCustomizer> (0x00000000865694f8) 
thrown [s\src\hotspot\share\classfile\systemDictionary.cpp, line 256]
Event: 4.652 Thread 0x0000021df4b3dca0 Exception <a 'java/lang/ClassNotFoundException'{0x000000008630ffc8}: com/kms/katalon/core/testobject/ObjectRepositoryBeanInfo> (0x000000008630ffc8) 
thrown [s\src\hotspot\share\classfile\systemDictionary.cpp, line 256]
Event: 4.654 Thread 0x0000021df4b3dca0 Exception <a 'java/lang/ClassNotFoundException'{0x000000008633b590}: com/kms/katalon/core/testobject/ObjectRepositoryCustomizer> (0x000000008633b590) 
thrown [s\src\hotspot\share\classfile\systemDictionary.cpp, line 256]
Event: 4.685 Thread 0x0000021df4b3dca0 Exception <a 'java/lang/ClassNotFoundException'{0x00000000861f6020}: Script1BeanInfo> (0x00000000861f6020) 
thrown [s\src\hotspot\share\classfile\systemDictionary.cpp, line 256]
Event: 4.687 Thread 0x0000021df4b3dca0 Exception <a 'java/lang/ClassNotFoundException'{0x000000008601fe08}: Script1Customizer> (0x000000008601fe08) 
thrown [s\src\hotspot\share\classfile\systemDictionary.cpp, line 256]
Event: 4.700 Thread 0x0000021df4b3dca0 Exception <a 'java/lang/ClassNotFoundException'{0x0000000085f97d58}: com/kms/katalon/core/webui/keyword/builtin/ClickKeywordBeanInfo> (0x0000000085f97d58) 
thrown [s\src\hotspot\share\classfile\systemDictionary.cpp, line 256]
Event: 4.702 Thread 0x0000021df4b3dca0 Exception <a 'java/lang/ClassNotFoundException'{0x0000000085fc4be8}: com/kms/katalon/core/webui/keyword/builtin/ClickKeywordCustomizer> (0x0000000085fc4be8) 
thrown [s\src\hotspot\share\classfile\systemDictionary.cpp, line 256]
Event: 5.091 Thread 0x0000021df4b3dca0 Exception <a 'java/lang/ClassNotFoundException'{0x0000000085dd3dd8}: org/openqa/selenium/support/events/EventFiringWebDriver$EventFiringWebElementBeanInfo> (0x0000000085dd3dd8) 
thrown [s\src\hotspot\share\classfile\systemDictionary.cpp, line 256]
Event: 5.092 Thread 0x0000021df4b3dca0 Exception <a 'java/lang/ClassNotFoundException'{0x0000000085c05090}: org/openqa/selenium/support/events/EventFiringWebDriver$EventFiringWebElementCustomizer> (0x0000000085c05090) 
thrown [s\src\hotspot\share\classfile\systemDictionary.cpp, line 256]
Event: 5.153 Thread 0x0000021df4b3dca0 Exception <a 'java/lang/ClassNotFoundException'{0x0000000085a9a1a8}: Script1BeanInfo> (0x0000000085a9a1a8) 
thrown [s\src\hotspot\share\classfile\systemDictionary.cpp, line 256]
Event: 5.154 Thread 0x0000021df4b3dca0 Exception <a 'java/lang/ClassNotFoundException'{0x0000000085ac3ad8}: Script1Customizer> (0x0000000085ac3ad8) 
thrown [s\src\hotspot\share\classfile\systemDictionary.cpp, line 256]
Event: 5.159 Thread 0x0000021df4b3dca0 Exception <a 'java/lang/ClassNotFoundException'{0x00000000859df460}: com/kms/katalon/core/webui/keyword/builtin/SetTextKeywordBeanInfo> (0x00000000859df460) 
thrown [s\src\hotspot\share\classfile\systemDictionary.cpp, line 256]
Event: 5.161 Thread 0x0000021df4b3dca0 Exception <a 'java/lang/ClassNotFoundException'{0x000000008580cdb0}: com/kms/katalon/core/webui/keyword/builtin/SetTextKeywordCustomizer> (0x000000008580cdb0) 
thrown [s\src\hotspot\share\classfile\systemDictionary.cpp, line 256]

VM Operations (20 events):
Event: 2.947 Executing VM operation: HandshakeAllThreads
Event: 2.947 Executing VM operation: HandshakeAllThreads done
Event: 2.992 Executing VM operation: HandshakeAllThreads
Event: 2.992 Executing VM operation: HandshakeAllThreads done
Event: 3.049 Executing VM operation: HandshakeAllThreads
Event: 3.049 Executing VM operation: HandshakeAllThreads done
Event: 3.050 Executing VM operation: HandshakeAllThreads
Event: 3.050 Executing VM operation: HandshakeAllThreads done
Event: 3.215 Executing VM operation: HandshakeAllThreads
Event: 3.215 Executing VM operation: HandshakeAllThreads done
Event: 3.216 Executing VM operation: HandshakeAllThreads
Event: 3.216 Executing VM operation: HandshakeAllThreads done
Event: 3.217 Executing VM operation: HandshakeAllThreads
Event: 3.217 Executing VM operation: HandshakeAllThreads done
Event: 3.337 Executing VM operation: G1CollectForAllocation
Event: 3.347 Executing VM operation: G1CollectForAllocation done
Event: 4.350 Executing VM operation: Cleanup
Event: 4.350 Executing VM operation: Cleanup done
Event: 4.663 Executing VM operation: HandshakeAllThreads
Event: 4.663 Executing VM operation: HandshakeAllThreads done

Events (20 events):
Event: 3.373 loading class java/net/UnknownServiceException done
Event: 3.379 Thread 0x0000021d96c45170 Thread added: 0x0000021d96c45170
Event: 3.382 Thread 0x0000021d96c447d0 Thread added: 0x0000021d96c447d0
Event: 3.979 Thread 0x0000021d93955790 Thread exited: 0x0000021d93955790
Event: 3.982 Thread 0x0000021d93284470 Thread exited: 0x0000021d93284470
Event: 3.985 loading class jdk/internal/access/foreign/MemorySegmentProxy
Event: 3.985 loading class jdk/internal/access/foreign/MemorySegmentProxy done
Event: 3.986 Thread 0x0000021d93284470 Thread added: 0x0000021d93284470
Event: 3.996 loading class java/util/UUID$Holder
Event: 3.996 loading class java/util/UUID$Holder done
Event: 4.056 loading class java/lang/StackTraceElement$HashedModules
Event: 4.056 loading class java/lang/StackTraceElement$HashedModules done
Event: 4.197 Thread 0x0000021d93284470 Thread exited: 0x0000021d93284470
Event: 4.212 Thread 0x0000021d93284470 Thread added: 0x0000021d93284470
Event: 4.215 loading class sun/net/www/protocol/https/Handler
Event: 4.215 loading class sun/net/www/protocol/https/Handler done
Event: 4.642 Thread 0x0000021d93284470 Thread exited: 0x0000021d93284470
Event: 4.667 Thread 0x0000021d93955790 Thread added: 0x0000021d93955790
Event: 5.072 Thread 0x0000021d93955790 Thread exited: 0x0000021d93955790
Event: 5.141 Thread 0x0000021d93955790 Thread added: 0x0000021d93955790


Dynamic libraries:
0x00007ff6d3f30000 - 0x00007ff6d3f3e000 	C:\Users\Admin\.katalon\packages\Katalon_Studio_Windows_64-9.3.1\Katalon_Studio_Windows_64-9.3.1\jre\bin\javaw.exe
0x00007ff8eea90000 - 0x00007ff8eeca6000 	C:\WINDOWS\SYSTEM32\ntdll.dll
0x00007ff8edc60000 - 0x00007ff8edd24000 	C:\WINDOWS\System32\KERNEL32.DLL
0x00007ff8ebfe0000 - 0x00007ff8ec386000 	C:\WINDOWS\System32\KERNELBASE.dll
0x00007ff8ec440000 - 0x00007ff8ec551000 	C:\WINDOWS\System32\ucrtbase.dll
0x00007ff8ce170000 - 0x00007ff8ce187000 	C:\Users\Admin\.katalon\packages\Katalon_Studio_Windows_64-9.3.1\Katalon_Studio_Windows_64-9.3.1\jre\bin\jli.dll
0x00007ff8ce150000 - 0x00007ff8ce169000 	C:\Users\Admin\.katalon\packages\Katalon_Studio_Windows_64-9.3.1\Katalon_Studio_Windows_64-9.3.1\jre\bin\VCRUNTIME140.dll
0x00007ff8ec8c0000 - 0x00007ff8eca6d000 	C:\WINDOWS\System32\USER32.dll
0x00007ff8ec390000 - 0x00007ff8ec3b6000 	C:\WINDOWS\System32\win32u.dll
0x00007ff8c10a0000 - 0x00007ff8c1333000 	C:\WINDOWS\WinSxS\amd64_microsoft.windows.common-controls_6595b64144ccf1df_6.0.22621.3235_none_270f74e173860f98\COMCTL32.dll
0x00007ff8eddf0000 - 0x00007ff8ede19000 	C:\WINDOWS\System32\GDI32.dll
0x00007ff8ee420000 - 0x00007ff8ee4c7000 	C:\WINDOWS\System32\msvcrt.dll
0x00007ff8ec560000 - 0x00007ff8ec678000 	C:\WINDOWS\System32\gdi32full.dll
0x00007ff8ebf40000 - 0x00007ff8ebfda000 	C:\WINDOWS\System32\msvcp_win.dll
0x00007ff8eea10000 - 0x00007ff8eea41000 	C:\WINDOWS\System32\IMM32.DLL
0x00007ff8e35f0000 - 0x00007ff8e35fc000 	C:\Users\Admin\.katalon\packages\Katalon_Studio_Windows_64-9.3.1\Katalon_Studio_Windows_64-9.3.1\jre\bin\vcruntime140_1.dll
0x00007ff8a3b60000 - 0x00007ff8a3bf1000 	C:\Users\Admin\.katalon\packages\Katalon_Studio_Windows_64-9.3.1\Katalon_Studio_Windows_64-9.3.1\jre\bin\msvcp140.dll
0x00007ff8473a0000 - 0x00007ff847fe8000 	C:\Users\Admin\.katalon\packages\Katalon_Studio_Windows_64-9.3.1\Katalon_Studio_Windows_64-9.3.1\jre\bin\server\jvm.dll
0x00007ff8edd30000 - 0x00007ff8edde2000 	C:\WINDOWS\System32\ADVAPI32.dll
0x00007ff8ee310000 - 0x00007ff8ee3b8000 	C:\WINDOWS\System32\sechost.dll
0x00007ff8ec680000 - 0x00007ff8ec6a8000 	C:\WINDOWS\System32\bcrypt.dll
0x00007ff8ed870000 - 0x00007ff8ed985000 	C:\WINDOWS\System32\RPCRT4.dll
0x00007ff8e1f30000 - 0x00007ff8e1f3a000 	C:\WINDOWS\SYSTEM32\VERSION.dll
0x00007ff8e1f40000 - 0x00007ff8e1f74000 	C:\WINDOWS\SYSTEM32\WINMM.dll
0x00007ff8e7690000 - 0x00007ff8e7699000 	C:\WINDOWS\SYSTEM32\WSOCK32.dll
0x00007ff8ec7e0000 - 0x00007ff8ec851000 	C:\WINDOWS\System32\WS2_32.dll
0x00007ff8eaf00000 - 0x00007ff8eaf18000 	C:\WINDOWS\SYSTEM32\kernel.appcore.dll
0x00007ff8d2ae0000 - 0x00007ff8d2aea000 	C:\Users\Admin\.katalon\packages\Katalon_Studio_Windows_64-9.3.1\Katalon_Studio_Windows_64-9.3.1\jre\bin\jimage.dll
0x00007ff8e98b0000 - 0x00007ff8e9ae3000 	C:\WINDOWS\SYSTEM32\DBGHELP.DLL
0x00007ff8ee4d0000 - 0x00007ff8ee858000 	C:\WINDOWS\System32\combase.dll
0x00007ff8ee910000 - 0x00007ff8ee9e7000 	C:\WINDOWS\System32\OLEAUT32.dll
0x00007ff8ceb30000 - 0x00007ff8ceb62000 	C:\WINDOWS\SYSTEM32\dbgcore.DLL
0x00007ff8ec3c0000 - 0x00007ff8ec43a000 	C:\WINDOWS\System32\bcryptPrimitives.dll
0x00007ff8cdf90000 - 0x00007ff8cdfb5000 	C:\Users\Admin\.katalon\packages\Katalon_Studio_Windows_64-9.3.1\Katalon_Studio_Windows_64-9.3.1\jre\bin\java.dll
0x00007ff8d26f0000 - 0x00007ff8d2708000 	C:\Users\Admin\.katalon\packages\Katalon_Studio_Windows_64-9.3.1\Katalon_Studio_Windows_64-9.3.1\jre\bin\zip.dll
0x00007ff8ecc40000 - 0x00007ff8ed49d000 	C:\WINDOWS\System32\SHELL32.dll
0x00007ff8e9d30000 - 0x00007ff8ea628000 	C:\WINDOWS\SYSTEM32\windows.storage.dll
0x00007ff8e9bf0000 - 0x00007ff8e9d2e000 	C:\WINDOWS\SYSTEM32\wintypes.dll
0x00007ff8ed5a0000 - 0x00007ff8ed693000 	C:\WINDOWS\System32\SHCORE.dll
0x00007ff8ee3c0000 - 0x00007ff8ee41e000 	C:\WINDOWS\System32\shlwapi.dll
0x00007ff8ebd00000 - 0x00007ff8ebd26000 	C:\WINDOWS\SYSTEM32\profapi.dll
0x00007ff8d2610000 - 0x00007ff8d2629000 	C:\Users\Admin\.katalon\packages\Katalon_Studio_Windows_64-9.3.1\Katalon_Studio_Windows_64-9.3.1\jre\bin\net.dll
0x00007ff8e21f0000 - 0x00007ff8e2327000 	C:\WINDOWS\SYSTEM32\WINHTTP.dll
0x00007ff8eb380000 - 0x00007ff8eb3e9000 	C:\WINDOWS\system32\mswsock.dll
0x00007ff8a99b0000 - 0x00007ff8a99c5000 	C:\Users\Admin\.katalon\packages\Katalon_Studio_Windows_64-9.3.1\Katalon_Studio_Windows_64-9.3.1\jre\bin\nio.dll
0x00007ff8cecc0000 - 0x00007ff8cecd0000 	C:\Users\Admin\.katalon\packages\Katalon_Studio_Windows_64-9.3.1\Katalon_Studio_Windows_64-9.3.1\jre\bin\verify.dll
0x00007ff8ea980000 - 0x00007ff8eaa79000 	C:\WINDOWS\SYSTEM32\DNSAPI.dll
0x00007ff8ea910000 - 0x00007ff8ea93d000 	C:\WINDOWS\SYSTEM32\IPHLPAPI.DLL
0x00007ff8ede20000 - 0x00007ff8ede29000 	C:\WINDOWS\System32\NSI.dll
0x00007ff8dd590000 - 0x00007ff8dd59a000 	C:\Windows\System32\rasadhlp.dll
0x00007ff8e0f10000 - 0x00007ff8e0f93000 	C:\WINDOWS\System32\fwpuclnt.dll
0x00007ff8ceb70000 - 0x00007ff8ceb7e000 	C:\Users\Admin\.katalon\packages\Katalon_Studio_Windows_64-9.3.1\Katalon_Studio_Windows_64-9.3.1\jre\bin\sunmscapi.dll
0x00007ff8ebdd0000 - 0x00007ff8ebf36000 	C:\WINDOWS\System32\CRYPT32.dll
0x00007ff8eb770000 - 0x00007ff8eb79e000 	C:\WINDOWS\SYSTEM32\ncrypt.dll
0x00007ff8eb730000 - 0x00007ff8eb767000 	C:\WINDOWS\SYSTEM32\NTASN1.dll
0x00007ff8eb5e0000 - 0x00007ff8eb5fb000 	C:\WINDOWS\SYSTEM32\CRYPTSP.dll
0x00007ff8eae60000 - 0x00007ff8eae95000 	C:\WINDOWS\system32\rsaenh.dll
0x00007ff8eb470000 - 0x00007ff8eb49c000 	C:\WINDOWS\SYSTEM32\USERENV.dll
0x00007ff8eb5d0000 - 0x00007ff8eb5dc000 	C:\WINDOWS\SYSTEM32\CRYPTBASE.dll
0x00007ff8e2600000 - 0x00007ff8e2619000 	C:\WINDOWS\SYSTEM32\dhcpcsvc6.DLL
0x00007ff8e1f80000 - 0x00007ff8e1f9f000 	C:\WINDOWS\SYSTEM32\dhcpcsvc.DLL

dbghelp: loaded successfully - version: 4.0.5 - missing functions: none
symbol engine: initialized successfully - sym options: 0x614 - pdb path: .;C:\Users\Admin\.katalon\packages\Katalon_Studio_Windows_64-9.3.1\Katalon_Studio_Windows_64-9.3.1\jre\bin;C:\WINDOWS\SYSTEM32;C:\WINDOWS\WinSxS\amd64_microsoft.windows.common-controls_6595b64144ccf1df_6.0.22621.3235_none_270f74e173860f98;C:\Users\Admin\.katalon\packages\Katalon_Studio_Windows_64-9.3.1\Katalon_Studio_Windows_64-9.3.1\jre\bin\server

VM Arguments:
jvm_args: -Dgroovy.home=C:\Users\Admin/.groovy -Djava.system.class.loader=groovy.lang.GroovyClassLoader -Xmx2048m -Dfile.encoding=UTF-8 -XX:+ShowCodeDetailsInExceptionMessages 
java_command: org.codehaus.groovy.tools.GroovyStarter --classpath C:\Users\Admin\Katalon Studio\Lab02\bin\keyword;C:\Users\Admin\Katalon Studio\Lab02\Keywords;C:\Users\Admin\Katalon Studio\Lab02\bin\listener;C:\Users\Admin\Katalon Studio\Lab02\Test Listeners;C:\Users\Admin\Katalon Studio\Lab02\bin\lib;C:\Users\Admin\Katalon Studio\Lab02\Libs;C:\Users\Admin\Katalon Studio\Lab02\bin\groovy;C:\Users\Admin\Katalon Studio\Lab02\Include\scripts\groovy;C:\Users\Admin\.katalon\packages\Katalon_Studio_Windows_64-9.3.1\Katalon_Studio_Windows_64-9.3.1\plugins\com.kms.katalon.core_1.0.0.202402280646.jar;C:\Users\Admin\.katalon\packages\Katalon_Studio_Windows_64-9.3.1\Katalon_Studio_Windows_64-9.3.1\configuration\resources\lib\aalto-xml-1.0.0.jar;C:\Users\Admin\.katalon\packages\Katalon_Studio_Windows_64-9.3.1\Katalon_Studio_Windows_64-9.3.1\configuration\resources\lib\aspectjweaver-1.9.1.jar;C:\Users\Admin\.katalon\packages\Katalon_Studio_Windows_64-9.3.1\Katalon_Studio_Windows_64-9.3.1\configuration\resources\lib\bcpkix-jdk15on-1.64.jar;C:\Users\Admin\.katalon\packages\Katalon_Studio_Windows_64-9.3.1\Katalon_Studio_Windows_64-9.3.1\configuration\resources\lib\bcprov-jdk15on-1.64.jar;C:\Users\Admin\.katalon\packages\Katalon_Studio_Windows_64-9.3.1\Katalon_Studio_Windows_64-9.3.1\configuration\resources\lib\browsermob-core-2.1.5.jar;C:\Users\Admin\.katalon\packages\Katalon_Studio_Windows_64-9.3.1\Katalon_Studio_Windows_64-9.3.1\configuration\resources\lib\cglib-3.2.10.jar;C:\Users\Admin\.katalon\packages\Katalon_Studio_Windows_64-9.3.1\Katalon_Studio_Windows_64-9.3.1\configuration\resources\lib\commons-codec-1.10.jar;C:\Users\Admin\.katalon\packages\Katalon_Studio_Windows_64-9.3.1\Katalon_Studio_Windows_64-9.3.1\configuration\resources\lib\commons-collections4-4.1.jar;C:\Users\Admin\.katalon\packages\Katalon_Studio_Windows_64-9.3.1\Katalon_Studio_Windows_64-9.3.1\configuration\resources\lib\commons-validator-1.6.jar;C:\Users\Admin\.katalon\packages\Katalon_Studio_Windows_64-9.
java_class_path (initial): C:\Users\Admin\Katalon Studio\Lab02\bin\keyword;C:\Users\Admin\Katalon Studio\Lab02\bin\listener;C:\Users\Admin\Katalon Studio\Lab02\bin\lib;C:\Users\Admin\Katalon Studio\Lab02\bin\groovy;C:\Users\Admin\Katalon Studio\Lab02\bin;C:\Users\Admin\.katalon\packages\Katalon_Studio_Windows_64-9.3.1\Katalon_Studio_Windows_64-9.3.1\plugins\com.kms.katalon.core_1.0.0.202402280646.jar;C:\Users\Admin\.katalon\packages\Katalon_Studio_Windows_64-9.3.1\Katalon_Studio_Windows_64-9.3.1\configuration\resources\lib\aalto-xml-1.0.0.jar;C:\Users\Admin\.katalon\packages\Katalon_Studio_Windows_64-9.3.1\Katalon_Studio_Windows_64-9.3.1\configuration\resources\lib\aspectjweaver-1.9.1.jar;C:\Users\Admin\.katalon\packages\Katalon_Studio_Windows_64-9.3.1\Katalon_Studio_Windows_64-9.3.1\configuration\resources\lib\bcpkix-jdk15on-1.64.jar;C:\Users\Admin\.katalon\packages\Katalon_Studio_Windows_64-9.3.1\Katalon_Studio_Windows_64-9.3.1\configuration\resources\lib\bcprov-jdk15on-1.64.jar;C:\Users\Admin\.katalon\packages\Katalon_Studio_Windows_64-9.3.1\Katalon_Studio_Windows_64-9.3.1\configuration\resources\lib\browsermob-core-2.1.5.jar;C:\Users\Admin\.katalon\packages\Katalon_Studio_Windows_64-9.3.1\Katalon_Studio_Windows_64-9.3.1\configuration\resources\lib\cglib-3.2.10.jar;C:\Users\Admin\.katalon\packages\Katalon_Studio_Windows_64-9.3.1\Katalon_Studio_Windows_64-9.3.1\configuration\resources\lib\commons-codec-1.10.jar;C:\Users\Admin\.katalon\packages\Katalon_Studio_Windows_64-9.3.1\Katalon_Studio_Windows_64-9.3.1\configuration\resources\lib\commons-collections4-4.1.jar;C:\Users\Admin\.katalon\packages\Katalon_Studio_Windows_64-9.3.1\Katalon_Studio_Windows_64-9.3.1\configuration\resources\lib\commons-validator-1.6.jar;C:\Users\Admin\.katalon\packages\Katalon_Studio_Windows_64-9.3.1\Katalon_Studio_Windows_64-9.3.1\configuration\resources\lib\curvesapi-1.04.jar;C:\Users\Admin\.katalon\packages\Katalon_Studio_Windows_64-9.3.1\Katalon_Studio_Windows_64-9.3.1\configuration\r
Launcher Type: SUN_STANDARD

[Global flags]
     intx CICompilerCount                          = 4                                         {product} {ergonomic}
     uint ConcGCThreads                            = 3                                         {product} {ergonomic}
     uint G1ConcRefinementThreads                  = 10                                        {product} {ergonomic}
   size_t G1HeapRegionSize                         = 1048576                                   {product} {ergonomic}
    uintx GCDrainStackTargetSize                   = 64                                        {product} {ergonomic}
   size_t InitialHeapSize                          = 130023424                                 {product} {ergonomic}
   size_t MarkStackSize                            = 4194304                                   {product} {ergonomic}
   size_t MaxHeapSize                              = 2147483648                                {product} {command line}
   size_t MaxNewSize                               = 1287651328                                {product} {ergonomic}
   size_t MinHeapDeltaBytes                        = 1048576                                   {product} {ergonomic}
   size_t MinHeapSize                              = 8388608                                   {product} {ergonomic}
    uintx NonNMethodCodeHeapSize                   = 5839372                                {pd product} {ergonomic}
    uintx NonProfiledCodeHeapSize                  = 122909434                              {pd product} {ergonomic}
    uintx ProfiledCodeHeapSize                     = 122909434                              {pd product} {ergonomic}
    uintx ReservedCodeCacheSize                    = 251658240                              {pd product} {ergonomic}
     bool SegmentedCodeCache                       = true                                      {product} {ergonomic}
     bool ShowCodeDetailsInExceptionMessages       = true                                   {manageable} {command line}
   size_t SoftMaxHeapSize                          = 2147483648                             {manageable} {ergonomic}
     bool UseCompressedClassPointers               = true                           {product lp64_product} {ergonomic}
     bool UseCompressedOops                        = true                           {product lp64_product} {ergonomic}
     bool UseG1GC                                  = true                                      {product} {ergonomic}
     bool UseLargePagesIndividualAllocation        = false                                  {pd product} {ergonomic}

Logging:
Log output configuration:
 #0: stdout all=warning uptime,level,tags
 #1: stderr all=off uptime,level,tags

Environment Variables:
PATH=C:/Users/Admin/.katalon/packages/Katalon_Studio_Windows_64-9.3.1/Katalon_Studio_Windows_64-9.3.1/jre/bin/server;C:/Users/Admin/.katalon/packages/Katalon_Studio_Windows_64-9.3.1/Katalon_Studio_Windows_64-9.3.1/jre/bin;C:\Program Files (x86)\Common Files\Oracle\Java\javapath;C:\Windows\system32;C:\Windows;C:\Windows\System32\Wbem;C:\Windows\System32\WindowsPowerShell\v1.0\;C:\Windows\System32\OpenSSH\;C:\Program Files (x86)\NVIDIA Corporation\PhysX\Common;C:\WINDOWS\system32;C:\WINDOWS;C:\WINDOWS\System32\Wbem;C:\WINDOWS\System32\WindowsPowerShell\v1.0\;C:\WINDOWS\System32\OpenSSH\;C:\MinGW\bin;C:\Program Files\dotnet\;C:\Program Files\Microsoft SQL Server\Client SDK\ODBC\170\Tools\Binn\;C:\Program Files (x86)\Microsoft SQL Server\150\Tools\Binn\;C:\Program Files\Microsoft SQL Server\150\Tools\Binn\;C:\Program Files\Microsoft SQL Server\150\DTS\Binn\;C:\Program Files (x86)\Microsoft SQL Server\150\DTS\Binn\;C:\Program Files\Azure Data Studio\bin;C:\WINDOWS\system32;C:\WINDOWS;C:\WINDOWS\System32\Wbem;C:\WINDOWS\System32\WindowsPowerShell\v1.0\;C:\WINDOWS\System32\OpenSSH\;C:\Program Files\Git\cmd;C:\Users\Admin\AppData\Roaming\nvm;C:\Program Files\nodejs;C:\Program Files\Java\jdk-19\bin;C:\Program Files\Java\jre1.8.0_351\bin;C:\Users\Admin\AppData\Local\Programs\Microsoft VS Code\bin;C:\Users\Admin\.dotnet\tools;C:\Users\Admin\AppData\Local\Microsoft\WindowsApps;C:\Users\Admin\AppData\Roaming\nvm;C:\Program Files\nodejs;C:\Users\Admin\.katalon\packages\Katalon_Studio_Windows_64-9.3.1\Katalon_Studio_Windows_64-9.3.1;
USERNAME=Thanh Phuong
OS=Windows_NT
PROCESSOR_IDENTIFIER=Intel64 Family 6 Model 141 Stepping 1, GenuineIntel
TMP=C:\Users\Admin\AppData\Local\Temp
TEMP=C:\Users\Admin\AppData\Local\Temp



---------------  S Y S T E M  ---------------

OS:
 Windows 11 , 64 bit Build 22621 (10.0.22621.3235)
OS uptime: 0 days 6:52 hours

CPU: total 12 (initial active 12) (6 cores per cpu, 2 threads per core) family 6 model 141 stepping 1 microcode 0x26, cx8, cmov, fxsr, ht, mmx, 3dnowpref, sse, sse2, sse3, ssse3, sse4.1, sse4.2, popcnt, lzcnt, tsc, tscinvbit, avx, avx2, aes, erms, clmul, bmi1, bmi2, adx, avx512f, avx512dq, avx512cd, avx512bw, avx512vl, sha, fma, vzeroupper, avx512_vpopcntdq, avx512_vpclmulqdq, avx512_vaes, avx512_vnni, clflush, clflushopt, clwb, avx512_vbmi2, avx512_vbmi

Memory: 4k page, system-wide physical 7893M (474M free)
TotalPageFile size 11989M (AvailPageFile size 6M)
current process WorkingSet (physical memory assigned to process): 282M, peak: 287M
current process commit charge ("private bytes"): 322M, peak: 325M

vm_info: OpenJDK 64-Bit Server VM (17.0.7+7) for windows-amd64 JRE (17.0.7+7), built on Apr 18 2023 22:10:42 by "temurin" with MS VC++ 16.7 (VS2019)

END.
