#
# There is insufficient memory for the Java Runtime Environment to continue.
# Native memory allocation (mmap) failed to map 16777216 bytes for G1 virtual space
# Possible reasons:
#   The system is out of physical RAM or swap space
#   The process is running with CompressedOops enabled, and the Java Heap may be blocking the growth of the native heap
# Possible solutions:
#   Reduce memory load on the system
#   Increase physical memory or swap space
#   Check if swap backing store is full
#   Decrease Java heap size (-Xmx/-Xms)
#   Decrease number of Java threads
#   Decrease Java thread stack sizes (-Xss)
#   Set larger code cache with -XX:ReservedCodeCacheSize=
#   JVM is running with Unscaled Compressed Oops mode in which the Java heap is
#     placed in the first 4GB address space. The Java Heap base address is the
#     maximum limit for the native heap growth. Please use -XX:HeapBaseMinAddress
#     to set the Java Heap base and to place the Java Heap above 4GB virtual address.
# This output file may be truncated or incomplete.
#
#  Out of Memory Error (os_windows.cpp:3559), pid=32216, tid=2408
#
# JRE version: OpenJDK Runtime Environment Temurin-17.0.7+7 (17.0.7+7) (build 17.0.7+7)
# Java VM: OpenJDK 64-Bit Server VM Temurin-17.0.7+7 (17.0.7+7, mixed mode, tiered, compressed oops, compressed class ptrs, g1 gc, windows-amd64)
# No core dump will be written. Minidumps are not enabled by default on client versions of Windows
#

---------------  S U M M A R Y ------------

Command Line: -Dgroovy.home=C:\Users\Admin/.groovy -Djava.system.class.loader=groovy.lang.GroovyClassLoader -Xmx2048m -Dfile.encoding=UTF-8 -XX:+ShowCodeDetailsInExceptionMessages org.codehaus.groovy.tools.GroovyStarter --classpath C:\Users\Admin\Katalon Studio\Lab02\bin\keyword;C:\Users\Admin\Katalon Studio\Lab02\Keywords;C:\Users\Admin\Katalon Studio\Lab02\bin\listener;C:\Users\Admin\Katalon Studio\Lab02\Test Listeners;C:\Users\Admin\Katalon Studio\Lab02\bin\lib;C:\Users\Admin\Katalon Studio\Lab02\Libs;C:\Users\Admin\Katalon Studio\Lab02\bin\groovy;C:\Users\Admin\Katalon Studio\Lab02\Include\scripts\groovy;C:\Users\Admin\.katalon\packages\Katalon_Studio_Windows_64-9.3.1\Katalon_Studio_Windows_64-9.3.1\plugins\com.kms.katalon.core_1.0.0.202402280646.jar;C:\Users\Admin\.katalon\packages\Katalon_Studio_Windows_64-9.3.1\Katalon_Studio_Windows_64-9.3.1\configuration\resources\lib\aalto-xml-1.0.0.jar;C:\Users\Admin\.katalon\packages\Katalon_Studio_Windows_64-9.3.1\Katalon_Studio_Windows_64-9.3.1\configuration\resources\lib\aspectjweaver-1.9.1.jar;C:\Users\Admin\.katalon\packages\Katalon_Studio_Windows_64-9.3.1\Katalon_Studio_Windows_64-9.3.1\configuration\resources\lib\bcpkix-jdk15on-1.64.jar;C:\Users\Admin\.katalon\packages\Katalon_Studio_Windows_64-9.3.1\Katalon_Studio_Windows_64-9.3.1\configuration\resources\lib\bcprov-jdk15on-1.64.jar;C:\Users\Admin\.katalon\packages\Katalon_Studio_Windows_64-9.3.1\Katalon_Studio_Windows_64-9.3.1\configuration\resources\lib\browsermob-core-2.1.5.jar;C:\Users\Admin\.katalon\packages\Katalon_Studio_Windows_64-9.3.1\Katalon_Studio_Windows_64-9.3.1\configuration\resources\lib\cglib-3.2.10.jar;C:\Users\Admin\.katalon\packages\Katalon_Studio_Windows_64-9.3.1\Katalon_Studio_Windows_64-9.3.1\configuration\resources\lib\commons-codec-1.10.jar;C:\Users\Admin\.katalon\packages\Katalon_Studio_Windows_64-9.3.1\Katalon_Studio_Windows_64-9.3.1\configuration\resources\lib\commons-collections4-4.1.jar;C:\Users\Admin\.katalon\packages\Katalon_Studio_Windows_64-9.3.1\Katalon_Studio_Windows_64-9.3.1\configuration\resources\lib\commons-validator-1.6.jar;C:\Users\Admin\.katalon\packages\Katalon_Studio_Windows_64-9.3.1\Katalon_Studio_Windows_64-9.3.1\configuration\resources\lib\curvesapi-1.04.jar;C:\Users\Admin\.katalon\packages\Katalon_Studio_Windows_64-9.3.1\Katalon_Studio_Windows_64-9.3.1\configuration\resources\lib\dnsjava-2.1.8.jar;C:\Users\Admin\.katalon\packages\Katalon_Studio_Windows_64-9.3.1\Katalon_Studio_Windows_64-9.3.1\configuration\resources\lib\groovy-ant-3.0.17.jar;C:\Users\Admin\.katalon\packages\Katalon_Studio_Windows_64-9.3.1\Katalon_Studio_Windows_64-9.3.1\configuration\resources\lib\groovy-astbuilder-3.0.17.jar;C:\Users\Admin\.katalon\packages\Katalon_Studio_Windows_64-9.3.1\Katalon_Studio_Windows_64-9.3.1\configuration\resources\lib\groovy-cli-picocli-3.0.17.jar;C:\Users\Admin\.katalon\packages\Katalon_Studio_Windows_64-9.3.1\Katalon_Studio_Windows_64-9.3.1\configuration\resources\lib\groovy-console-3.0.17.jar;C:\Users\Admin\.katalon\packages\Katalon_Studio_Windows_64-9.3.1\Katalon_Studio_Windows_64-9.3.1\configuration\resources\lib\groovy-datetime-3.0.17.jar;C:\Users\Admin\.katalon\packages\Katalon_Studio_Windows_64-9.3.1\Katalon_Studio_Windows_64-9.3.1\configuration\resources\lib\groovy-dateutil-3.0.17.jar;C:\Users\Admin\.katalon\packages\Katalon_Studio_Windows_64-9.3.1\Katalon_Studio_Windows_64-9.3.1\configuration\resources\lib\groovy-docgenerator-3.0.17.jar;C:\Users\Admin\.katalon\packages\Katalon_Studio_Windows_64-9.3.1\Katalon_Studio_Windows_64-9.3.1\configuration\resources\lib\groovy-groovydoc-3.0.17.jar;C:\Users\Admin\.katalon\packages\Katalon_Studio_Windows_64-9.3.1\Katalon_Studio_Windows_64-9.3.1\configuration\resources\lib\groovy-groovysh-3.0.17.jar;C:\Users\Admin\.katalon\packages\Katalon_Studio_Windows_64-9.3.1\Katalon_Studio_Windows_64-9.3.1\configuration\resources\lib\groovy-jmx-3.0.17.jar;C:\Users\Admin\.katalon\packages\Katalon_Studio_Windows_64-9.3.1\Katalon_Studio_Windows_64-9.3.1\configuration\resources\lib\groovy-json-3.0.17.jar;C:\Users\Admin\.katalon\packages\Katalon_Studio_Windows_64-9.3.1\Katalon_Studio_Windows_64-9.3.1\configuration\resources\lib\groovy-jsr223-3.0.17.jar;C:\Users\Admin\.katalon\packages\Katalon_Studio_Windows_64-9.3.1\Katalon_Studio_Windows_64-9.3.1\configuration\resources\lib\groovy-macro-3.0.17.jar;C:\Users\Admin\.katalon\packages\Katalon_Studio_Windows_64-9.3.1\Katalon_Studio_Windows_64-9.3.1\configuration\resources\lib\groovy-nio-3.0.17.jar;C:\Users\Admin\.katalon\packages\Katalon_Studio_Windows_64-9.3.1\Katalon_Studio_Windows_64-9.3.1\configuration\resources\lib\groovy-servlet-3.0.17.jar;C:\Users\Admin\.katalon\packages\Katalon_Studio_Windows_64-9.3.1\Katalon_Studio_Windows_64-9.3.1\configuration\resources\lib\groovy-sql-3.0.17.jar;C:\Users\Admin\.katalon\packages\Katalon_Studio_Windows_64-9.3.1\Katalon_Studio_Windows_64-9.3.1\configuration\resources\lib\groovy-swing-3.0.17.jar;C:\Users\Admin\.katalon\packages\Katalon_Studio_Windows_64-9.3.1\Katalon_Studio_Windows_64-9.3.1\configuration\resources\lib\groovy-templates-3.0.17.jar;C:\Users\Admin\.katalon\packages\Katalon_Studio_Windows_64-9.3.1\Katalon_Studio_Windows_64-9.3.1\configuration\resources\lib\groovy-test-3.0.17.jar;C:\Users\Admin\.katalon\packages\Katalon_Studio_Windows_64-9.3.1\Katalon_Studio_Windows_64-9.3.1\configuration\resources\lib\groovy-test-junit5-3.0.17.jar;C:\Users\Admin\.katalon\packages\Katalon_Studio_Windows_64-9.3.1\Katalon_Studio_Windows_64-9.3.1\configuration\resources\lib\groovy-testng-3.0.17.jar;C:\Users\Admin\.katalon\packages\Katalon_Studio_Windows_64-9.3.1\Katalon_Studio_Windows_64-9.3.1\configuration\resources\lib\groovy-xml-3.0.17.jar;C:\Users\Admin\.katalon\packages\Katalon_Studio_Windows_64-9.3.1\Katalon_Studio_Windows_64-9.3.1\configuration\resources\lib\java-client-7.0.0.jar;C:\Users\Admin\.katalon\packages\Katalon_Studio_Windows_64-9.3.1\Katalon_Studio_Windows_64-9.3.1\configuration\resources\lib\javax.servlet-api_3.1.0.jar;C:\Users\Admin\.katalon\packages\Katalon_Studio_Windows_64-9.3.1\Katalon_Studio_Windows_64-9.3.1\configuration\resources\lib\jna-5.12.1.jar;C:\Users\Admin\.katalon\packages\Katalon_Studio_Windows_64-9.3.1\Katalon_Studio_Windows_64-9.3.1\configuration\resources\lib\jna-platform-5.12.1.jar;C:\Users\Admin\.katalon\packages\Katalon_Studio_Windows_64-9.3.1\Katalon_Studio_Windows_64-9.3.1\configuration\resources\lib\jzlib-1.1.3.jar;C:\Users\Admin\.katalon\packages\Katalon_Studio_Windows_64-9.3.1\Katalon_Studio_Windows_64-9.3.1\configuration\resources\lib\kat-server.jar;C:\Users\Admin\.katalon\packages\Katalon_Studio_Windows_64-9.3.1\Katalon_Studio_Windows_64-9.3.1\configuration\resources\lib\littleproxy-1.1.0-beta-bmp-17.jar;C:\Users\Admin\.katalon\packages\Katalon_Studio_Windows_64-9.3.1\Katalon_Studio_Windows_64-9.3.1\configuration\resources\lib\log4j-1.2-api-2.17.1.jar;C:\Users\Admin\.katalon\packages\Katalon_Studio_Windows_64-9.3.1\Katalon_Studio_Windows_64-9.3.1\configuration\resources\lib\log4j-api-2.17.1.jar;C:\Users\Admin\.katalon\packages\Katalon_Studio_Windows_64-9.3.1\Katalon_Studio_Windows_64-9.3.1\configuration\resources\lib\log4j-core-2.17.1.jar;C:\Users\Admin\.katalon\packages\Katalon_Studio_Windows_64-9.3.1\Katalon_Studio_Windows_64-9.3.1\configuration\resources\lib\mitm-2.1.5.jar;C:\Users\Admin\.katalon\packages\Katalon_Studio_Windows_64-9.3.1\Katalon_Studio_Windows_64-9.3.1\configuration\resources\lib\netty-all-4.1.70.Final.jar;C:\Users\Admin\.katalon\packages\Katalon_Studio_Windows_64-9.3.1\Katalon_Studio_Windows_64-9.3.1\configuration\resources\lib\poi-3.17.jar;C:\Users\Admin\.katalon\packages\Katalon_Studio_Windows_64-9.3.1\Katalon_Studio_Windows_64-9.3.1\configuration\resources\lib\poi-ooxml-3.17.jar;C:\Users\Admin\.katalon\packages\Katalon_Studio_Windows_64-9.3.1\Katalon_Studio_Windows_64-9.3.1\configuration\resources\lib\poi-ooxml-schemas-3.17.jar;C:\Users\Admin\.katalon\packages\Katalon_Studio_Windows_64-9.3.1\Katalon_Studio_Windows_64-9.3.1\configuration\resources\lib\proxy-vole-1.0.4-SNAPSHOT-jar-with-dependencies.jar;C:\Users\Admin\.katalon\packages\Katalon_Studio_Windows_64-9.3.1\Katalon_Studio_Windows_64-9.3.1\configuration\resources\lib\repackaged-sikuli-api-1.0.2-standalone.jar;C:\Users\Admin\.katalon\packages\Katalon_Studio_Windows_64-9.3.1\Katalon_Studio_Windows_64-9.3.1\configuration\resources\lib\selenium-leg-rc-3.141.59.jar;C:\Users\Admin\.katalon\packages\Katalon_Studio_Windows_64-9.3.1\Katalon_Studio_Windows_64-9.3.1\configuration\resources\lib\selenium-server-standalone-3.141.59.jar;C:\Users\Admin\.katalon\packages\Katalon_Studio_Windows_64-9.3.1\Katalon_Studio_Windows_64-9.3.1\configuration\resources\lib\selenium-shutterbug-1.1.jar;C:\Users\Admin\.katalon\packages\Katalon_Studio_Windows_64-9.3.1\Katalon_Studio_Windows_64-9.3.1\configuration\resources\lib\slf4j-api-1.7.25.jar;C:\Users\Admin\.katalon\packages\Katalon_Studio_Windows_64-9.3.1\Katalon_Studio_Windows_64-9.3.1\configuration\resources\lib\soap-builder-1.0.0.jar;C:\Users\Admin\.katalon\packages\Katalon_Studio_Windows_64-9.3.1\Katalon_Studio_Windows_64-9.3.1\configuration\resources\lib\soap-common-1.0.0.jar;C:\Users\Admin\.katalon\packages\Katalon_Studio_Windows_64-9.3.1\Katalon_Studio_Windows_64-9.3.1\configuration\resources\lib\soap-legacy-1.0.0.jar;C:\Users\Admin\.katalon\packages\Katalon_Studio_Windows_64-9.3.1\Katalon_Studio_Windows_64-9.3.1\configuration\resources\lib\spring-context-5.3.19.jar;C:\Users\Admin\.katalon\packages\Katalon_Studio_Windows_64-9.3.1\Katalon_Studio_Windows_64-9.3.1\configuration\resources\lib\stax2-api-4.0.0.jar;C:\Users\Admin\.katalon\packages\Katalon_Studio_Windows_64-9.3.1\Katalon_Studio_Windows_64-9.3.1\configuration\resources\lib\su.jar;C:\Users\Admin\.katalon\packages\Katalon_Studio_Windows_64-9.3.1\Katalon_Studio_Windows_64-9.3.1\configuration\resources\lib\testng-7.8.0.jar;C:\Users\Admin\.katalon\packages\Katalon_Studio_Windows_64-9.3.1\Katalon_Studio_Windows_64-9.3.1\configuration\resources\lib\wadl.jar;C:\Users\Admin\.katalon\packages\Katalon_Studio_Windows_64-9.3.1\Katalon_Studio_Windows_64-9.3.1\configuration\resources\lib\xmlbeans-3.1.0.jar;C:\Users\Admin\.katalon\packages\Katalon_Studio_Windows_64-9.3.1\Katalon_Studio_Windows_64-9.3.1\plugins\net.sf.supercsv.super-csv_2.1.0.jar;C:\Users\Admin\.katalon\packages\Katalon_Studio_Windows_64-9.3.1\Katalon_Studio_Windows_64-9.3.1\plugins\org.apache.commons.io_2.4.0.jar;C:\Users\Admin\.katalon\packages\Katalon_Studio_Windows_64-9.3.1\Katalon_Studio_Windows_64-9.3.1\plugins\org.apache.commons.lang_2.6.0.jar;C:\Users\Admin\.katalon\packages\Katalon_Studio_Windows_64-9.3.1\Katalon_Studio_Windows_64-9.3.1\plugins\com.google.gson_2.10.1.v20230109-0753.jar;C:\Users\Admin\.katalon\packages\Katalon_Studio_Windows_64-9.3.1\Katalon_Studio_Windows_64-9.3.1\plugins\org.jsoup_1.14.3.jar;C:\Users\Admin\.katalon\packages\Katalon_Studio_Windows_64-9.3.1\Katalon_Studio_Windows_64-9.3.1\plugins\org.apache.commons.dbutils_1.6.0.jar;C:\Users\Admin\.katalon\packages\Katalon_Studio_Windows_64-9.3.1\Katalon_Studio_Windows_64-9.3.1\plugins\com.oracle.jdbc.ojdbc7_12.1.0.2.jar;C:\Users\Admin\.katalon\packages\Katalon_Studio_Windows_64-9.3.1\Katalon_Studio_Windows_64-9.3.1\plugins\org.postgresql.jdbc_42.4.1.jar;c:\Users\Admin\.katalon\packages\Katalon_Studio_Windows_64-9.3.1\Katalon_Studio_Windows_64-9.3.1\plugins\org.eclipse.osgi_3.18.300.v20230220-1352.jar;C:\Users\Admin\.katalon\packages\Katalon_Studio_Windows_64-9.3.1\Katalon_Studio_Windows_64-9.3.1\plugins\com.kms.katalon.constant_1.0.0.202402280646.jar;C:\Users\Admin\.katalon\packages\Katalon_Studio_Windows_64-9.3.1\Katalon_Studio_Windows_64-9.3.1\plugins\org.eclipse.persistence.eclipselink_2.7.11.jar;C:\Users\Admin\.katalon\packages\Katalon_Studio_Windows_64-9.3.1\Katalon_Studio_Windows_64-9.3.1\plugins\com.kms.katalon.selenium-standalone_1.0.0.202402280646.jar;C:\Users\Admin\.katalon\packages\Katalon_Studio_Windows_64-9.3.1\Katalon_Studio_Windows_64-9.3.1\plugins\atu.testrecorder.screen-recorder_2.1.0.jar;C:\Users\Admin\.katalon\packages\Katalon_Studio_Windows_64-9.3.1\Katalon_Studio_Windows_64-9.3.1\plugins\com.google.guava_23.0.0.jar;C:\Users\Admin\.katalon\packages\Katalon_Studio_Windows_64-9.3.1\Katalon_Studio_Windows_64-9.3.1\plugins\com.kms.katalon.util_1.0.0.202402280646.jar;C:\Users\Admin\.katalon\packages\Katalon_Studio_Windows_64-9.3.1\Katalon_Studio_Windows_64-9.3.1\plugins\org.apache.httpcomponents.httpclient_4.5.14.v20221207-1049.jar;C:\Users\Admin\.katalon\packages\Katalon_Studio_Windows_64-9.3.1\Katalon_Studio_Windows_64-9.3.1\plugins\org.apache.httpcomponents.httpcore_4.4.16.v20221207-1049.jar;C:\Users\Admin\.katalon\packages\Katalon_Studio_Windows_64-9.3.1\Katalon_Studio_Windows_64-9.3.1\plugins\org.apache.httpcomponents.httpmime_4.5.1.jar;C:\Users\Admin\.katalon\packages\Katalon_Studio_Windows_64-9.3.1\Katalon_Studio_Windows_64-9.3.1\plugins\org.apache.commons.lang3_3.7.0.jar;C:\Users\Admin\.katalon\packages\Katalon_Studio_Windows_64-9.3.1\Katalon_Studio_Windows_64-9.3.1\plugins\org.greenrobot.eventbus_3.1.1.jar;C:\Users\Admin\.katalon\packages\Katalon_Studio_Windows_64-9.3.1\Katalon_Studio_Windows_64-9.3.1\plugins\org.assertj.core_3.10.0.jar;C:\Users\Admin\.katalon\packages\Katalon_Studio_Windows_64-9.3.1\Katalon_Studio_Windows_64-9.3.1\plugins\org.junit_4.13.2.v20211018-1956.jar;C:\Users\Admin\.katalon\packages\Katalon_Studio_Windows_64-9.3.1\Katalon_Studio_Windows_64-9.3.1\plugins\com.fasterxml.jackson.core.jackson-databind_2.14.0.jar;C:\Users\Admin\.katalon\packages\Katalon_Studio_Windows_64-9.3.1\Katalon_Studio_Windows_64-9.3.1\plugins\com.fasterxml.jackson.core.jackson-core_2.14.0.jar;C:\Users\Admin\.katalon\packages\Katalon_Studio_Windows_64-9.3.1\Katalon_Studio_Windows_64-9.3.1\plugins\com.fasterxml.jackson.core.jackson-annotations_2.14.0.jar;C:\Users\Admin\.katalon\packages\Katalon_Studio_Windows_64-9.3.1\Katalon_Studio_Windows_64-9.3.1\plugins\ch.qos.logback.classic_1.2.3.jar;C:\Users\Admin\.katalon\packages\Katalon_Studio_Windows_64-9.3.1\Katalon_Studio_Windows_64-9.3.1\plugins\ch.qos.logback.core_1.2.3.jar;C:\Users\Admin\.katalon\packages\Katalon_Studio_Windows_64-9.3.1\Katalon_Studio_Windows_64-9.3.1\plugins\slf4j.api_1.7.36.jar;C:\Users\Admin\.katalon\packages\Katalon_Studio_Windows_64-9.3.1\Katalon_Studio_Windows_64-9.3.1\plugins\org.fusesource.jansi_1.17.1.jar;C:\Users\Admin\.katalon\packages\Katalon_Studio_Windows_64-9.3.1\Katalon_Studio_Windows_64-9.3.1\plugins\com.kms.katalon.netlightbody_1.0.0.202402280646.jar;C:\Users\Admin\.katalon\packages\Katalon_Studio_Windows_64-9.3.1\Katalon_Studio_Windows_64-9.3.1\plugins\com.kms.katalon.poi_1.0.0.202402280646.jar;C:\Users\Admin\.katalon\packages\Katalon_Studio_Windows_64-9.3.1\Katalon_Studio_Windows_64-9.3.1\plugins\org.apache.commons.commons-text_1.10.0.jar;C:\Users\Admin\.katalon\packages\Katalon_Studio_Windows_64-9.3.1\Katalon_Studio_Windows_64-9.3.1\plugins\com.kms.katalon.proxyvole_1.0.0.202402280646.jar;C:\Users\Admin\.katalon\packages\Katalon_Studio_Windows_64-9.3.1\Katalon_Studio_Windows_64-9.3.1\plugins\com.microsoft.sqlserver.mssql-jdbc_6.2.2.jre8.jar;C:\Users\Admin\.katalon\packages\Katalon_Studio_Windows_64-9.3.1\Katalon_Studio_Windows_64-9.3.1\plugins\com.github.kklisura.cdt.java-client_2.1.0.jar;C:\Users\Admin\.katalon\packages\Katalon_Studio_Windows_64-9.3.1\Katalon_Studio_Windows_64-9.3.1\plugins\javax.websocket-api_1.1.0.jar;C:\Users\Admin\.katalon\packages\Katalon_Studio_Windows_64-9.3.1\Katalon_Studio_Windows_64-9.3.1\plugins\org.glassfish.tyrus.container-grizzly-client_1.13.1.jar;C:\Users\Admin\.katalon\packages\Katalon_Studio_Windows_64-9.3.1\Katalon_Studio_Windows_64-9.3.1\plugins\org.glassfish.grizzly.http-server_2.3.25.jar;C:\Users\Admin\.katalon\packages\Katalon_Studio_Windows_64-9.3.1\Katalon_Studio_Windows_64-9.3.1\plugins\org.glassfish.grizzly.framework_2.3.25.jar;C:\Users\Admin\.katalon\packages\Katalon_Studio_Windows_64-9.3.1\Katalon_Studio_Windows_64-9.3.1\plugins\org.glassfish.grizzly.http_2.3.25.jar;C:\Users\Admin\.katalon\packages\Katalon_Studio_Windows_64-9.3.1\Katalon_Studio_Windows_64-9.3.1\plugins\org.glassfish.tyrus.client_1.13.1.jar;C:\Users\Admin\.katalon\packages\Katalon_Studio_Windows_64-9.3.1\Katalon_Studio_Windows_64-9.3.1\plugins\org.glassfish.tyrus.core_1.13.1.jar;C:\Users\Admin\.katalon\packages\Katalon_Studio_Windows_64-9.3.1\Katalon_Studio_Windows_64-9.3.1\plugins\org.glassfish.tyrus.spi_1.13.1.jar;C:\Users\Admin\.katalon\packages\Katalon_Studio_Windows_64-9.3.1\Katalon_Studio_Windows_64-9.3.1\plugins\javassist_3.28.0.GA.jar;C:\Users\Admin\.katalon\packages\Katalon_Studio_Windows_64-9.3.1\Katalon_Studio_Windows_64-9.3.1\plugins\com.graphql-java_16.2.0.jar;C:\Users\Admin\.katalon\packages\Katalon_Studio_Windows_64-9.3.1\Katalon_Studio_Windows_64-9.3.1\plugins\org.glassfish.jaxb.runtime_2.3.6.jar;C:\Users\Admin\.katalon\packages\Katalon_Studio_Windows_64-9.3.1\Katalon_Studio_Windows_64-9.3.1\plugins\org.glassfish.jaxb.txw2_2.3.6.jar;C:\Users\Admin\.katalon\packages\Katalon_Studio_Windows_64-9.3.1\Katalon_Studio_Windows_64-9.3.1\plugins\org.dom4j_1.6.1.v201312101416.jar;C:\Users\Admin\.katalon\packages\Katalon_Studio_Windows_64-9.3.1\Katalon_Studio_Windows_64-9.3.1\plugins\com.kms.katalon.groovy-extended_1.0.0.202402280646.jar;C:\Users\Admin\.katalon\packages\Katalon_Studio_Windows_64-9.3.1\Katalon_Studio_Windows_64-9.3.1\plugins\com.sun.activation.javax.activation_1.2.0.jar;C:\Users\Admin\.katalon\packages\Katalon_Studio_Windows_64-9.3.1\Katalon_Studio_Windows_64-9.3.1\plugins\jakarta.xml.bind-api_2.3.3.jar;C:\Users\Admin\.katalon\packages\Katalon_Studio_Windows_64-9.3.1\Katalon_Studio_Windows_64-9.3.1\plugins\com.sun.xml.bind.jaxb-impl_2.3.6.jar;C:\Users\Admin\.katalon\packages\Katalon_Studio_Windows_64-9.3.1\Katalon_Studio_Windows_64-9.3.1\plugins\org.apache.commons.logging_1.2.0.v20180409-1502.jar;C:\Users\Admin\.katalon\packages\Katalon_Studio_Windows_64-9.3.1\Katalon_Studio_Windows_64-9.3.1\plugins\org.hamcrest.core_1.3.0.v20180420-1519.jar;C:\Users\Admin\.katalon\packages\Katalon_Studio_Windows_64-9.3.1\Katalon_Studio_Windows_64-9.3.1\plugins\org.beanshell.bsh_2.0.0.0b4.jar;C:\Users\Admin\.katalon\packages\Katalon_Studio_Windows_64-9.3.1\Katalon_Studio_Windows_64-9.3.1\plugins\org.apache.ant.launcher_1.9.6.jar;C:\Users\Admin\.katalon\packages\Katalon_Studio_Windows_64-9.3.1\Katalon_Studio_Windows_64-9.3.1\plugins\com.kms.katalon.core.appium_1.0.0.202402280646.jar;C:\Users\Admin\.katalon\packages\Katalon_Studio_Windows_64-9.3.1\Katalon_Studio_Windows_64-9.3.1\plugins\com.kms.katalon.logging_1.0.0.202402280646.jar;C:\Users\Admin\.katalon\packages\Katalon_Studio_Windows_64-9.3.1\Katalon_Studio_Windows_64-9.3.1\plugins\org.eclipse.equinox.common_3.17.100.v20230202-1341.jar;C:\Users\Admin\.katalon\packages\Katalon_Studio_Windows_64-9.3.1\Katalon_Studio_Windows_64-9.3.1\plugins\com.kms.katalon.core.webui_1.0.0.202402280646.jar;C:\Users\Admin\.katalon\packages\Katalon_Studio_Windows_64-9.3.1\Katalon_Studio_Windows_64-9.3.1\plugins\org.json_20140107.0.0.jar;C:\Users\Admin\.katalon\packages\Katalon_Studio_Windows_64-9.3.1\Katalon_Studio_Windows_64-9.3.1\plugins\org.eclipse.e4.core.contexts_1.11.0.v20220716-0839.jar;C:\Users\Admin\.katalon\packages\Katalon_Studio_Windows_64-9.3.1\Katalon_Studio_Windows_64-9.3.1\plugins\org.eclipse.e4.core.services_2.3.400.v20220915-1347.jar;C:\Users\Admin\.katalon\packages\Katalon_Studio_Windows_64-9.3.1\Katalon_Studio_Windows_64-9.3.1\plugins\com.kms.katalon.core.mobile_1.0.0.202402280646.jar;C:\Users\Admin\.katalon\packages\Katalon_Studio_Windows_64-9.3.1\Katalon_Studio_Windows_64-9.3.1\plugins\org.apache.commons.commons-validator_1.7.0.jar;C:\Users\Admin\.katalon\packages\Katalon_Studio_Windows_64-9.3.1\Katalon_Studio_Windows_64-9.3.1\plugins\com.kms.katalon.core.cucumber_1.0.0.202402280646.jar;C:\Users\Admin\.katalon\packages\Katalon_Studio_Windows_64-9.3.1\Katalon_Studio_Windows_64-9.3.1\plugins\io.cucumber.core_3.0.2.jar;C:\Users\Admin\.katalon\packages\Katalon_Studio_Windows_64-9.3.1\Katalon_Studio_Windows_64-9.3.1\plugins\io.cucumber.datatable_1.0.3.jar;C:\Users\Admin\.katalon\packages\Katalon_Studio_Windows_64-9.3.1\Katalon_Studio_Windows_64-9.3.1\plugins\io.cucumber.datatable-dependencies_1.0.3.jar;C:\Users\Admin\.katalon\packages\Katalon_Studio_Windows_64-9.3.1\Katalon_Studio_Windows_64-9.3.1\plugins\io.cucumber.expressions_5.0.19.jar;C:\Users\Admin\.katalon\packages\Katalon_Studio_Windows_64-9.3.1\Katalon_Studio_Windows_64-9.3.1\plugins\io.cucumber.gherkin_5.0.0.jar;C:\Users\Admin\.katalon\packages\Katalon_Studio_Windows_64-9.3.1\Katalon_Studio_Windows_64-9.3.1\plugins\io.cucumber.html_0.2.7.jar;C:\Users\Admin\.katalon\packages\Katalon_Studio_Windows_64-9.3.1\Katalon_Studio_Windows_64-9.3.1\plugins\io.cucumber.java_3.0.2.jar;C:\Users\Admin\.katalon\packages\Katalon_Studio_Windows_64-9.3.1\Katalon_Studio_Windows_64-9.3.1\plugins\io.cucumber.tag-expressions_1.1.1.jar;C:\Users\Admin\.katalon\packages\Katalon_Studio_Windows_64-9.3.1\Katalon_Studio_Windows_64-9.3.1\plugins\io.cucumber.junit_3.0.2.jar;C:\Users\Admin\.katalon\packages\Katalon_Studio_Windows_64-9.3.1\Katalon_Studio_Windows_64-9.3.1\plugins\com.kms.katalon.core.webservice_1.0.0.202402280646.jar;C:\Users\Admin\.katalon\packages\Katalon_Studio_Windows_64-9.3.1\Katalon_Studio_Windows_64-9.3.1\plugins\wsdl4j_1.6.2.jar;C:\Users\Admin\.katalon\packages\Katalon_Studio_Windows_64-9.3.1\Katalon_Studio_Windows_64-9.3.1\plugins\com.google.oauth-client.google-oauth-client_1.22.0.jar;C:\Users\Admin\.katalon\packages\Katalon_Studio_Windows_64-9.3.1\Katalon_Studio_Windows_64-9.3.1\plugins\com.google.http-client.google-http-client_1.22.0.jar;C:\Users\Admin\.katalon\packages\Katalon_Studio_Windows_64-9.3.1\Katalon_Studio_Windows_64-9.3.1\plugins\ca.juliusdavies.not-yet-commons-ssl_0.3.11.jar;C:\Users\Admin\.katalon\packages\Katalon_Studio_Windows_64-9.3.1\Katalon_Studio_Windows_64-9.3.1\plugins\com.kms.katalon.preferences_1.0.0.202402280646.jar;C:\Users\Admin\.katalon\packages\Katalon_Studio_Windows_64-9.3.1\Katalon_Studio_Windows_64-9.3.1\plugins\org.apache.xmlbeans_3.1.0.jar;C:\Users\Admin\.katalon\packages\Katalon_Studio_Windows_64-9.3.1\Katalon_Studio_Windows_64-9.3.1\plugins\com.kms.katalon.entity_1.0.0.202402280646.jar;C:\Users\Admin\.katalon\packages\Katalon_Studio_Windows_64-9.3.1\Katalon_Studio_Windows_64-9.3.1\plugins\org.antlr.antlr4-runtime_4.8.0.jar;C:\Users\Admin\.katalon\packages\Katalon_Studio_Windows_64-9.3.1\Katalon_Studio_Windows_64-9.3.1\plugins\com.networknt.json-schema-validator_1.0.66.jar;C:\Users\Admin\.katalon\packages\Katalon_Studio_Windows_64-9.3.1\Katalon_Studio_Windows_64-9.3.1\plugins\jakarta.xml.ws-api_2.3.3.jar;C:\Users\Admin\.katalon\packages\Katalon_Studio_Windows_64-9.3.1\Katalon_Studio_Windows_64-9.3.1\plugins\javax.xml.soap-api_1.4.0.jar;C:\Users\Admin\.katalon\packages\Katalon_Studio_Windows_64-9.3.1\Katalon_Studio_Windows_64-9.3.1\plugins\com.kms.katalon.core.windows_1.0.0.202402280646.jar;C:\Users\Admin\.katalon\packages\Katalon_Studio_Windows_64-9.3.1\Katalon_Studio_Windows_64-9.3.1\plugins\com.kms.katalon.core.testng_1.0.0.202402280646.jar;C:\Users\Admin\.katalon\packages\Katalon_Studio_Windows_64-9.3.1\Katalon_Studio_Windows_64-9.3.1\configuration\org.eclipse.osgi\27\0\.cp\resources\basic-report\katalon-studio-report-plugin.jar;C:\Users\Admin\.katalon\packages\Katalon_Studio_Windows_64-9.3.1\Katalon_Studio_Windows_64-9.3.1\plugins\org.codehaus.groovy_3.0.17.v202303311542-e2303\lib\groovy-3.0.17-indy.jar;C:\Users\Admin\.katalon\packages\Katalon_Studio_Windows_64-9.3.1\Katalon_Studio_Windows_64-9.3.1\plugins\org.codehaus.groovy_3.0.17.v202303311542-e2303\lib\ivy-2.5.1.jar --main groovy.ui.GroovyMain --encoding UTF-8 --indy C:\Users\Admin\Katalon Studio\Lab02\Libs\TempTestSuite1711393247969.groovy

Host: 11th Gen Intel(R) Core(TM) i5-11400H @ 2.70GHz, 12 cores, 7G,  Windows 11 , 64 bit Build 22621 (10.0.22621.3235)
Time: Tue Mar 26 02:00:53 2024 SE Asia Standard Time elapsed time: 2.506651 seconds (0d 0h 0m 2s)

---------------  T H R E A D  ---------------

Current thread (0x00000226ff72bbb0):  VMThread "VM Thread" [stack: 0x000000943dd00000,0x000000943de00000] [id=2408]

Stack: [0x000000943dd00000,0x000000943de00000]
Native frames: (J=compiled Java code, j=interpreted, Vv=VM code, C=native code)
V  [jvm.dll+0x67754a]
V  [jvm.dll+0x834304]
V  [jvm.dll+0x835aae]
V  [jvm.dll+0x836113]
V  [jvm.dll+0x24696f]
V  [jvm.dll+0x6743f9]
V  [jvm.dll+0x668c8a]
V  [jvm.dll+0x3061bb]
V  [jvm.dll+0x30d6a6]
V  [jvm.dll+0x35cece]
V  [jvm.dll+0x35d0ff]
V  [jvm.dll+0x2dd048]
V  [jvm.dll+0x2db20c]
V  [jvm.dll+0x2da7dc]
V  [jvm.dll+0x31e6db]
V  [jvm.dll+0x83a5bb]
V  [jvm.dll+0x83b2f4]
V  [jvm.dll+0x83b80c]
V  [jvm.dll+0x83bbe4]
V  [jvm.dll+0x83bcb0]
V  [jvm.dll+0x7e4e7a]
V  [jvm.dll+0x676395]
C  [ucrtbase.dll+0x29363]
C  [KERNEL32.DLL+0x1257d]
C  [ntdll.dll+0x5aa58]

VM_Operation (0x000000943d7faa60): G1CollectForAllocation, mode: safepoint, requested by thread 0x00000226f628c6e0


---------------  P R O C E S S  ---------------

Threads class SMR info:
_java_thread_list=0x00000226956a13f0, length=14, elements={
0x00000226f628c6e0, 0x00000226ff74f260, 0x00000226ff74fd20, 0x00000226ff76b640,
0x00000226ff76df10, 0x00000226ff77fe40, 0x00000226ff78a720, 0x00000226ff78e810,
0x00000226ff78f520, 0x00000226ff790600, 0x00000226ff8b06c0, 0x00000226954f9cd0,
0x0000022695686040, 0x000002269602f2a0
}

Java Threads: ( => current thread )
  0x00000226f628c6e0 JavaThread "main" [_thread_blocked, id=8396, stack(0x000000943d700000,0x000000943d800000)]
  0x00000226ff74f260 JavaThread "Reference Handler" daemon [_thread_blocked, id=31932, stack(0x000000943de00000,0x000000943df00000)]
  0x00000226ff74fd20 JavaThread "Finalizer" daemon [_thread_blocked, id=32860, stack(0x000000943df00000,0x000000943e000000)]
  0x00000226ff76b640 JavaThread "Signal Dispatcher" daemon [_thread_blocked, id=22204, stack(0x000000943e000000,0x000000943e100000)]
  0x00000226ff76df10 JavaThread "Attach Listener" daemon [_thread_blocked, id=32920, stack(0x000000943e100000,0x000000943e200000)]
  0x00000226ff77fe40 JavaThread "Service Thread" daemon [_thread_blocked, id=32208, stack(0x000000943e200000,0x000000943e300000)]
  0x00000226ff78a720 JavaThread "Monitor Deflation Thread" daemon [_thread_blocked, id=29180, stack(0x000000943e300000,0x000000943e400000)]
  0x00000226ff78e810 JavaThread "C2 CompilerThread0" daemon [_thread_blocked, id=33712, stack(0x000000943e400000,0x000000943e500000)]
  0x00000226ff78f520 JavaThread "C1 CompilerThread0" daemon [_thread_blocked, id=11624, stack(0x000000943e500000,0x000000943e600000)]
  0x00000226ff790600 JavaThread "Sweeper thread" daemon [_thread_blocked, id=21412, stack(0x000000943e600000,0x000000943e700000)]
  0x00000226ff8b06c0 JavaThread "Common-Cleaner" daemon [_thread_blocked, id=29932, stack(0x000000943e700000,0x000000943e800000)]
  0x00000226954f9cd0 JavaThread "C2 CompilerThread1" daemon [_thread_in_native, id=13228, stack(0x000000943e800000,0x000000943e900000)]
  0x0000022695686040 JavaThread "Notification Thread" daemon [_thread_blocked, id=30172, stack(0x000000943e900000,0x000000943ea00000)]
  0x000002269602f2a0 JavaThread "C2 CompilerThread2" daemon [_thread_blocked, id=31232, stack(0x000000943ed00000,0x000000943ee00000)]

Other Threads:
=>0x00000226ff72bbb0 VMThread "VM Thread" [stack: 0x000000943dd00000,0x000000943de00000] [id=2408]
  0x00000226956189a0 WatcherThread [stack: 0x000000943ea00000,0x000000943eb00000] [id=30904]
  0x00000226f62eaf90 GCTaskThread "GC Thread#0" [stack: 0x000000943d800000,0x000000943d900000] [id=28400]
  0x0000022695d89030 GCTaskThread "GC Thread#1" [stack: 0x000000943eb00000,0x000000943ec00000] [id=33588]
  0x0000022695fdd380 GCTaskThread "GC Thread#2" [stack: 0x000000943ec00000,0x000000943ed00000] [id=18652]
  0x0000022695d5cdc0 GCTaskThread "GC Thread#3" [stack: 0x000000943ee00000,0x000000943ef00000] [id=31040]
  0x00000226963cb190 GCTaskThread "GC Thread#4" [stack: 0x000000943ef00000,0x000000943f000000] [id=31176]
  0x00000226963cb850 GCTaskThread "GC Thread#5" [stack: 0x000000943f000000,0x000000943f100000] [id=33480]
  0x000002269622c9d0 GCTaskThread "GC Thread#6" [stack: 0x000000943f100000,0x000000943f200000] [id=23920]
  0x00000226973d5930 GCTaskThread "GC Thread#7" [stack: 0x000000943f200000,0x000000943f300000] [id=29808]
  0x0000022696a38b60 GCTaskThread "GC Thread#8" [stack: 0x000000943f300000,0x000000943f400000] [id=32288]
  0x00000226957c04c0 GCTaskThread "GC Thread#9" [stack: 0x000000943f400000,0x000000943f500000] [id=22760]
  0x00000226f62fc580 ConcurrentGCThread "G1 Main Marker" [stack: 0x000000943d900000,0x000000943da00000] [id=32412]
  0x00000226f62fcea0 ConcurrentGCThread "G1 Conc#0" [stack: 0x000000943da00000,0x000000943db00000] [id=31152]
  0x00000226957c0770 ConcurrentGCThread "G1 Conc#1" [stack: 0x000000943f500000,0x000000943f600000] [id=31316]
  0x00000226957bf750 ConcurrentGCThread "G1 Conc#2" [stack: 0x000000943f600000,0x000000943f700000] [id=29908]
  0x00000226fef118d0 ConcurrentGCThread "G1 Refine#0" [stack: 0x000000943db00000,0x000000943dc00000] [id=33680]
  0x00000226fef12200 ConcurrentGCThread "G1 Service" [stack: 0x000000943dc00000,0x000000943dd00000] [id=8436]

Threads with active compile tasks:
C2 CompilerThread0     2517 4090  s!   4       jdk.internal.loader.URLClassPath::getLoader (194 bytes)
C2 CompilerThread1     2517 3944       4       groovyjarjarantlr4.v4.runtime.atn.PredictionContext::getCachedContext (297 bytes)
C2 CompilerThread2     2517 3934       4       groovyjarjarantlr4.v4.runtime.atn.LexerATNSimulator::getEpsilonTarget (320 bytes)

VM state: at safepoint (normal execution)

VM Mutex/Monitor currently owned by a thread:  ([mutex/lock_event])
[0x00000226f6288290] Threads_lock - owner thread: 0x00000226ff72bbb0
[0x00000226f6288dd0] Heap_lock - owner thread: 0x00000226f628c6e0

Heap address: 0x0000000080000000, size: 2048 MB, Compressed Oops mode: 32-bit

CDS archive(s) not mapped
Compressed class space mapped at: 0x0000000100000000-0x0000000140000000, reserved size: 1073741824
Narrow klass base: 0x0000000000000000, Narrow klass shift: 3, Narrow klass range: 0x140000000

GC Precious Log:
 CPUs: 12 total, 12 available
 Memory: 7893M
 Large Page Support: Disabled
 NUMA Support: Disabled
 Compressed Oops: Enabled (32-bit)
 Heap Region Size: 1M
 Heap Min Capacity: 8M
 Heap Initial Capacity: 124M
 Heap Max Capacity: 2G
 Pre-touch: Disabled
 Parallel Workers: 10
 Concurrent Workers: 3
 Concurrent Refinement Workers: 10
 Periodic GC: Disabled

Heap:
 garbage-first heap   total 104448K, used 30269K [0x0000000080000000, 0x0000000100000000)
  region size 1024K, 5 young (5120K), 5 survivors (5120K)
 Metaspace       used 35386K, committed 35840K, reserved 1114112K
  class space    used 3738K, committed 3968K, reserved 1048576K

Heap Regions: E=young(eden), S=young(survivor), O=old, HS=humongous(starts), HC=humongous(continues), CS=collection set, F=free, OA=open archive, CA=closed archive, TAMS=top-at-mark-start (previous, next)
|   0|0x0000000080000000, 0x0000000080100000, 0x0000000080100000|100%|HS|  |TAMS 0x0000000080100000, 0x0000000080000000| Complete 
|   1|0x0000000080100000, 0x0000000080200000, 0x0000000080200000|100%|HS|  |TAMS 0x0000000080200000, 0x0000000080100000| Complete 
|   2|0x0000000080200000, 0x0000000080300000, 0x0000000080300000|100%|HS|  |TAMS 0x0000000080300000, 0x0000000080200000| Complete 
|   3|0x0000000080300000, 0x0000000080400000, 0x0000000080400000|100%|HC|  |TAMS 0x0000000080400000, 0x0000000080300000| Complete 
|   4|0x0000000080400000, 0x0000000080500000, 0x0000000080500000|100%| O|  |TAMS 0x0000000080500000, 0x0000000080400000| Untracked 
|   5|0x0000000080500000, 0x0000000080600000, 0x0000000080600000|100%| O|  |TAMS 0x0000000080600000, 0x0000000080500000| Untracked 
|   6|0x0000000080600000, 0x0000000080700000, 0x0000000080700000|100%| O|  |TAMS 0x0000000080700000, 0x0000000080600000| Untracked 
|   7|0x0000000080700000, 0x0000000080800000, 0x0000000080800000|100%| O|  |TAMS 0x0000000080800000, 0x0000000080700000| Untracked 
|   8|0x0000000080800000, 0x0000000080900000, 0x0000000080900000|100%| O|  |TAMS 0x0000000080900000, 0x0000000080800000| Untracked 
|   9|0x0000000080900000, 0x0000000080a00000, 0x0000000080a00000|100%| O|  |TAMS 0x0000000080a00000, 0x0000000080900000| Untracked 
|  10|0x0000000080a00000, 0x0000000080b00000, 0x0000000080b00000|100%| O|  |TAMS 0x0000000080b00000, 0x0000000080a00000| Untracked 
|  11|0x0000000080b00000, 0x0000000080c00000, 0x0000000080c00000|100%| O|  |TAMS 0x0000000080c00000, 0x0000000080b00000| Untracked 
|  12|0x0000000080c00000, 0x0000000080d00000, 0x0000000080d00000|100%| O|  |TAMS 0x0000000080d00000, 0x0000000080c00000| Untracked 
|  13|0x0000000080d00000, 0x0000000080e00000, 0x0000000080e00000|100%| O|  |TAMS 0x0000000080e00000, 0x0000000080d00000| Untracked 
|  14|0x0000000080e00000, 0x0000000080f00000, 0x0000000080f00000|100%| O|  |TAMS 0x0000000080e1d400, 0x0000000080e00000| Untracked 
|  15|0x0000000080f00000, 0x0000000081000000, 0x0000000081000000|100%| O|  |TAMS 0x0000000080f00000, 0x0000000080f00000| Untracked 
|  16|0x0000000081000000, 0x0000000081100000, 0x0000000081100000|100%| O|  |TAMS 0x0000000081000000, 0x0000000081000000| Untracked 
|  17|0x0000000081100000, 0x0000000081200000, 0x0000000081200000|100%| O|  |TAMS 0x0000000081100000, 0x0000000081100000| Untracked 
|  18|0x0000000081200000, 0x0000000081270600, 0x0000000081300000| 43%| O|  |TAMS 0x0000000081200000, 0x0000000081200000| Untracked 
|  19|0x0000000081300000, 0x0000000081400000, 0x0000000081400000|100%| O|  |TAMS 0x0000000081300000, 0x0000000081300000| Untracked 
|  20|0x0000000081400000, 0x0000000081500000, 0x0000000081500000|100%| O|  |TAMS 0x0000000081400000, 0x0000000081400000| Untracked 
|  21|0x0000000081500000, 0x0000000081600000, 0x0000000081600000|100%| O|  |TAMS 0x0000000081500000, 0x0000000081500000| Untracked 
|  22|0x0000000081600000, 0x0000000081700000, 0x0000000081700000|100%| O|  |TAMS 0x0000000081600000, 0x0000000081600000| Untracked 
|  23|0x0000000081700000, 0x0000000081800000, 0x0000000081800000|100%| O|  |TAMS 0x0000000081700000, 0x0000000081700000| Untracked 
|  24|0x0000000081800000, 0x0000000081900000, 0x0000000081900000|100%| O|  |TAMS 0x0000000081800000, 0x0000000081800000| Untracked 
|  25|0x0000000081900000, 0x00000000819abe00, 0x0000000081a00000| 67%| O|  |TAMS 0x0000000081900000, 0x0000000081900000| Untracked 
|  26|0x0000000081a00000, 0x0000000081a00000, 0x0000000081b00000|  0%| F|  |TAMS 0x0000000081a00000, 0x0000000081a00000| Untracked 
|  27|0x0000000081b00000, 0x0000000081b00000, 0x0000000081c00000|  0%| F|  |TAMS 0x0000000081b00000, 0x0000000081b00000| Untracked 
|  28|0x0000000081c00000, 0x0000000081c00000, 0x0000000081d00000|  0%| F|  |TAMS 0x0000000081c00000, 0x0000000081c00000| Untracked 
|  29|0x0000000081d00000, 0x0000000081d00000, 0x0000000081e00000|  0%| F|  |TAMS 0x0000000081d00000, 0x0000000081d00000| Untracked 
|  30|0x0000000081e00000, 0x0000000081e00000, 0x0000000081f00000|  0%| F|  |TAMS 0x0000000081e00000, 0x0000000081e00000| Untracked 
|  31|0x0000000081f00000, 0x0000000081f00000, 0x0000000082000000|  0%| F|  |TAMS 0x0000000081f00000, 0x0000000081f00000| Untracked 
|  32|0x0000000082000000, 0x0000000082000000, 0x0000000082100000|  0%| F|  |TAMS 0x0000000082000000, 0x0000000082000000| Untracked 
|  33|0x0000000082100000, 0x0000000082100000, 0x0000000082200000|  0%| F|  |TAMS 0x0000000082100000, 0x0000000082100000| Untracked 
|  34|0x0000000082200000, 0x0000000082200000, 0x0000000082300000|  0%| F|  |TAMS 0x0000000082200000, 0x0000000082200000| Untracked 
|  35|0x0000000082300000, 0x0000000082300000, 0x0000000082400000|  0%| F|  |TAMS 0x0000000082300000, 0x0000000082300000| Untracked 
|  36|0x0000000082400000, 0x0000000082400000, 0x0000000082500000|  0%| F|  |TAMS 0x0000000082400000, 0x0000000082400000| Untracked 
|  37|0x0000000082500000, 0x0000000082500000, 0x0000000082600000|  0%| F|  |TAMS 0x0000000082500000, 0x0000000082500000| Untracked 
|  38|0x0000000082600000, 0x0000000082600000, 0x0000000082700000|  0%| F|  |TAMS 0x0000000082600000, 0x0000000082600000| Untracked 
|  39|0x0000000082700000, 0x0000000082700000, 0x0000000082800000|  0%| F|  |TAMS 0x0000000082700000, 0x0000000082700000| Untracked 
|  40|0x0000000082800000, 0x0000000082800000, 0x0000000082900000|  0%| F|  |TAMS 0x0000000082800000, 0x0000000082800000| Untracked 
|  41|0x0000000082900000, 0x00000000829732e0, 0x0000000082a00000| 44%| S|CS|TAMS 0x0000000082900000, 0x0000000082900000| Complete 
|  42|0x0000000082a00000, 0x0000000082b00000, 0x0000000082b00000|100%| S|CS|TAMS 0x0000000082a00000, 0x0000000082a00000| Complete 
|  43|0x0000000082b00000, 0x0000000082c00000, 0x0000000082c00000|100%| S|CS|TAMS 0x0000000082b00000, 0x0000000082b00000| Complete 
|  44|0x0000000082c00000, 0x0000000082d00000, 0x0000000082d00000|100%| S|CS|TAMS 0x0000000082c00000, 0x0000000082c00000| Complete 
|  45|0x0000000082d00000, 0x0000000082d00000, 0x0000000082e00000|  0%| F|  |TAMS 0x0000000082d00000, 0x0000000082d00000| Untracked 
|  46|0x0000000082e00000, 0x0000000082e00000, 0x0000000082f00000|  0%| F|  |TAMS 0x0000000082e00000, 0x0000000082e00000| Untracked 
|  47|0x0000000082f00000, 0x0000000082f00000, 0x0000000083000000|  0%| F|  |TAMS 0x0000000082f00000, 0x0000000082f00000| Untracked 
|  48|0x0000000083000000, 0x0000000083100000, 0x0000000083100000|100%| S|CS|TAMS 0x0000000083000000, 0x0000000083000000| Complete 
|  49|0x0000000083100000, 0x0000000083100000, 0x0000000083200000|  0%| F|  |TAMS 0x0000000083100000, 0x0000000083100000| Untracked 
|  50|0x0000000083200000, 0x0000000083200000, 0x0000000083300000|  0%| F|  |TAMS 0x0000000083200000, 0x0000000083200000| Untracked 
|  51|0x0000000083300000, 0x0000000083300000, 0x0000000083400000|  0%| F|  |TAMS 0x0000000083300000, 0x0000000083300000| Untracked 
|  52|0x0000000083400000, 0x0000000083400000, 0x0000000083500000|  0%| F|  |TAMS 0x0000000083400000, 0x0000000083400000| Untracked 
|  53|0x0000000083500000, 0x0000000083500000, 0x0000000083600000|  0%| F|  |TAMS 0x0000000083500000, 0x0000000083500000| Untracked 
|  54|0x0000000083600000, 0x0000000083600000, 0x0000000083700000|  0%| F|  |TAMS 0x0000000083600000, 0x0000000083600000| Untracked 
|  55|0x0000000083700000, 0x0000000083700000, 0x0000000083800000|  0%| F|  |TAMS 0x0000000083700000, 0x0000000083700000| Untracked 
|  56|0x0000000083800000, 0x0000000083800000, 0x0000000083900000|  0%| F|  |TAMS 0x0000000083800000, 0x0000000083800000| Untracked 
|  57|0x0000000083900000, 0x0000000083900000, 0x0000000083a00000|  0%| F|  |TAMS 0x0000000083900000, 0x0000000083900000| Untracked 
|  58|0x0000000083a00000, 0x0000000083a00000, 0x0000000083b00000|  0%| F|  |TAMS 0x0000000083a00000, 0x0000000083a00000| Untracked 
|  59|0x0000000083b00000, 0x0000000083b00000, 0x0000000083c00000|  0%| F|  |TAMS 0x0000000083b00000, 0x0000000083b00000| Untracked 
|  60|0x0000000083c00000, 0x0000000083c00000, 0x0000000083d00000|  0%| F|  |TAMS 0x0000000083c00000, 0x0000000083c00000| Untracked 
|  61|0x0000000083d00000, 0x0000000083d00000, 0x0000000083e00000|  0%| F|  |TAMS 0x0000000083d00000, 0x0000000083d00000| Untracked 
|  62|0x0000000083e00000, 0x0000000083e00000, 0x0000000083f00000|  0%| F|  |TAMS 0x0000000083e00000, 0x0000000083e00000| Untracked 
|  63|0x0000000083f00000, 0x0000000083f00000, 0x0000000084000000|  0%| F|  |TAMS 0x0000000083f00000, 0x0000000083f00000| Untracked 
|  64|0x0000000084000000, 0x0000000084000000, 0x0000000084100000|  0%| F|  |TAMS 0x0000000084000000, 0x0000000084000000| Untracked 
|  65|0x0000000084100000, 0x0000000084100000, 0x0000000084200000|  0%| F|  |TAMS 0x0000000084100000, 0x0000000084100000| Untracked 
|  66|0x0000000084200000, 0x0000000084200000, 0x0000000084300000|  0%| F|  |TAMS 0x0000000084200000, 0x0000000084200000| Untracked 
|  67|0x0000000084300000, 0x0000000084300000, 0x0000000084400000|  0%| F|  |TAMS 0x0000000084300000, 0x0000000084300000| Untracked 
|  68|0x0000000084400000, 0x0000000084400000, 0x0000000084500000|  0%| F|  |TAMS 0x0000000084400000, 0x0000000084400000| Untracked 
|  69|0x0000000084500000, 0x0000000084500000, 0x0000000084600000|  0%| F|  |TAMS 0x0000000084500000, 0x0000000084500000| Untracked 
|  70|0x0000000084600000, 0x0000000084600000, 0x0000000084700000|  0%| F|  |TAMS 0x0000000084600000, 0x0000000084600000| Untracked 
|  71|0x0000000084700000, 0x0000000084700000, 0x0000000084800000|  0%| F|  |TAMS 0x0000000084700000, 0x0000000084700000| Untracked 
|  72|0x0000000084800000, 0x0000000084800000, 0x0000000084900000|  0%| F|  |TAMS 0x0000000084800000, 0x0000000084800000| Untracked 
|  73|0x0000000084900000, 0x0000000084900000, 0x0000000084a00000|  0%| F|  |TAMS 0x0000000084900000, 0x0000000084900000| Untracked 
|  74|0x0000000084a00000, 0x0000000084a00000, 0x0000000084b00000|  0%| F|  |TAMS 0x0000000084a00000, 0x0000000084a00000| Untracked 
|  75|0x0000000084b00000, 0x0000000084b00000, 0x0000000084c00000|  0%| F|  |TAMS 0x0000000084b00000, 0x0000000084b00000| Untracked 
|  76|0x0000000084c00000, 0x0000000084c00000, 0x0000000084d00000|  0%| F|  |TAMS 0x0000000084c00000, 0x0000000084c00000| Untracked 
|  77|0x0000000084d00000, 0x0000000084d00000, 0x0000000084e00000|  0%| F|  |TAMS 0x0000000084d00000, 0x0000000084d00000| Untracked 
|  78|0x0000000084e00000, 0x0000000084e00000, 0x0000000084f00000|  0%| F|  |TAMS 0x0000000084e00000, 0x0000000084e00000| Untracked 
|  79|0x0000000084f00000, 0x0000000084f00000, 0x0000000085000000|  0%| F|  |TAMS 0x0000000084f00000, 0x0000000084f00000| Untracked 
|  80|0x0000000085000000, 0x0000000085000000, 0x0000000085100000|  0%| F|  |TAMS 0x0000000085000000, 0x0000000085000000| Untracked 
|  81|0x0000000085100000, 0x0000000085100000, 0x0000000085200000|  0%| F|  |TAMS 0x0000000085100000, 0x0000000085100000| Untracked 
|  82|0x0000000085200000, 0x0000000085200000, 0x0000000085300000|  0%| F|  |TAMS 0x0000000085200000, 0x0000000085200000| Untracked 
|  83|0x0000000085300000, 0x0000000085300000, 0x0000000085400000|  0%| F|  |TAMS 0x0000000085300000, 0x0000000085300000| Untracked 
|  84|0x0000000085400000, 0x0000000085400000, 0x0000000085500000|  0%| F|  |TAMS 0x0000000085400000, 0x0000000085400000| Untracked 
|  85|0x0000000085500000, 0x0000000085500000, 0x0000000085600000|  0%| F|  |TAMS 0x0000000085500000, 0x0000000085500000| Untracked 
|  86|0x0000000085600000, 0x0000000085600000, 0x0000000085700000|  0%| F|  |TAMS 0x0000000085600000, 0x0000000085600000| Untracked 
|  87|0x0000000085700000, 0x0000000085700000, 0x0000000085800000|  0%| F|  |TAMS 0x0000000085700000, 0x0000000085700000| Untracked 
|  88|0x0000000085800000, 0x0000000085800000, 0x0000000085900000|  0%| F|  |TAMS 0x0000000085800000, 0x0000000085800000| Untracked 
|  89|0x0000000085900000, 0x0000000085900000, 0x0000000085a00000|  0%| F|  |TAMS 0x0000000085900000, 0x0000000085900000| Untracked 
|  90|0x0000000085a00000, 0x0000000085a00000, 0x0000000085b00000|  0%| F|  |TAMS 0x0000000085a00000, 0x0000000085a00000| Untracked 
|  91|0x0000000085b00000, 0x0000000085b00000, 0x0000000085c00000|  0%| F|  |TAMS 0x0000000085b00000, 0x0000000085b00000| Untracked 
|  92|0x0000000085c00000, 0x0000000085c00000, 0x0000000085d00000|  0%| F|  |TAMS 0x0000000085c00000, 0x0000000085c00000| Untracked 
|  93|0x0000000085d00000, 0x0000000085d00000, 0x0000000085e00000|  0%| F|  |TAMS 0x0000000085d00000, 0x0000000085d00000| Untracked 
|  94|0x0000000085e00000, 0x0000000085e00000, 0x0000000085f00000|  0%| F|  |TAMS 0x0000000085e00000, 0x0000000085e00000| Untracked 
|  95|0x0000000085f00000, 0x0000000085f00000, 0x0000000086000000|  0%| F|  |TAMS 0x0000000085f00000, 0x0000000085f00000| Untracked 
|  96|0x0000000086000000, 0x0000000086000000, 0x0000000086100000|  0%| F|  |TAMS 0x0000000086000000, 0x0000000086000000| Untracked 
|  97|0x0000000086100000, 0x0000000086100000, 0x0000000086200000|  0%| F|  |TAMS 0x0000000086100000, 0x0000000086100000| Untracked 
|  98|0x0000000086200000, 0x0000000086200000, 0x0000000086300000|  0%| F|  |TAMS 0x0000000086200000, 0x0000000086200000| Untracked 
|  99|0x0000000086300000, 0x0000000086300000, 0x0000000086400000|  0%| F|  |TAMS 0x0000000086300000, 0x0000000086300000| Untracked 
| 100|0x0000000086400000, 0x0000000086400000, 0x0000000086500000|  0%| F|  |TAMS 0x0000000086400000, 0x0000000086400000| Untracked 
| 123|0x0000000087b00000, 0x0000000087b00000, 0x0000000087c00000|  0%| F|  |TAMS 0x0000000087b00000, 0x0000000087b00000| Untracked 

Card table byte_map: [0x00000226fa250000,0x00000226fa650000] _byte_map_base: 0x00000226f9e50000

Marking Bits (Prev, Next): (CMBitMap*) 0x00000226f62eb4f0, (CMBitMap*) 0x00000226f62eb4b0
 Prev Bits: [0x00000226fca50000, 0x00000226fea50000)
 Next Bits: [0x00000226faa50000, 0x00000226fca50000)

Polling page: 0x00000226f41e0000

Metaspace:

Usage:
  Non-class:     30.91 MB used.
      Class:      3.65 MB used.
       Both:     34.56 MB used.

Virtual space:
  Non-class space:       64.00 MB reserved,      31.12 MB ( 49%) committed,  1 nodes.
      Class space:        1.00 GB reserved,       3.88 MB ( <1%) committed,  1 nodes.
             Both:        1.06 GB reserved,      35.00 MB (  3%) committed. 

Chunk freelists:
   Non-Class:  32.00 KB
       Class:  12.16 MB
        Both:  12.19 MB

MaxMetaspaceSize: unlimited
CompressedClassSpaceSize: 1.00 GB
Initial GC threshold: 21.00 MB
Current GC threshold: 35.25 MB
CDS: off
MetaspaceReclaimPolicy: balanced
 - commit_granule_bytes: 65536.
 - commit_granule_words: 8192.
 - virtual_space_node_default_size: 8388608.
 - enlarge_chunks_in_place: 1.
 - new_chunks_are_fully_committed: 0.
 - uncommit_free_chunks: 1.
 - use_allocation_guard: 0.
 - handle_deallocations: 1.


Internal statistics:

num_allocs_failed_limit: 3.
num_arena_births: 448.
num_arena_deaths: 0.
num_vsnodes_births: 2.
num_vsnodes_deaths: 0.
num_space_committed: 560.
num_space_uncommitted: 0.
num_chunks_returned_to_freelist: 3.
num_chunks_taken_from_freelist: 1237.
num_chunk_merges: 3.
num_chunk_splits: 819.
num_chunks_enlarged: 570.
num_inconsistent_stats: 0.

CodeHeap 'non-profiled nmethods': size=120000Kb used=2651Kb max_used=2651Kb free=117348Kb
 bounds [0x0000022687ad0000, 0x0000022687d70000, 0x000002268f000000]
CodeHeap 'profiled nmethods': size=120000Kb used=8468Kb max_used=8468Kb free=111531Kb
 bounds [0x0000022680000000, 0x0000022680850000, 0x0000022687530000]
CodeHeap 'non-nmethods': size=5760Kb used=2306Kb max_used=2348Kb free=3453Kb
 bounds [0x0000022687530000, 0x00000226877a0000, 0x0000022687ad0000]
 total_blobs=5072 nmethods=4268 adapters=715
 compilation: enabled
              stopped_count=0, restarted_count=0
 full_count=0

Compilation events (20 events):
Event: 2.486 Thread 0x000002269602f2a0 4120       4       java.lang.invoke.VarForm::getMemberName (31 bytes)
Event: 2.486 Thread 0x00000226ff78f520 nmethod 4280 0x000002268083e490 code [0x000002268083e6a0, 0x000002268083f068]
Event: 2.486 Thread 0x00000226ff78f520 4282       3       sun.reflect.generics.repository.ConstructorRepository::getParameterTypes (27 bytes)
Event: 2.486 Thread 0x000002269602f2a0 nmethod 4120 0x0000022687d66610 code [0x0000022687d667a0, 0x0000022687d66888]
Event: 2.486 Thread 0x000002269602f2a0 3934       4       groovyjarjarantlr4.v4.runtime.atn.LexerATNSimulator::getEpsilonTarget (320 bytes)
Event: 2.486 Thread 0x00000226ff78f520 nmethod 4282 0x000002268083f390 code [0x000002268083f560, 0x000002268083f918]
Event: 2.486 Thread 0x00000226ff78f520 4281       3       java.lang.Class::getEnclosingClass (70 bytes)
Event: 2.487 Thread 0x00000226ff78f520 nmethod 4281 0x000002268083fa10 code [0x000002268083fc60, 0x0000022680840448]
Event: 2.488 Thread 0x00000226ff78f520 4283       3       sun.reflect.generics.reflectiveObjects.ParameterizedTypeImpl::toString (209 bytes)
Event: 2.488 Thread 0x00000226ff78f520 nmethod 4283 0x0000022680840710 code [0x0000022680840b20, 0x0000022680842298]
Event: 2.489 Thread 0x00000226ff78f520 4287       3       sun.reflect.generics.scope.AbstractScope::lookup (66 bytes)
Event: 2.489 Thread 0x00000226ff78f520 nmethod 4287 0x0000022680842b10 code [0x0000022680842d20, 0x0000022680843498]
Event: 2.489 Thread 0x00000226ff78f520 4284       3       java.util.StringJoiner::setEmptyValue (20 bytes)
Event: 2.489 Thread 0x00000226ff78f520 nmethod 4284 0x0000022680843790 code [0x0000022680843960, 0x0000022680843df8]
Event: 2.489 Thread 0x00000226ff78f520 4286       3       sun.reflect.generics.reflectiveObjects.WildcardTypeImpl::getLowerBounds (34 bytes)
Event: 2.489 Thread 0x00000226ff78f520 nmethod 4286 0x0000022680843f90 code [0x0000022680844160, 0x0000022680844798]
Event: 2.489 Thread 0x00000226ff78f520 4285       1       sun.reflect.generics.tree.Wildcard::getUpperBounds (5 bytes)
Event: 2.489 Thread 0x00000226ff78f520 nmethod 4285 0x0000022687d66990 code [0x0000022687d66b20, 0x0000022687d66bf8]
Event: 2.491 Thread 0x00000226ff78f520 4288       3       org.codehaus.groovy.runtime.metaclass.MetaMethodIndex::resize (103 bytes)
Event: 2.491 Thread 0x00000226ff78f520 nmethod 4288 0x0000022680844890 code [0x0000022680844a60, 0x0000022680845018]

GC Heap History (17 events):
Event: 0.303 GC heap before
{Heap before GC invocations=0 (full 0):
 garbage-first heap   total 126976K, used 26624K [0x0000000080000000, 0x0000000100000000)
  region size 1024K, 23 young (23552K), 0 survivors (0K)
 Metaspace       used 6763K, committed 6976K, reserved 1114112K
  class space    used 524K, committed 640K, reserved 1048576K
}
Event: 0.307 GC heap after
{Heap after GC invocations=1 (full 0):
 garbage-first heap   total 126976K, used 14808K [0x0000000080000000, 0x0000000100000000)
  region size 1024K, 3 young (3072K), 3 survivors (3072K)
 Metaspace       used 6763K, committed 6976K, reserved 1114112K
  class space    used 524K, committed 640K, reserved 1048576K
}
Event: 0.604 GC heap before
{Heap before GC invocations=1 (full 0):
 garbage-first heap   total 126976K, used 36312K [0x0000000080000000, 0x0000000100000000)
  region size 1024K, 25 young (25600K), 3 survivors (3072K)
 Metaspace       used 12143K, committed 12352K, reserved 1114112K
  class space    used 1032K, committed 1152K, reserved 1048576K
}
Event: 0.609 GC heap after
{Heap after GC invocations=2 (full 0):
 garbage-first heap   total 126976K, used 16871K [0x0000000080000000, 0x0000000100000000)
  region size 1024K, 3 young (3072K), 3 survivors (3072K)
 Metaspace       used 12143K, committed 12352K, reserved 1114112K
  class space    used 1032K, committed 1152K, reserved 1048576K
}
Event: 0.936 GC heap before
{Heap before GC invocations=2 (full 0):
 garbage-first heap   total 126976K, used 59879K [0x0000000080000000, 0x0000000100000000)
  region size 1024K, 43 young (44032K), 3 survivors (3072K)
 Metaspace       used 17853K, committed 18048K, reserved 1114112K
  class space    used 1683K, committed 1792K, reserved 1048576K
}
Event: 0.941 GC heap after
{Heap after GC invocations=3 (full 0):
 garbage-first heap   total 126976K, used 22247K [0x0000000080000000, 0x0000000100000000)
  region size 1024K, 6 young (6144K), 6 survivors (6144K)
 Metaspace       used 17853K, committed 18048K, reserved 1114112K
  class space    used 1683K, committed 1792K, reserved 1048576K
}
Event: 1.152 GC heap before
{Heap before GC invocations=3 (full 0):
 garbage-first heap   total 126976K, used 44775K [0x0000000080000000, 0x0000000100000000)
  region size 1024K, 29 young (29696K), 6 survivors (6144K)
 Metaspace       used 21340K, committed 21504K, reserved 1114112K
  class space    used 2241K, committed 2304K, reserved 1048576K
}
Event: 1.158 GC heap after
{Heap after GC invocations=4 (full 0):
 garbage-first heap   total 126976K, used 21759K [0x0000000080000000, 0x0000000100000000)
  region size 1024K, 5 young (5120K), 5 survivors (5120K)
 Metaspace       used 21340K, committed 21504K, reserved 1114112K
  class space    used 2241K, committed 2304K, reserved 1048576K
}
Event: 1.308 GC heap before
{Heap before GC invocations=5 (full 0):
 garbage-first heap   total 78848K, used 61695K [0x0000000080000000, 0x0000000100000000)
  region size 1024K, 45 young (46080K), 5 survivors (5120K)
 Metaspace       used 22241K, committed 22464K, reserved 1114112K
  class space    used 2338K, committed 2432K, reserved 1048576K
}
Event: 1.315 GC heap after
{Heap after GC invocations=6 (full 0):
 garbage-first heap   total 95232K, used 22677K [0x0000000080000000, 0x0000000100000000)
  region size 1024K, 3 young (3072K), 3 survivors (3072K)
 Metaspace       used 22241K, committed 22464K, reserved 1114112K
  class space    used 2338K, committed 2432K, reserved 1048576K
}
Event: 1.716 GC heap before
{Heap before GC invocations=6 (full 0):
 garbage-first heap   total 95232K, used 67733K [0x0000000080000000, 0x0000000100000000)
  region size 1024K, 47 young (48128K), 3 survivors (3072K)
 Metaspace       used 26753K, committed 27072K, reserved 1114112K
  class space    used 2808K, committed 2944K, reserved 1048576K
}
Event: 1.722 GC heap after
{Heap after GC invocations=7 (full 0):
 garbage-first heap   total 95232K, used 26131K [0x0000000080000000, 0x0000000100000000)
  region size 1024K, 6 young (6144K), 6 survivors (6144K)
 Metaspace       used 26753K, committed 27072K, reserved 1114112K
  class space    used 2808K, committed 2944K, reserved 1048576K
}
Event: 2.043 GC heap before
{Heap before GC invocations=7 (full 0):
 garbage-first heap   total 95232K, used 69139K [0x0000000080000000, 0x0000000100000000)
  region size 1024K, 48 young (49152K), 6 survivors (6144K)
 Metaspace       used 31704K, committed 32128K, reserved 1114112K
  class space    used 3395K, committed 3584K, reserved 1048576K
}
Event: 2.054 GC heap after
{Heap after GC invocations=8 (full 0):
 garbage-first heap   total 95232K, used 27761K [0x0000000080000000, 0x0000000100000000)
  region size 1024K, 2 young (2048K), 2 survivors (2048K)
 Metaspace       used 31704K, committed 32128K, reserved 1114112K
  class space    used 3395K, committed 3584K, reserved 1048576K
}
Event: 2.147 GC heap before
{Heap before GC invocations=8 (full 0):
 garbage-first heap   total 95232K, used 73841K [0x0000000080000000, 0x0000000100000000)
  region size 1024K, 45 young (46080K), 2 survivors (2048K)
 Metaspace       used 32871K, committed 33280K, reserved 1114112K
  class space    used 3476K, committed 3648K, reserved 1048576K
}
Event: 2.150 GC heap after
{Heap after GC invocations=9 (full 0):
 garbage-first heap   total 95232K, used 28251K [0x0000000080000000, 0x0000000100000000)
  region size 1024K, 3 young (3072K), 3 survivors (3072K)
 Metaspace       used 32871K, committed 33280K, reserved 1114112K
  class space    used 3476K, committed 3648K, reserved 1048576K
}
Event: 2.493 GC heap before
{Heap before GC invocations=9 (full 0):
 garbage-first heap   total 95232K, used 73307K [0x0000000080000000, 0x0000000100000000)
  region size 1024K, 47 young (48128K), 3 survivors (3072K)
 Metaspace       used 35386K, committed 35840K, reserved 1114112K
  class space    used 3738K, committed 3968K, reserved 1048576K
}

Dll operation events (6 events):
Event: 0.005 Loaded shared library C:\Users\Admin\.katalon\packages\Katalon_Studio_Windows_64-9.3.1\Katalon_Studio_Windows_64-9.3.1\jre\bin\java.dll
Event: 0.128 Loaded shared library C:\Users\Admin\.katalon\packages\Katalon_Studio_Windows_64-9.3.1\Katalon_Studio_Windows_64-9.3.1\jre\bin\net.dll
Event: 0.130 Loaded shared library C:\Users\Admin\.katalon\packages\Katalon_Studio_Windows_64-9.3.1\Katalon_Studio_Windows_64-9.3.1\jre\bin\nio.dll
Event: 0.135 Loaded shared library C:\Users\Admin\.katalon\packages\Katalon_Studio_Windows_64-9.3.1\Katalon_Studio_Windows_64-9.3.1\jre\bin\zip.dll
Event: 0.333 Loaded shared library C:\Users\Admin\.katalon\packages\Katalon_Studio_Windows_64-9.3.1\Katalon_Studio_Windows_64-9.3.1\jre\bin\verify.dll
Event: 0.457 Loaded shared library C:\Users\Admin\.katalon\packages\Katalon_Studio_Windows_64-9.3.1\Katalon_Studio_Windows_64-9.3.1\jre\bin\jimage.dll

Deoptimization events (20 events):
Event: 2.279 Thread 0x00000226f628c6e0 DEOPT PACKING pc=0x00000226800820c4 sp=0x000000943d7fc040
Event: 2.279 Thread 0x00000226f628c6e0 DEOPT UNPACKING pc=0x000002268758ace3 sp=0x000000943d7fb5c0 mode 0
Event: 2.303 Thread 0x00000226f628c6e0 DEOPT PACKING pc=0x00000226805d6300 sp=0x000000943d7f8610
Event: 2.303 Thread 0x00000226f628c6e0 DEOPT UNPACKING pc=0x000002268758ace3 sp=0x000000943d7f7a80 mode 0
Event: 2.303 Thread 0x00000226f628c6e0 DEOPT PACKING pc=0x00000226805d6300 sp=0x000000943d7f8610
Event: 2.303 Thread 0x00000226f628c6e0 DEOPT UNPACKING pc=0x000002268758ace3 sp=0x000000943d7f7a80 mode 0
Event: 2.355 Thread 0x00000226f628c6e0 Uncommon trap: trap_request=0xffffffde fr.pc=0x0000022687c558d0 relative=0x0000000000000570
Event: 2.355 Thread 0x00000226f628c6e0 Uncommon trap: reason=class_check action=maybe_recompile pc=0x0000022687c558d0 method=java.util.regex.Matcher.search(I)Z @ 121 c2
Event: 2.355 Thread 0x00000226f628c6e0 DEOPT PACKING pc=0x0000022687c558d0 sp=0x000000943d7fce70
Event: 2.355 Thread 0x00000226f628c6e0 DEOPT UNPACKING pc=0x000002268758a1a3 sp=0x000000943d7fce30 mode 2
Event: 2.403 Thread 0x00000226f628c6e0 Uncommon trap: trap_request=0xffffffde fr.pc=0x0000022687c558d0 relative=0x0000000000000570
Event: 2.403 Thread 0x00000226f628c6e0 Uncommon trap: reason=class_check action=maybe_recompile pc=0x0000022687c558d0 method=java.util.regex.Matcher.search(I)Z @ 121 c2
Event: 2.403 Thread 0x00000226f628c6e0 DEOPT PACKING pc=0x0000022687c558d0 sp=0x000000943d7fcde0
Event: 2.403 Thread 0x00000226f628c6e0 DEOPT UNPACKING pc=0x000002268758a1a3 sp=0x000000943d7fcda0 mode 2
Event: 2.403 Thread 0x00000226f628c6e0 Uncommon trap: trap_request=0xffffffde fr.pc=0x0000022687c558d0 relative=0x0000000000000570
Event: 2.403 Thread 0x00000226f628c6e0 Uncommon trap: reason=class_check action=maybe_recompile pc=0x0000022687c558d0 method=java.util.regex.Matcher.search(I)Z @ 121 c2
Event: 2.403 Thread 0x00000226f628c6e0 DEOPT PACKING pc=0x0000022687c558d0 sp=0x000000943d7fce50
Event: 2.403 Thread 0x00000226f628c6e0 DEOPT UNPACKING pc=0x000002268758a1a3 sp=0x000000943d7fce10 mode 2
Event: 2.406 Thread 0x00000226f628c6e0 DEOPT PACKING pc=0x00000226800820c4 sp=0x000000943d7fbd10
Event: 2.406 Thread 0x00000226f628c6e0 DEOPT UNPACKING pc=0x000002268758ace3 sp=0x000000943d7fb290 mode 0

Classes unloaded (0 events):
No events

Classes redefined (0 events):
No events

Internal exceptions (20 events):
Event: 2.191 Thread 0x00000226f628c6e0 Exception <a 'java/lang/NoSuchMethodError'{0x0000000085497ef8}: 'org.slf4j.impl.StaticMDCBinder org.slf4j.impl.StaticMDCBinder.getSingleton()'> (0x0000000085497ef8) 
thrown [s\src\hotspot\share\interpreter\linkResolver.cpp, line 759]
Event: 2.232 Thread 0x00000226f628c6e0 Exception <a 'java/lang/ClassNotFoundException'{0x00000000852c53f0}: KatalonReportListenerBeanInfo> (0x00000000852c53f0) 
thrown [s\src\hotspot\share\classfile\systemDictionary.cpp, line 256]
Event: 2.233 Thread 0x00000226f628c6e0 Exception <a 'java/lang/ClassNotFoundException'{0x00000000852dc1b0}: KatalonReportListenerCustomizer> (0x00000000852dc1b0) 
thrown [s\src\hotspot\share\classfile\systemDictionary.cpp, line 256]
Event: 2.240 Thread 0x00000226f628c6e0 Exception <a 'java/lang/ClassNotFoundException'{0x0000000084d797d8}: org/codehaus/groovy/ast/builder/AstBuilderBeanInfo> (0x0000000084d797d8) 
thrown [s\src\hotspot\share\classfile\systemDictionary.cpp, line 256]
Event: 2.242 Thread 0x00000226f628c6e0 Exception <a 'java/lang/ClassNotFoundException'{0x00000000849cde18}: org/codehaus/groovy/ast/builder/AstBuilderCustomizer> (0x00000000849cde18) 
thrown [s\src\hotspot\share\classfile\systemDictionary.cpp, line 256]
Event: 2.246 Thread 0x00000226f628c6e0 Exception <a 'java/lang/ClassNotFoundException'{0x00000000848f70b0}: java/lang/StringBeanInfo> (0x00000000848f70b0) 
thrown [s\src\hotspot\share\classfile\systemDictionary.cpp, line 256]
Event: 2.246 Thread 0x00000226f628c6e0 Exception <a 'java/lang/ClassNotFoundException'{0x0000000084707458}: java/lang/StringCustomizer> (0x0000000084707458) 
thrown [s\src\hotspot\share\classfile\systemDictionary.cpp, line 256]
Event: 2.268 Thread 0x00000226f628c6e0 Implicit null exception at 0x0000022687cd8a6c to 0x0000022687cd8b14
Event: 2.270 Thread 0x00000226f628c6e0 Exception <a 'java/lang/NoSuchMethodError'{0x000000008447f2e0}: 'java.lang.Object java.lang.invoke.DirectMethodHandle$Holder.newInvokeSpecial(java.lang.Object, int, java.lang.Object)'> (0x000000008447f2e0) 
thrown [s\src\hotspot\share\interpreter\linkResolver.cpp, line 759]
Event: 2.293 Thread 0x00000226f628c6e0 Exception <a 'java/lang/ClassNotFoundException'{0x000000008428cdb8}: Script1BeanInfo> (0x000000008428cdb8) 
thrown [s\src\hotspot\share\classfile\systemDictionary.cpp, line 256]
Event: 2.295 Thread 0x00000226f628c6e0 Exception <a 'java/lang/ClassNotFoundException'{0x00000000842b4458}: Script1Customizer> (0x00000000842b4458) 
thrown [s\src\hotspot\share\classfile\systemDictionary.cpp, line 256]
Event: 2.328 Thread 0x00000226f628c6e0 Exception <a 'java/lang/ClassNotFoundException'{0x00000000840ca558}: com/sun/org/apache/xerces/internal/impl/msg/spi/SAXMessagesProvider> (0x00000000840ca558) 
thrown [s\src\hotspot\share\classfile\systemDictionary.cpp, line 256]
Event: 2.394 Thread 0x00000226f628c6e0 Exception <a 'java/lang/ClassNotFoundException'{0x0000000083a2ebe8}: Script2BeanInfo> (0x0000000083a2ebe8) 
thrown [s\src\hotspot\share\classfile\systemDictionary.cpp, line 256]
Event: 2.397 Thread 0x00000226f628c6e0 Exception <a 'java/lang/ClassNotFoundException'{0x0000000083a56fd0}: Script2Customizer> (0x0000000083a56fd0) 
thrown [s\src\hotspot\share\classfile\systemDictionary.cpp, line 256]
Event: 2.480 Thread 0x00000226f628c6e0 Exception <a 'java/lang/ClassNotFoundException'{0x00000000832d5d40}: java/util/ArrayListBeanInfo> (0x00000000832d5d40) 
thrown [s\src\hotspot\share\classfile\systemDictionary.cpp, line 256]
Event: 2.482 Thread 0x00000226f628c6e0 Exception <a 'java/lang/ClassNotFoundException'{0x00000000832f25d8}: java/util/AbstractListBeanInfo> (0x00000000832f25d8) 
thrown [s\src\hotspot\share\classfile\systemDictionary.cpp, line 256]
Event: 2.483 Thread 0x00000226f628c6e0 Exception <a 'java/lang/ClassNotFoundException'{0x000000008310fcc8}: java/util/AbstractCollectionBeanInfo> (0x000000008310fcc8) 
thrown [s\src\hotspot\share\classfile\systemDictionary.cpp, line 256]
Event: 2.484 Thread 0x00000226f628c6e0 Exception <a 'java/lang/ClassNotFoundException'{0x000000008312d2b0}: java/util/AbstractCollectionCustomizer> (0x000000008312d2b0) 
thrown [s\src\hotspot\share\classfile\systemDictionary.cpp, line 256]
Event: 2.485 Thread 0x00000226f628c6e0 Exception <a 'java/lang/ClassNotFoundException'{0x0000000083153c40}: java/util/AbstractListCustomizer> (0x0000000083153c40) 
thrown [s\src\hotspot\share\classfile\systemDictionary.cpp, line 256]
Event: 2.487 Thread 0x00000226f628c6e0 Exception <a 'java/lang/ClassNotFoundException'{0x000000008317b8c0}: java/util/ArrayListCustomizer> (0x000000008317b8c0) 
thrown [s\src\hotspot\share\classfile\systemDictionary.cpp, line 256]

VM Operations (20 events):
Event: 1.797 Executing VM operation: HandshakeAllThreads done
Event: 1.922 Executing VM operation: HandshakeAllThreads
Event: 1.922 Executing VM operation: HandshakeAllThreads done
Event: 1.923 Executing VM operation: HandshakeAllThreads
Event: 1.923 Executing VM operation: HandshakeAllThreads done
Event: 2.043 Executing VM operation: G1CollectForAllocation
Event: 2.054 Executing VM operation: G1CollectForAllocation done
Event: 2.146 Executing VM operation: G1CollectForAllocation
Event: 2.150 Executing VM operation: G1CollectForAllocation done
Event: 2.211 Executing VM operation: HandshakeAllThreads
Event: 2.211 Executing VM operation: HandshakeAllThreads done
Event: 2.350 Executing VM operation: HandshakeAllThreads
Event: 2.350 Executing VM operation: HandshakeAllThreads done
Event: 2.350 Executing VM operation: HandshakeAllThreads
Event: 2.350 Executing VM operation: HandshakeAllThreads done
Event: 2.368 Executing VM operation: ICBufferFull
Event: 2.368 Executing VM operation: ICBufferFull done
Event: 2.472 Executing VM operation: HandshakeAllThreads
Event: 2.472 Executing VM operation: HandshakeAllThreads done
Event: 2.493 Executing VM operation: G1CollectForAllocation

Events (20 events):
Event: 2.481 loading class java/util/AbstractListBeanInfo
Event: 2.481 loading class java/util/AbstractListBeanInfo done
Event: 2.482 loading class java/util/AbstractListBeanInfo
Event: 2.482 loading class java/util/AbstractListBeanInfo done
Event: 2.482 loading class java/util/AbstractCollectionBeanInfo
Event: 2.482 loading class java/util/AbstractCollectionBeanInfo done
Event: 2.483 loading class java/util/AbstractCollectionBeanInfo
Event: 2.483 loading class java/util/AbstractCollectionBeanInfo done
Event: 2.483 loading class java/util/AbstractCollectionCustomizer
Event: 2.483 loading class java/util/AbstractCollectionCustomizer done
Event: 2.484 loading class java/util/AbstractCollectionCustomizer
Event: 2.484 loading class java/util/AbstractCollectionCustomizer done
Event: 2.484 loading class java/util/AbstractListCustomizer
Event: 2.484 loading class java/util/AbstractListCustomizer done
Event: 2.485 loading class java/util/AbstractListCustomizer
Event: 2.485 loading class java/util/AbstractListCustomizer done
Event: 2.486 loading class java/util/ArrayListCustomizer
Event: 2.486 loading class java/util/ArrayListCustomizer done
Event: 2.487 loading class java/util/ArrayListCustomizer
Event: 2.487 loading class java/util/ArrayListCustomizer done


Dynamic libraries:
0x00007ff7e1270000 - 0x00007ff7e127e000 	C:\Users\Admin\.katalon\packages\Katalon_Studio_Windows_64-9.3.1\Katalon_Studio_Windows_64-9.3.1\jre\bin\javaw.exe
0x00007ffc9e2f0000 - 0x00007ffc9e506000 	C:\WINDOWS\SYSTEM32\ntdll.dll
0x00007ffc9c810000 - 0x00007ffc9c8d4000 	C:\WINDOWS\System32\KERNEL32.DLL
0x00007ffc9b630000 - 0x00007ffc9b9d6000 	C:\WINDOWS\System32\KERNELBASE.dll
0x00007ffc9bb00000 - 0x00007ffc9bc11000 	C:\WINDOWS\System32\ucrtbase.dll
0x00007ffc92aa0000 - 0x00007ffc92ab7000 	C:\Users\Admin\.katalon\packages\Katalon_Studio_Windows_64-9.3.1\Katalon_Studio_Windows_64-9.3.1\jre\bin\jli.dll
0x00007ffc92a80000 - 0x00007ffc92a99000 	C:\Users\Admin\.katalon\packages\Katalon_Studio_Windows_64-9.3.1\Katalon_Studio_Windows_64-9.3.1\jre\bin\VCRUNTIME140.dll
0x00007ffc9d420000 - 0x00007ffc9d5cd000 	C:\WINDOWS\System32\USER32.dll
0x00007ffc9c010000 - 0x00007ffc9c036000 	C:\WINDOWS\System32\win32u.dll
0x00007ffc9c6d0000 - 0x00007ffc9c6f9000 	C:\WINDOWS\System32\GDI32.dll
0x00007ffc713d0000 - 0x00007ffc71663000 	C:\WINDOWS\WinSxS\amd64_microsoft.windows.common-controls_6595b64144ccf1df_6.0.22621.3235_none_270f74e173860f98\COMCTL32.dll
0x00007ffc9b9e0000 - 0x00007ffc9baf8000 	C:\WINDOWS\System32\gdi32full.dll
0x00007ffc9bc20000 - 0x00007ffc9bcba000 	C:\WINDOWS\System32\msvcp_win.dll
0x00007ffc9caa0000 - 0x00007ffc9cb47000 	C:\WINDOWS\System32\msvcrt.dll
0x00007ffc9c7d0000 - 0x00007ffc9c801000 	C:\WINDOWS\System32\IMM32.DLL
0x00007ffc97df0000 - 0x00007ffc97dfc000 	C:\Users\Admin\.katalon\packages\Katalon_Studio_Windows_64-9.3.1\Katalon_Studio_Windows_64-9.3.1\jre\bin\vcruntime140_1.dll
0x00007ffc91560000 - 0x00007ffc915f1000 	C:\Users\Admin\.katalon\packages\Katalon_Studio_Windows_64-9.3.1\Katalon_Studio_Windows_64-9.3.1\jre\bin\msvcp140.dll
0x00007ffc19ae0000 - 0x00007ffc1a728000 	C:\Users\Admin\.katalon\packages\Katalon_Studio_Windows_64-9.3.1\Katalon_Studio_Windows_64-9.3.1\jre\bin\server\jvm.dll
0x00007ffc9c040000 - 0x00007ffc9c0f2000 	C:\WINDOWS\System32\ADVAPI32.dll
0x00007ffc9c200000 - 0x00007ffc9c2a8000 	C:\WINDOWS\System32\sechost.dll
0x00007ffc9bd40000 - 0x00007ffc9bd68000 	C:\WINDOWS\System32\bcrypt.dll
0x00007ffc9c8e0000 - 0x00007ffc9c9f5000 	C:\WINDOWS\System32\RPCRT4.dll
0x00007ffc90fb0000 - 0x00007ffc90fe4000 	C:\WINDOWS\SYSTEM32\WINMM.dll
0x00007ffc8eff0000 - 0x00007ffc8eff9000 	C:\WINDOWS\SYSTEM32\WSOCK32.dll
0x00007ffc91dc0000 - 0x00007ffc91dca000 	C:\WINDOWS\SYSTEM32\VERSION.dll
0x00007ffc9c750000 - 0x00007ffc9c7c1000 	C:\WINDOWS\System32\WS2_32.dll
0x00007ffc9a6c0000 - 0x00007ffc9a6d8000 	C:\WINDOWS\SYSTEM32\kernel.appcore.dll
0x00007ffc97de0000 - 0x00007ffc97dea000 	C:\Users\Admin\.katalon\packages\Katalon_Studio_Windows_64-9.3.1\Katalon_Studio_Windows_64-9.3.1\jre\bin\jimage.dll
0x00007ffc99120000 - 0x00007ffc99353000 	C:\WINDOWS\SYSTEM32\DBGHELP.DLL
0x00007ffc9c340000 - 0x00007ffc9c6c8000 	C:\WINDOWS\System32\combase.dll
0x00007ffc9cf70000 - 0x00007ffc9d047000 	C:\WINDOWS\System32\OLEAUT32.dll
0x00007ffc7cb80000 - 0x00007ffc7cbb2000 	C:\WINDOWS\SYSTEM32\dbgcore.DLL
0x00007ffc9bcc0000 - 0x00007ffc9bd3a000 	C:\WINDOWS\System32\bcryptPrimitives.dll
0x00007ffc927c0000 - 0x00007ffc927e5000 	C:\Users\Admin\.katalon\packages\Katalon_Studio_Windows_64-9.3.1\Katalon_Studio_Windows_64-9.3.1\jre\bin\java.dll
0x00007ffc96840000 - 0x00007ffc96858000 	C:\Users\Admin\.katalon\packages\Katalon_Studio_Windows_64-9.3.1\Katalon_Studio_Windows_64-9.3.1\jre\bin\zip.dll
0x00007ffc9d5d0000 - 0x00007ffc9de2d000 	C:\WINDOWS\System32\SHELL32.dll
0x00007ffc995a0000 - 0x00007ffc99e98000 	C:\WINDOWS\SYSTEM32\windows.storage.dll
0x00007ffc99460000 - 0x00007ffc9959e000 	C:\WINDOWS\SYSTEM32\wintypes.dll
0x00007ffc9c100000 - 0x00007ffc9c1f3000 	C:\WINDOWS\System32\SHCORE.dll
0x00007ffc9d050000 - 0x00007ffc9d0ae000 	C:\WINDOWS\System32\shlwapi.dll
0x00007ffc9b560000 - 0x00007ffc9b586000 	C:\WINDOWS\SYSTEM32\profapi.dll
0x00007ffc92a60000 - 0x00007ffc92a79000 	C:\Users\Admin\.katalon\packages\Katalon_Studio_Windows_64-9.3.1\Katalon_Studio_Windows_64-9.3.1\jre\bin\net.dll
0x00007ffc916d0000 - 0x00007ffc91807000 	C:\WINDOWS\SYSTEM32\WINHTTP.dll
0x00007ffc9abe0000 - 0x00007ffc9ac49000 	C:\WINDOWS\system32\mswsock.dll
0x00007ffc927a0000 - 0x00007ffc927b5000 	C:\Users\Admin\.katalon\packages\Katalon_Studio_Windows_64-9.3.1\Katalon_Studio_Windows_64-9.3.1\jre\bin\nio.dll
0x00007ffc92790000 - 0x00007ffc927a0000 	C:\Users\Admin\.katalon\packages\Katalon_Studio_Windows_64-9.3.1\Katalon_Studio_Windows_64-9.3.1\jre\bin\verify.dll

dbghelp: loaded successfully - version: 4.0.5 - missing functions: none
symbol engine: initialized successfully - sym options: 0x614 - pdb path: .;C:\Users\Admin\.katalon\packages\Katalon_Studio_Windows_64-9.3.1\Katalon_Studio_Windows_64-9.3.1\jre\bin;C:\WINDOWS\SYSTEM32;C:\WINDOWS\WinSxS\amd64_microsoft.windows.common-controls_6595b64144ccf1df_6.0.22621.3235_none_270f74e173860f98;C:\Users\Admin\.katalon\packages\Katalon_Studio_Windows_64-9.3.1\Katalon_Studio_Windows_64-9.3.1\jre\bin\server

VM Arguments:
jvm_args: -Dgroovy.home=C:\Users\Admin/.groovy -Djava.system.class.loader=groovy.lang.GroovyClassLoader -Xmx2048m -Dfile.encoding=UTF-8 -XX:+ShowCodeDetailsInExceptionMessages 
java_command: org.codehaus.groovy.tools.GroovyStarter --classpath C:\Users\Admin\Katalon Studio\Lab02\bin\keyword;C:\Users\Admin\Katalon Studio\Lab02\Keywords;C:\Users\Admin\Katalon Studio\Lab02\bin\listener;C:\Users\Admin\Katalon Studio\Lab02\Test Listeners;C:\Users\Admin\Katalon Studio\Lab02\bin\lib;C:\Users\Admin\Katalon Studio\Lab02\Libs;C:\Users\Admin\Katalon Studio\Lab02\bin\groovy;C:\Users\Admin\Katalon Studio\Lab02\Include\scripts\groovy;C:\Users\Admin\.katalon\packages\Katalon_Studio_Windows_64-9.3.1\Katalon_Studio_Windows_64-9.3.1\plugins\com.kms.katalon.core_1.0.0.202402280646.jar;C:\Users\Admin\.katalon\packages\Katalon_Studio_Windows_64-9.3.1\Katalon_Studio_Windows_64-9.3.1\configuration\resources\lib\aalto-xml-1.0.0.jar;C:\Users\Admin\.katalon\packages\Katalon_Studio_Windows_64-9.3.1\Katalon_Studio_Windows_64-9.3.1\configuration\resources\lib\aspectjweaver-1.9.1.jar;C:\Users\Admin\.katalon\packages\Katalon_Studio_Windows_64-9.3.1\Katalon_Studio_Windows_64-9.3.1\configuration\resources\lib\bcpkix-jdk15on-1.64.jar;C:\Users\Admin\.katalon\packages\Katalon_Studio_Windows_64-9.3.1\Katalon_Studio_Windows_64-9.3.1\configuration\resources\lib\bcprov-jdk15on-1.64.jar;C:\Users\Admin\.katalon\packages\Katalon_Studio_Windows_64-9.3.1\Katalon_Studio_Windows_64-9.3.1\configuration\resources\lib\browsermob-core-2.1.5.jar;C:\Users\Admin\.katalon\packages\Katalon_Studio_Windows_64-9.3.1\Katalon_Studio_Windows_64-9.3.1\configuration\resources\lib\cglib-3.2.10.jar;C:\Users\Admin\.katalon\packages\Katalon_Studio_Windows_64-9.3.1\Katalon_Studio_Windows_64-9.3.1\configuration\resources\lib\commons-codec-1.10.jar;C:\Users\Admin\.katalon\packages\Katalon_Studio_Windows_64-9.3.1\Katalon_Studio_Windows_64-9.3.1\configuration\resources\lib\commons-collections4-4.1.jar;C:\Users\Admin\.katalon\packages\Katalon_Studio_Windows_64-9.3.1\Katalon_Studio_Windows_64-9.3.1\configuration\resources\lib\commons-validator-1.6.jar;C:\Users\Admin\.katalon\packages\Katalon_Studio_Windows_64-9.
java_class_path (initial): C:\Users\Admin\Katalon Studio\Lab02\bin\keyword;C:\Users\Admin\Katalon Studio\Lab02\bin\listener;C:\Users\Admin\Katalon Studio\Lab02\bin\lib;C:\Users\Admin\Katalon Studio\Lab02\bin\groovy;C:\Users\Admin\Katalon Studio\Lab02\bin;C:\Users\Admin\.katalon\packages\Katalon_Studio_Windows_64-9.3.1\Katalon_Studio_Windows_64-9.3.1\plugins\com.kms.katalon.core_1.0.0.202402280646.jar;C:\Users\Admin\.katalon\packages\Katalon_Studio_Windows_64-9.3.1\Katalon_Studio_Windows_64-9.3.1\configuration\resources\lib\aalto-xml-1.0.0.jar;C:\Users\Admin\.katalon\packages\Katalon_Studio_Windows_64-9.3.1\Katalon_Studio_Windows_64-9.3.1\configuration\resources\lib\aspectjweaver-1.9.1.jar;C:\Users\Admin\.katalon\packages\Katalon_Studio_Windows_64-9.3.1\Katalon_Studio_Windows_64-9.3.1\configuration\resources\lib\bcpkix-jdk15on-1.64.jar;C:\Users\Admin\.katalon\packages\Katalon_Studio_Windows_64-9.3.1\Katalon_Studio_Windows_64-9.3.1\configuration\resources\lib\bcprov-jdk15on-1.64.jar;C:\Users\Admin\.katalon\packages\Katalon_Studio_Windows_64-9.3.1\Katalon_Studio_Windows_64-9.3.1\configuration\resources\lib\browsermob-core-2.1.5.jar;C:\Users\Admin\.katalon\packages\Katalon_Studio_Windows_64-9.3.1\Katalon_Studio_Windows_64-9.3.1\configuration\resources\lib\cglib-3.2.10.jar;C:\Users\Admin\.katalon\packages\Katalon_Studio_Windows_64-9.3.1\Katalon_Studio_Windows_64-9.3.1\configuration\resources\lib\commons-codec-1.10.jar;C:\Users\Admin\.katalon\packages\Katalon_Studio_Windows_64-9.3.1\Katalon_Studio_Windows_64-9.3.1\configuration\resources\lib\commons-collections4-4.1.jar;C:\Users\Admin\.katalon\packages\Katalon_Studio_Windows_64-9.3.1\Katalon_Studio_Windows_64-9.3.1\configuration\resources\lib\commons-validator-1.6.jar;C:\Users\Admin\.katalon\packages\Katalon_Studio_Windows_64-9.3.1\Katalon_Studio_Windows_64-9.3.1\configuration\resources\lib\curvesapi-1.04.jar;C:\Users\Admin\.katalon\packages\Katalon_Studio_Windows_64-9.3.1\Katalon_Studio_Windows_64-9.3.1\configuration\r
Launcher Type: SUN_STANDARD

[Global flags]
     intx CICompilerCount                          = 4                                         {product} {ergonomic}
     uint ConcGCThreads                            = 3                                         {product} {ergonomic}
     uint G1ConcRefinementThreads                  = 10                                        {product} {ergonomic}
   size_t G1HeapRegionSize                         = 1048576                                   {product} {ergonomic}
    uintx GCDrainStackTargetSize                   = 64                                        {product} {ergonomic}
   size_t InitialHeapSize                          = 130023424                                 {product} {ergonomic}
   size_t MarkStackSize                            = 4194304                                   {product} {ergonomic}
   size_t MaxHeapSize                              = 2147483648                                {product} {command line}
   size_t MaxNewSize                               = 1287651328                                {product} {ergonomic}
   size_t MinHeapDeltaBytes                        = 1048576                                   {product} {ergonomic}
   size_t MinHeapSize                              = 8388608                                   {product} {ergonomic}
    uintx NonNMethodCodeHeapSize                   = 5839372                                {pd product} {ergonomic}
    uintx NonProfiledCodeHeapSize                  = 122909434                              {pd product} {ergonomic}
    uintx ProfiledCodeHeapSize                     = 122909434                              {pd product} {ergonomic}
    uintx ReservedCodeCacheSize                    = 251658240                              {pd product} {ergonomic}
     bool SegmentedCodeCache                       = true                                      {product} {ergonomic}
     bool ShowCodeDetailsInExceptionMessages       = true                                   {manageable} {command line}
   size_t SoftMaxHeapSize                          = 2147483648                             {manageable} {ergonomic}
     bool UseCompressedClassPointers               = true                           {product lp64_product} {ergonomic}
     bool UseCompressedOops                        = true                           {product lp64_product} {ergonomic}
     bool UseG1GC                                  = true                                      {product} {ergonomic}
     bool UseLargePagesIndividualAllocation        = false                                  {pd product} {ergonomic}

Logging:
Log output configuration:
 #0: stdout all=warning uptime,level,tags
 #1: stderr all=off uptime,level,tags

Environment Variables:
PATH=C:/Users/Admin/.katalon/packages/Katalon_Studio_Windows_64-9.3.1/Katalon_Studio_Windows_64-9.3.1/jre/bin/server;C:/Users/Admin/.katalon/packages/Katalon_Studio_Windows_64-9.3.1/Katalon_Studio_Windows_64-9.3.1/jre/bin;C:\Program Files (x86)\Common Files\Oracle\Java\javapath;C:\Windows\system32;C:\Windows;C:\Windows\System32\Wbem;C:\Windows\System32\WindowsPowerShell\v1.0\;C:\Windows\System32\OpenSSH\;C:\Program Files (x86)\NVIDIA Corporation\PhysX\Common;C:\WINDOWS\system32;C:\WINDOWS;C:\WINDOWS\System32\Wbem;C:\WINDOWS\System32\WindowsPowerShell\v1.0\;C:\WINDOWS\System32\OpenSSH\;C:\MinGW\bin;C:\Program Files\dotnet\;C:\Program Files\Microsoft SQL Server\Client SDK\ODBC\170\Tools\Binn\;C:\Program Files (x86)\Microsoft SQL Server\150\Tools\Binn\;C:\Program Files\Microsoft SQL Server\150\Tools\Binn\;C:\Program Files\Microsoft SQL Server\150\DTS\Binn\;C:\Program Files (x86)\Microsoft SQL Server\150\DTS\Binn\;C:\Program Files\Azure Data Studio\bin;C:\WINDOWS\system32;C:\WINDOWS;C:\WINDOWS\System32\Wbem;C:\WINDOWS\System32\WindowsPowerShell\v1.0\;C:\WINDOWS\System32\OpenSSH\;C:\Program Files\Git\cmd;C:\Users\Admin\AppData\Roaming\nvm;C:\Program Files\nodejs;C:\Program Files\Java\jdk-19\bin;C:\Program Files\Java\jre1.8.0_351\bin;C:\Users\Admin\AppData\Local\Programs\Microsoft VS Code\bin;C:\Users\Admin\.dotnet\tools;C:\Users\Admin\AppData\Local\Microsoft\WindowsApps;C:\Users\Admin\AppData\Roaming\nvm;C:\Program Files\nodejs;C:\Users\Admin\.katalon\packages\Katalon_Studio_Windows_64-9.3.1\Katalon_Studio_Windows_64-9.3.1;
USERNAME=Thanh Phuong
OS=Windows_NT
PROCESSOR_IDENTIFIER=Intel64 Family 6 Model 141 Stepping 1, GenuineIntel
TMP=C:\Users\Admin\AppData\Local\Temp
TEMP=C:\Users\Admin\AppData\Local\Temp



---------------  S Y S T E M  ---------------

OS:
 Windows 11 , 64 bit Build 22621 (10.0.22621.3235)
OS uptime: 0 days 2:47 hours

CPU: total 12 (initial active 12) (6 cores per cpu, 2 threads per core) family 6 model 141 stepping 1 microcode 0x26, cx8, cmov, fxsr, ht, mmx, 3dnowpref, sse, sse2, sse3, ssse3, sse4.1, sse4.2, popcnt, lzcnt, tsc, tscinvbit, avx, avx2, aes, erms, clmul, bmi1, bmi2, adx, avx512f, avx512dq, avx512cd, avx512bw, avx512vl, sha, fma, vzeroupper, avx512_vpopcntdq, avx512_vpclmulqdq, avx512_vaes, avx512_vnni, clflush, clflushopt, clwb, avx512_vbmi2, avx512_vbmi

Memory: 4k page, system-wide physical 7893M (627M free)
TotalPageFile size 11989M (AvailPageFile size 10M)
current process WorkingSet (physical memory assigned to process): 249M, peak: 253M
current process commit charge ("private bytes"): 300M, peak: 316M

vm_info: OpenJDK 64-Bit Server VM (17.0.7+7) for windows-amd64 JRE (17.0.7+7), built on Apr 18 2023 22:10:42 by "temurin" with MS VC++ 16.7 (VS2019)

END.
